<?xml version="1.0" encoding="UTF-8"?>
<testsuites name="Saucedemo" time="13.003" tests="1" failures="0" errors="0">
   <testsuite name="Saucedemo" tests="1" failures="0" errors="0" time="13.003" skipped="0" timestamp="2023-06-07 14:44:13" hostname="kunj - SF-CPU-579" id="Test Suites/Saucedemo">
      <properties>
         <property name="deviceName" value=""/>
         <property name="devicePlatform" value=""/>
         <property name="logFolder" value="/home/kunj/git/KatalonTest/Reports/20230607_144409/Saucedemo/20230607_144410"/>
         <property name="logFiles" value="/home/kunj/git/KatalonTest/Reports/20230607_144409/Saucedemo/20230607_144410/execution0.log"/>
         <property name="attachments" value=""/>
         <property name="hostName" value="kunj - SF-CPU-579"/>
         <property name="os" value="Linux 64bit"/>
         <property name="katalonVersion" value="8.6.5.208"/>
         <property name="browser" value="Chrome 110.0.0.0"/>
         <property name="hostAddress" value="127.0.1.1"/>
         <property name="sessionId" value="81469005b77058e714ebc972a8dbc7a0"/>
         <property name="seleniumVersion" value="3.141.59"/>
         <property name="proxyInformation" value="ProxyInformation { proxyOption=NO_PROXY, proxyServerType=HTTP, username=, password=********, proxyServerAddress=, proxyServerPort=0, executionList=&quot;&quot;, isApplyToDesiredCapabilities=true }"/>
         <property name="platform" value="Linux"/>
      </properties>
      <testcase name="Test Cases/Day-2/Saucedemo/Saucedemo_Addtocart" time="12.848" classname="Test Cases/Day-2/Saucedemo/Saucedemo_Addtocart" status="PASSED">
         <system-out><![CDATA[2023-06-07 14:44:14 - [TEST_CASE][PASSED] - Test Cases/Day-2/Saucedemo/Saucedemo_Addtocart: Test Cases/Day-2/Saucedemo/Saucedemo_Addtocart

2023-06-07 14:44:14 - [TEST_STEP][PASSED] - Start listener action : sampleBeforeTestCase: Navigate to 'https://www.saucedemo.com/' successfully

2023-06-07 14:44:14 - [TEST_STEP][PASSED] - openBrowser(""): Browser is opened with url: ''

2023-06-07 14:44:14 - [MESSAGE][INFO] - Starting 'Chrome' driver

2023-06-07 14:44:14 - [MESSAGE][INFO] - Action delay is set to 0 milliseconds

2023-06-07 14:44:15 - [MESSAGE][PASSED] - Browser is opened with url: ''

2023-06-07 14:44:15 - [TEST_STEP][PASSED] - navigateToUrl(Saucedemo): Navigate to 'https://www.saucedemo.com/' successfully

2023-06-07 14:44:16 - [MESSAGE][PASSED] - Navigate to 'https://www.saucedemo.com/' successfully

2023-06-07 14:44:16 - [TEST_STEP][PASSED] - openBrowser(""): Browser is opened with url: ''

2023-06-07 14:44:16 - [MESSAGE][WARNING] - A browser is already opened. Closing browser and opening a new one

2023-06-07 14:44:16 - [MESSAGE][INFO] - Starting 'Chrome' driver

2023-06-07 14:44:16 - [MESSAGE][INFO] - Action delay is set to 0 milliseconds

2023-06-07 14:44:16 - [MESSAGE][PASSED] - Browser is opened with url: ''

2023-06-07 14:44:16 - [TEST_STEP][PASSED] - navigateToUrl(Saucedemo): Navigate to 'https://www.saucedemo.com/' successfully

2023-06-07 14:44:17 - [MESSAGE][PASSED] - Navigate to 'https://www.saucedemo.com/' successfully

2023-06-07 14:44:17 - [TEST_STEP][PASSED] - com.Saucedemo_Login.Login(): com.Saucedemo_Login.Login is PASSED

2023-06-07 14:44:18 - [MESSAGE][PASSED] - Text 'standard_user' is set on object 'Object Repository/Day-2/SauceDemo/Page_Swag Labs/input_Swag Labs_user-name'

2023-06-07 14:44:18 - [MESSAGE][PASSED] - Text ****** has been set on object 'Object Repository/Day-2/SauceDemo/Page_Swag Labs/input_Swag Labs_password'

2023-06-07 14:44:19 - [MESSAGE][PASSED] - Object: 'Object Repository/Day-2/SauceDemo/Page_Swag Labs/input_Swag Labs_login-button' is clicked on

2023-06-07 14:44:19 - [MESSAGE][PASSED] - com.Saucedemo_Login.Login is PASSED

2023-06-07 14:44:19 - [TEST_STEP][PASSED] - click(findTestObject("Object Repository/Day-2/SauceDemo/Page_Swag Labs/button_Add to cart")): Object: 'Object Repository/Day-2/SauceDemo/Page_Swag Labs/button_Add to cart' is clicked on

2023-06-07 14:44:19 - [MESSAGE][PASSED] - Object: 'Object Repository/Day-2/SauceDemo/Page_Swag Labs/button_Add to cart' is clicked on

2023-06-07 14:44:19 - [TEST_STEP][PASSED] - click(findTestObject("Object Repository/Day-2/SauceDemo/Page_Swag Labs/button_Add to cart_1")): Object: 'Object Repository/Day-2/SauceDemo/Page_Swag Labs/button_Add to cart_1' is clicked on

2023-06-07 14:44:20 - [MESSAGE][PASSED] - Object: 'Object Repository/Day-2/SauceDemo/Page_Swag Labs/button_Add to cart_1' is clicked on

2023-06-07 14:44:20 - [TEST_STEP][PASSED] - click(findTestObject("Object Repository/Day-2/SauceDemo/Page_Swag Labs/a_2")): Object: 'Object Repository/Day-2/SauceDemo/Page_Swag Labs/a_2' is clicked on

2023-06-07 14:44:21 - [MESSAGE][PASSED] - Object: 'Object Repository/Day-2/SauceDemo/Page_Swag Labs/a_2' is clicked on

2023-06-07 14:44:21 - [TEST_STEP][PASSED] - click(findTestObject("Object Repository/Day-2/SauceDemo/Page_Swag Labs/button_Remove")): Object: 'Object Repository/Day-2/SauceDemo/Page_Swag Labs/button_Remove' is clicked on

2023-06-07 14:44:21 - [MESSAGE][PASSED] - Object: 'Object Repository/Day-2/SauceDemo/Page_Swag Labs/button_Remove' is clicked on

2023-06-07 14:44:21 - [TEST_STEP][PASSED] - click(findTestObject("Object Repository/Day-2/SauceDemo/Page_Swag Labs/button_Checkout")): Object: 'Object Repository/Day-2/SauceDemo/Page_Swag Labs/button_Checkout' is clicked on

2023-06-07 14:44:22 - [MESSAGE][PASSED] - Object: 'Object Repository/Day-2/SauceDemo/Page_Swag Labs/button_Checkout' is clicked on

2023-06-07 14:44:22 - [TEST_STEP][PASSED] - setText(findTestObject("Object Repository/Day-2/SauceDemo/Page_Swag Labs/input_Checkout Your Information_firstName"), Firstname): Text 'Kunj' is set on object 'Object Repository/Day-2/SauceDemo/Page_Swag Labs/input_Checkout Your Information_firstName'

2023-06-07 14:44:23 - [MESSAGE][PASSED] - Text 'Kunj' is set on object 'Object Repository/Day-2/SauceDemo/Page_Swag Labs/input_Checkout Your Information_firstName'

2023-06-07 14:44:23 - [TEST_STEP][PASSED] - setText(findTestObject("Object Repository/Day-2/SauceDemo/Page_Swag Labs/input_Checkout Your Information_lastName"), Lastname): Text 'Patel' is set on object 'Object Repository/Day-2/SauceDemo/Page_Swag Labs/input_Checkout Your Information_lastName'

2023-06-07 14:44:24 - [MESSAGE][PASSED] - Text 'Patel' is set on object 'Object Repository/Day-2/SauceDemo/Page_Swag Labs/input_Checkout Your Information_lastName'

2023-06-07 14:44:24 - [TEST_STEP][PASSED] - setText(findTestObject("Object Repository/Day-2/SauceDemo/Page_Swag Labs/input_Checkout Your Information_postalCode"), Pincode): Text '360004' is set on object 'Object Repository/Day-2/SauceDemo/Page_Swag Labs/input_Checkout Your Information_postalCode'

2023-06-07 14:44:25 - [MESSAGE][PASSED] - Text '360004' is set on object 'Object Repository/Day-2/SauceDemo/Page_Swag Labs/input_Checkout Your Information_postalCode'

2023-06-07 14:44:25 - [TEST_STEP][PASSED] - click(findTestObject("Object Repository/Day-2/SauceDemo/Page_Swag Labs/input_Cancel_continue")): Object: 'Object Repository/Day-2/SauceDemo/Page_Swag Labs/input_Cancel_continue' is clicked on

2023-06-07 14:44:25 - [MESSAGE][PASSED] - Object: 'Object Repository/Day-2/SauceDemo/Page_Swag Labs/input_Cancel_continue' is clicked on

2023-06-07 14:44:25 - [TEST_STEP][PASSED] - click(findTestObject("Object Repository/Day-2/SauceDemo/Page_Swag Labs/button_Finish")): Object: 'Object Repository/Day-2/SauceDemo/Page_Swag Labs/button_Finish' is clicked on

2023-06-07 14:44:26 - [MESSAGE][PASSED] - Object: 'Object Repository/Day-2/SauceDemo/Page_Swag Labs/button_Finish' is clicked on

2023-06-07 14:44:26 - [TEST_STEP][PASSED] - click(findTestObject("Object Repository/Day-2/SauceDemo/Page_Swag Labs/button_Back Home")): Object: 'Object Repository/Day-2/SauceDemo/Page_Swag Labs/button_Back Home' is clicked on

2023-06-07 14:44:26 - [MESSAGE][PASSED] - Object: 'Object Repository/Day-2/SauceDemo/Page_Swag Labs/button_Back Home' is clicked on

2023-06-07 14:44:26 - [TEST_STEP][PASSED] - closeBrowser(): Browser is closed

2023-06-07 14:44:26 - [MESSAGE][PASSED] - Browser is closed

2023-06-07 14:44:26 - [TEST_STEP][PASSED] - Start listener action : sampleAfterTestCase: Browser is closed

2023-06-07 14:44:26 - [TEST_STEP][PASSED] - closeBrowser(): Browser is closed

2023-06-07 14:44:26 - [MESSAGE][PASSED] - Browser is closed]]></system-out>
         <system-err><![CDATA[]]></system-err>
      </testcase>
      <system-out><![CDATA[2023-06-07 14:44:13 - [TEST_SUITE][PASSED] - Saucedemo: Test Cases/Day-2/Saucedemo/Saucedemo_Addtocart]]></system-out>
      <system-err><![CDATA[]]></system-err>
   </testsuite>
</testsuites>
