<?xml version="1.0" encoding="UTF-8"?>
<testsuites name="Saucedemo" time="103.066" tests="2" failures="0" errors="0">
   <testsuite name="Saucedemo" tests="2" failures="0" errors="0" time="103.066" skipped="0" timestamp="2023-06-08 15:36:33" hostname="kunj - SF-CPU-579" id="Test Suites/Saucedemo">
      <properties>
         <property name="deviceName" value=""/>
         <property name="devicePlatform" value=""/>
         <property name="logFolder" value="/home/kunj/git/KatalonTest/Reports/20230608_153632/Saucedemo/20230608_153632"/>
         <property name="logFiles" value="/home/kunj/git/KatalonTest/Reports/20230608_153632/Saucedemo/20230608_153632/execution0.log"/>
         <property name="attachments" value=""/>
         <property name="hostName" value="kunj - SF-CPU-579"/>
         <property name="os" value="Linux 64bit"/>
         <property name="katalonVersion" value="8.6.5.208"/>
         <property name="browser" value="Chrome 110.0.0.0"/>
         <property name="hostAddress" value="127.0.1.1"/>
         <property name="sessionId" value="2387a9e7c386b711823c7d342a9794fd"/>
         <property name="seleniumVersion" value="3.141.59"/>
         <property name="proxyInformation" value="ProxyInformation { proxyOption=NO_PROXY, proxyServerType=HTTP, username=, password=********, proxyServerAddress=, proxyServerPort=0, executionList=&quot;&quot;, isApplyToDesiredCapabilities=true }"/>
         <property name="platform" value="Linux"/>
      </properties>
      <testcase name="Test Cases/Day-2/Saucedemo/Saucedemo_Request_Demosite" time="72.009" classname="Test Cases/Day-2/Saucedemo/Saucedemo_Request_Demosite" status="PASSED">
         <system-out><![CDATA[2023-06-08 15:36:34 - [TEST_CASE][PASSED] - Test Cases/Day-2/Saucedemo/Saucedemo_Request_Demosite: Test Cases/Day-2/Saucedemo/Saucedemo_Request_Demosite

2023-06-08 15:36:34 - [TEST_STEP][PASSED] - Start listener action : sampleBeforeTestCase: Navigate to 'https://www.saucedemo.com/' successfully

2023-06-08 15:36:34 - [TEST_STEP][PASSED] - openBrowser(""): Browser is opened with url: ''

2023-06-08 15:36:34 - [MESSAGE][INFO] - Starting 'Chrome' driver

2023-06-08 15:36:34 - [MESSAGE][INFO] - Action delay is set to 0 milliseconds

2023-06-08 15:36:35 - [MESSAGE][PASSED] - Browser is opened with url: ''

2023-06-08 15:36:35 - [TEST_STEP][PASSED] - navigateToUrl(Saucedemo): Navigate to 'https://www.saucedemo.com/' successfully

2023-06-08 15:36:35 - [MESSAGE][PASSED] - Navigate to 'https://www.saucedemo.com/' successfully

2023-06-08 15:36:36 - [TEST_STEP][PASSED] - openBrowser(""): Browser is opened with url: ''

2023-06-08 15:36:36 - [MESSAGE][WARNING] - A browser is already opened. Closing browser and opening a new one

2023-06-08 15:36:36 - [MESSAGE][INFO] - Starting 'Chrome' driver

2023-06-08 15:36:36 - [MESSAGE][INFO] - Action delay is set to 0 milliseconds

2023-06-08 15:36:36 - [MESSAGE][PASSED] - Browser is opened with url: ''

2023-06-08 15:36:36 - [TEST_STEP][PASSED] - navigateToUrl(Saucedemo): Navigate to 'https://www.saucedemo.com/' successfully

2023-06-08 15:36:37 - [MESSAGE][PASSED] - Navigate to 'https://www.saucedemo.com/' successfully

2023-06-08 15:36:37 - [TEST_STEP][PASSED] - com.Saucedemo_Login.Login("Object Repository/Day-2/SauceDemo/Page_Swag Labs/input_Swag Labs_user-name", EndUser, "Object Repository/Day-2/SauceDemo/Page_Swag Labs/input_Swag Labs_password", Password, "Object Repository/Day-2/SauceDemo/Page_Swag Labs/input_Swag Labs_login-button"): com.Saucedemo_Login.Login is PASSED

2023-06-08 15:36:38 - [MESSAGE][PASSED] - Text 'standard_user' is set on object 'Object Repository/Day-2/SauceDemo/Page_Swag Labs/input_Swag Labs_user-name'

2023-06-08 15:36:39 - [MESSAGE][PASSED] - Text 'secret_sauce' is set on object 'Object Repository/Day-2/SauceDemo/Page_Swag Labs/input_Swag Labs_password'

2023-06-08 15:36:39 - [MESSAGE][PASSED] - Object: 'Object Repository/Day-2/SauceDemo/Page_Swag Labs/input_Swag Labs_login-button' is clicked on

2023-06-08 15:36:39 - [MESSAGE][PASSED] - com.Saucedemo_Login.Login is PASSED

2023-06-08 15:36:39 - [TEST_STEP][PASSED] - delay(2): Delayed 2 second(s)

2023-06-08 15:36:41 - [MESSAGE][PASSED] - Delayed 2 second(s)

2023-06-08 15:36:41 - [TEST_STEP][PASSED] - verifyElementNotPresent(findTestObject("Object Repository/Day-2/SauceDemo/Page_Swag Labs/input_Swag Labs_login-button"), 1): Web element with id: 'Object Repository/Day-2/SauceDemo/Page_Swag Labs/input_Swag Labs_login-button' located by 'By.xpath: //input[@id='login-button']' is not present after '1' second(s)

2023-06-08 15:36:41 - [MESSAGE][PASSED] - Web element with id: 'Object Repository/Day-2/SauceDemo/Page_Swag Labs/input_Swag Labs_login-button' located by 'By.xpath: //input[@id='login-button']' is not present after '1' second(s)

2023-06-08 15:36:41 - [TEST_STEP][PASSED] - click(findTestObject("Object Repository/Day-2/SauceDemo/Page_Swag Labs/button_Open Menu")): Object: 'Object Repository/Day-2/SauceDemo/Page_Swag Labs/button_Open Menu' is clicked on

2023-06-08 15:36:42 - [MESSAGE][PASSED] - Object: 'Object Repository/Day-2/SauceDemo/Page_Swag Labs/button_Open Menu' is clicked on

2023-06-08 15:36:42 - [TEST_STEP][PASSED] - click(findTestObject("Object Repository/Day-2/SauceDemo/Page_Swag Labs/a_About")): Object: 'Object Repository/Day-2/SauceDemo/Page_Swag Labs/a_About' is clicked on

2023-06-08 15:36:50 - [MESSAGE][PASSED] - Object: 'Object Repository/Day-2/SauceDemo/Page_Swag Labs/a_About' is clicked on

2023-06-08 15:36:50 - [TEST_STEP][PASSED] - click(findTestObject("Object Repository/Day-2/SauceDemo/Page_Sauce Labs Cross Browser Testing, Sele_e8ee84/button_Request a demo")): Object: 'Object Repository/Day-2/SauceDemo/Page_Sauce Labs Cross Browser Testing, Sele_e8ee84/button_Request a demo' is clicked on

2023-06-08 15:36:52 - [MESSAGE][PASSED] - Object: 'Object Repository/Day-2/SauceDemo/Page_Sauce Labs Cross Browser Testing, Sele_e8ee84/button_Request a demo' is clicked on

2023-06-08 15:36:52 - [TEST_STEP][PASSED] - setText(findTestObject("Day-2/SauceDemo/Page_Request a Sauce Labs Demo/input__FirstName"), Firstname): Text 'Kunj' is set on object 'Object Repository/Day-2/SauceDemo/Page_Request a Sauce Labs Demo/input__FirstName'

2023-06-08 15:37:01 - [MESSAGE][PASSED] - Text 'Kunj' is set on object 'Object Repository/Day-2/SauceDemo/Page_Request a Sauce Labs Demo/input__FirstName'

2023-06-08 15:37:01 - [TEST_STEP][PASSED] - verifyElementAttributeValue(findTestObject("Day-2/SauceDemo/Page_Request a Sauce Labs Demo/input__FirstName"), "value", Firstname, 1): Object 'Object Repository/Day-2/SauceDemo/Page_Request a Sauce Labs Demo/input__FirstName' has attribute 'value' with value 'Kunj'

2023-06-08 15:37:03 - [MESSAGE][PASSED] - Object 'Object Repository/Day-2/SauceDemo/Page_Request a Sauce Labs Demo/input__FirstName' has attribute 'value' with value 'Kunj'

2023-06-08 15:37:03 - [TEST_STEP][PASSED] - setText(findTestObject("Object Repository/Day-2/SauceDemo/Page_Request a Sauce Labs Demo/input__LastName"), Lastname): Text 'Patel' is set on object 'Object Repository/Day-2/SauceDemo/Page_Request a Sauce Labs Demo/input__LastName'

2023-06-08 15:37:04 - [MESSAGE][PASSED] - Text 'Patel' is set on object 'Object Repository/Day-2/SauceDemo/Page_Request a Sauce Labs Demo/input__LastName'

2023-06-08 15:37:04 - [TEST_STEP][PASSED] - verifyElementAttributeValue(findTestObject("Object Repository/Day-2/SauceDemo/Page_Request a Sauce Labs Demo/input__LastName"), "value", Lastname, 1): Object 'Object Repository/Day-2/SauceDemo/Page_Request a Sauce Labs Demo/input__LastName' has attribute 'value' with value 'Patel'

2023-06-08 15:37:04 - [MESSAGE][PASSED] - Object 'Object Repository/Day-2/SauceDemo/Page_Request a Sauce Labs Demo/input__LastName' has attribute 'value' with value 'Patel'

2023-06-08 15:37:04 - [TEST_STEP][PASSED] - setText(findTestObject("Object Repository/Day-2/SauceDemo/Page_Request a Sauce Labs Demo/input__Email"), Email1): Text 'kunjpt2002@gmail.com' is set on object 'Object Repository/Day-2/SauceDemo/Page_Request a Sauce Labs Demo/input__Email'

2023-06-08 15:37:05 - [MESSAGE][PASSED] - Text 'kunjpt2002@gmail.com' is set on object 'Object Repository/Day-2/SauceDemo/Page_Request a Sauce Labs Demo/input__Email'

2023-06-08 15:37:05 - [TEST_STEP][PASSED] - verifyElementAttributeValue(findTestObject("Object Repository/Day-2/SauceDemo/Page_Request a Sauce Labs Demo/input__Email"), "value", Email1, 1): Object 'Object Repository/Day-2/SauceDemo/Page_Request a Sauce Labs Demo/input__Email' has attribute 'value' with value 'kunjpt2002@gmail.com'

2023-06-08 15:37:06 - [MESSAGE][PASSED] - Object 'Object Repository/Day-2/SauceDemo/Page_Request a Sauce Labs Demo/input__Email' has attribute 'value' with value 'kunjpt2002@gmail.com'

2023-06-08 15:37:06 - [TEST_STEP][PASSED] - setText(findTestObject("Object Repository/Day-2/SauceDemo/Page_Request a Sauce Labs Demo/input__Company"), Company): Text 'Simform' is set on object 'Object Repository/Day-2/SauceDemo/Page_Request a Sauce Labs Demo/input__Company'

2023-06-08 15:37:07 - [MESSAGE][PASSED] - Text 'Simform' is set on object 'Object Repository/Day-2/SauceDemo/Page_Request a Sauce Labs Demo/input__Company'

2023-06-08 15:37:07 - [TEST_STEP][PASSED] - verifyElementAttributeValue(findTestObject("Object Repository/Day-2/SauceDemo/Page_Request a Sauce Labs Demo/input__Company"), "value", Company, 1): Object 'Object Repository/Day-2/SauceDemo/Page_Request a Sauce Labs Demo/input__Company' has attribute 'value' with value 'Simform'

2023-06-08 15:37:07 - [MESSAGE][PASSED] - Object 'Object Repository/Day-2/SauceDemo/Page_Request a Sauce Labs Demo/input__Company' has attribute 'value' with value 'Simform'

2023-06-08 15:37:07 - [TEST_STEP][PASSED] - selectOptionByValue(findTestObject("Object Repository/Day-2/SauceDemo/Page_Request a Sauce Labs Demo/select_Select.AfghanistanAlbaniaAlgeriaAndo_2e5989"), "India", true): All options with value 'India' are selected in object 'Object Repository/Day-2/SauceDemo/Page_Request a Sauce Labs Demo/select_Select.AfghanistanAlbaniaAlgeriaAndo_2e5989'  using regular expression

2023-06-08 15:37:10 - [MESSAGE][PASSED] - All options with value 'India' are selected in object 'Object Repository/Day-2/SauceDemo/Page_Request a Sauce Labs Demo/select_Select.AfghanistanAlbaniaAlgeriaAndo_2e5989'  using regular expression

2023-06-08 15:37:10 - [TEST_STEP][PASSED] - verifyElementAttributeValue(findTestObject("Object Repository/Day-2/SauceDemo/Page_Request a Sauce Labs Demo/select_Select.AfghanistanAlbaniaAlgeriaAndo_2e5989"), "value", "India", 1): Object 'Object Repository/Day-2/SauceDemo/Page_Request a Sauce Labs Demo/select_Select.AfghanistanAlbaniaAlgeriaAndo_2e5989' has attribute 'value' with value 'India'

2023-06-08 15:37:10 - [MESSAGE][PASSED] - Object 'Object Repository/Day-2/SauceDemo/Page_Request a Sauce Labs Demo/select_Select.AfghanistanAlbaniaAlgeriaAndo_2e5989' has attribute 'value' with value 'India'

2023-06-08 15:37:10 - [TEST_STEP][PASSED] - setText(findTestObject("Object Repository/Day-2/SauceDemo/Page_Request a Sauce Labs Demo/input__Phone"), Phonenumber): Text '1234567890' is set on object 'Object Repository/Day-2/SauceDemo/Page_Request a Sauce Labs Demo/input__Phone'

2023-06-08 15:37:11 - [MESSAGE][PASSED] - Text '1234567890' is set on object 'Object Repository/Day-2/SauceDemo/Page_Request a Sauce Labs Demo/input__Phone'

2023-06-08 15:37:11 - [TEST_STEP][PASSED] - verifyElementAttributeValue(findTestObject("Object Repository/Day-2/SauceDemo/Page_Request a Sauce Labs Demo/input__Phone"), "value", Phonenumber, 1): Object 'Object Repository/Day-2/SauceDemo/Page_Request a Sauce Labs Demo/input__Phone' has attribute 'value' with value '1234567890'

2023-06-08 15:37:13 - [MESSAGE][PASSED] - Object 'Object Repository/Day-2/SauceDemo/Page_Request a Sauce Labs Demo/input__Phone' has attribute 'value' with value '1234567890'

2023-06-08 15:37:13 - [TEST_STEP][PASSED] - selectOptionByValue(findTestObject("Object Repository/Day-2/SauceDemo/Page_Request a Sauce Labs Demo/select_Select.Sauce Cross-BrowserSauce Mobi_6b7086"), "Cross-Browser Testing", true): All options with value 'Cross-Browser Testing' are selected in object 'Object Repository/Day-2/SauceDemo/Page_Request a Sauce Labs Demo/select_Select.Sauce Cross-BrowserSauce Mobi_6b7086'  using regular expression

2023-06-08 15:37:14 - [MESSAGE][PASSED] - All options with value 'Cross-Browser Testing' are selected in object 'Object Repository/Day-2/SauceDemo/Page_Request a Sauce Labs Demo/select_Select.Sauce Cross-BrowserSauce Mobi_6b7086'  using regular expression

2023-06-08 15:37:14 - [TEST_STEP][PASSED] - verifyElementAttributeValue(findTestObject("Object Repository/Day-2/SauceDemo/Page_Request a Sauce Labs Demo/select_Select.Sauce Cross-BrowserSauce Mobi_6b7086"), "value", "Cross-Browser Testing", 0): Object 'Object Repository/Day-2/SauceDemo/Page_Request a Sauce Labs Demo/select_Select.Sauce Cross-BrowserSauce Mobi_6b7086' has attribute 'value' with value 'Cross-Browser Testing'

2023-06-08 15:37:14 - [MESSAGE][WARNING] - Timeout '0' is invalid. Using default page load timeout: '30'

2023-06-08 15:37:15 - [MESSAGE][PASSED] - Object 'Object Repository/Day-2/SauceDemo/Page_Request a Sauce Labs Demo/select_Select.Sauce Cross-BrowserSauce Mobi_6b7086' has attribute 'value' with value 'Cross-Browser Testing'

2023-06-08 15:37:15 - [TEST_STEP][PASSED] - setText(findTestObject("Object Repository/Day-2/SauceDemo/Page_Request a Sauce Labs Demo/textarea__Sales_Contact_Comments__c"), "none"): Text 'none' is set on object 'Object Repository/Day-2/SauceDemo/Page_Request a Sauce Labs Demo/textarea__Sales_Contact_Comments__c'

2023-06-08 15:37:16 - [MESSAGE][PASSED] - Text 'none' is set on object 'Object Repository/Day-2/SauceDemo/Page_Request a Sauce Labs Demo/textarea__Sales_Contact_Comments__c'

2023-06-08 15:37:16 - [TEST_STEP][PASSED] - click(findTestObject("Object Repository/Day-2/SauceDemo/Page_Request a Sauce Labs Demo/label_Please check this box if youd like to_15e628")): Object: 'Object Repository/Day-2/SauceDemo/Page_Request a Sauce Labs Demo/label_Please check this box if youd like to_15e628' is clicked on

2023-06-08 15:37:16 - [MESSAGE][PASSED] - Object: 'Object Repository/Day-2/SauceDemo/Page_Request a Sauce Labs Demo/label_Please check this box if youd like to_15e628' is clicked on

2023-06-08 15:37:16 - [TEST_STEP][PASSED] - click(findTestObject("Object Repository/Day-2/SauceDemo/Page_Request a Sauce Labs Demo/button_Submit")): Object: 'Object Repository/Day-2/SauceDemo/Page_Request a Sauce Labs Demo/button_Submit' is clicked on

2023-06-08 15:37:17 - [MESSAGE][PASSED] - Object: 'Object Repository/Day-2/SauceDemo/Page_Request a Sauce Labs Demo/button_Submit' is clicked on

2023-06-08 15:37:17 - [TEST_STEP][PASSED] - click(findTestObject("Object Repository/Day-2/SauceDemo/Page_Request a Sauce Labs Demo/span_Company details")): Object: 'Object Repository/Day-2/SauceDemo/Page_Request a Sauce Labs Demo/span_Company details' is clicked on

2023-06-08 15:37:36 - [MESSAGE][PASSED] - Object: 'Object Repository/Day-2/SauceDemo/Page_Request a Sauce Labs Demo/span_Company details' is clicked on

2023-06-08 15:37:36 - [TEST_STEP][PASSED] - setText(findTestObject("Object Repository/Day-2/SauceDemo/Page_Request a Sauce Labs Demo/input__Email"), Email2): Text 'kunj.k@simformsolutions.com' is set on object 'Object Repository/Day-2/SauceDemo/Page_Request a Sauce Labs Demo/input__Email'

2023-06-08 15:37:37 - [MESSAGE][PASSED] - Text 'kunj.k@simformsolutions.com' is set on object 'Object Repository/Day-2/SauceDemo/Page_Request a Sauce Labs Demo/input__Email'

2023-06-08 15:37:37 - [TEST_STEP][PASSED] - verifyElementAttributeValue(findTestObject("Object Repository/Day-2/SauceDemo/Page_Request a Sauce Labs Demo/input__Email"), "value", Email2, 0): Object 'Object Repository/Day-2/SauceDemo/Page_Request a Sauce Labs Demo/input__Email' has attribute 'value' with value 'kunj.k@simformsolutions.com'

2023-06-08 15:37:37 - [MESSAGE][WARNING] - Timeout '0' is invalid. Using default page load timeout: '30'

2023-06-08 15:37:38 - [MESSAGE][PASSED] - Object 'Object Repository/Day-2/SauceDemo/Page_Request a Sauce Labs Demo/input__Email' has attribute 'value' with value 'kunj.k@simformsolutions.com'

2023-06-08 15:37:38 - [TEST_STEP][PASSED] - click(findTestObject("Object Repository/Day-2/SauceDemo/Page_Request a Sauce Labs Demo/button_Submit")): Object: 'Object Repository/Day-2/SauceDemo/Page_Request a Sauce Labs Demo/button_Submit' is clicked on

2023-06-08 15:37:38 - [MESSAGE][PASSED] - Object: 'Object Repository/Day-2/SauceDemo/Page_Request a Sauce Labs Demo/button_Submit' is clicked on

2023-06-08 15:37:38 - [TEST_STEP][PASSED] - delay(5): Delayed 5 second(s)

2023-06-08 15:37:43 - [MESSAGE][PASSED] - Delayed 5 second(s)

2023-06-08 15:37:43 - [TEST_STEP][PASSED] - verifyTextPresent("Thank you for your request.", false): Text 'Thank you for your request.' is present on page 

2023-06-08 15:37:44 - [MESSAGE][PASSED] - Text 'Thank you for your request.' is present on page 

2023-06-08 15:37:44 - [TEST_STEP][PASSED] - delay(2): Delayed 2 second(s)

2023-06-08 15:37:46 - [MESSAGE][PASSED] - Delayed 2 second(s)

2023-06-08 15:37:46 - [TEST_STEP][PASSED] - closeBrowser(): Browser is closed

2023-06-08 15:37:46 - [MESSAGE][PASSED] - Browser is closed

2023-06-08 15:37:46 - [TEST_STEP][PASSED] - Start listener action : sampleAfterTestCase: Browser is closed

2023-06-08 15:37:46 - [TEST_STEP][PASSED] - closeBrowser(): Browser is closed

2023-06-08 15:37:46 - [MESSAGE][PASSED] - Browser is closed]]></system-out>
         <system-err><![CDATA[]]></system-err>
      </testcase>
      <testcase name="Test Cases/Day-2/Saucedemo/Saucedemo_Addtocart" time="30.903" classname="Test Cases/Day-2/Saucedemo/Saucedemo_Addtocart" status="PASSED">
         <system-out><![CDATA[2023-06-08 15:37:46 - [TEST_CASE][PASSED] - Test Cases/Day-2/Saucedemo/Saucedemo_Addtocart: Test Cases/Day-2/Saucedemo/Saucedemo_Addtocart

2023-06-08 15:37:46 - [TEST_STEP][PASSED] - Start listener action : sampleBeforeTestCase: Navigate to 'https://www.saucedemo.com/' successfully

2023-06-08 15:37:46 - [TEST_STEP][PASSED] - openBrowser(""): Browser is opened with url: ''

2023-06-08 15:37:46 - [MESSAGE][INFO] - Starting 'Chrome' driver

2023-06-08 15:37:46 - [MESSAGE][INFO] - Action delay is set to 0 milliseconds

2023-06-08 15:37:46 - [MESSAGE][PASSED] - Browser is opened with url: ''

2023-06-08 15:37:46 - [TEST_STEP][PASSED] - navigateToUrl(Saucedemo): Navigate to 'https://www.saucedemo.com/' successfully

2023-06-08 15:37:52 - [MESSAGE][PASSED] - Navigate to 'https://www.saucedemo.com/' successfully

2023-06-08 15:37:52 - [TEST_STEP][PASSED] - openBrowser(""): Browser is opened with url: ''

2023-06-08 15:37:52 - [MESSAGE][WARNING] - A browser is already opened. Closing browser and opening a new one

2023-06-08 15:37:52 - [MESSAGE][INFO] - Starting 'Chrome' driver

2023-06-08 15:37:52 - [MESSAGE][INFO] - Action delay is set to 0 milliseconds

2023-06-08 15:37:52 - [MESSAGE][PASSED] - Browser is opened with url: ''

2023-06-08 15:37:52 - [TEST_STEP][PASSED] - navigateToUrl(Saucedemo): Navigate to 'https://www.saucedemo.com/' successfully

2023-06-08 15:37:58 - [MESSAGE][PASSED] - Navigate to 'https://www.saucedemo.com/' successfully

2023-06-08 15:37:58 - [TEST_STEP][PASSED] - com.Saucedemo_Login.Login("Object Repository/Day-2/SauceDemo/Page_Swag Labs/input_Swag Labs_user-name", EndUser, "Object Repository/Day-2/SauceDemo/Page_Swag Labs/input_Swag Labs_password", Password, "Object Repository/Day-2/SauceDemo/Page_Swag Labs/input_Swag Labs_login-button"): com.Saucedemo_Login.Login is PASSED

2023-06-08 15:37:58 - [MESSAGE][PASSED] - Text 'standard_user' is set on object 'Object Repository/Day-2/SauceDemo/Page_Swag Labs/input_Swag Labs_user-name'

2023-06-08 15:37:59 - [MESSAGE][PASSED] - Text 'secret_sauce' is set on object 'Object Repository/Day-2/SauceDemo/Page_Swag Labs/input_Swag Labs_password'

2023-06-08 15:38:00 - [MESSAGE][PASSED] - Object: 'Object Repository/Day-2/SauceDemo/Page_Swag Labs/input_Swag Labs_login-button' is clicked on

2023-06-08 15:38:00 - [MESSAGE][PASSED] - com.Saucedemo_Login.Login is PASSED

2023-06-08 15:38:00 - [TEST_STEP][PASSED] - click(findTestObject("Object Repository/Day-2/SauceDemo/Page_Swag Labs/button_Add to cart")): Object: 'Object Repository/Day-2/SauceDemo/Page_Swag Labs/button_Add to cart' is clicked on

2023-06-08 15:38:00 - [MESSAGE][PASSED] - Object: 'Object Repository/Day-2/SauceDemo/Page_Swag Labs/button_Add to cart' is clicked on

2023-06-08 15:38:00 - [TEST_STEP][PASSED] - click(findTestObject("Object Repository/Day-2/SauceDemo/Page_Swag Labs/button_Add to cart_1")): Object: 'Object Repository/Day-2/SauceDemo/Page_Swag Labs/button_Add to cart_1' is clicked on

2023-06-08 15:38:01 - [MESSAGE][PASSED] - Object: 'Object Repository/Day-2/SauceDemo/Page_Swag Labs/button_Add to cart_1' is clicked on

2023-06-08 15:38:01 - [TEST_STEP][PASSED] - click(findTestObject("Object Repository/Day-2/SauceDemo/Page_Swag Labs/a_2")): Object: 'Object Repository/Day-2/SauceDemo/Page_Swag Labs/a_2' is clicked on

2023-06-08 15:38:02 - [MESSAGE][PASSED] - Object: 'Object Repository/Day-2/SauceDemo/Page_Swag Labs/a_2' is clicked on

2023-06-08 15:38:02 - [TEST_STEP][PASSED] - click(findTestObject("Object Repository/Day-2/SauceDemo/Page_Swag Labs/button_Remove")): Object: 'Object Repository/Day-2/SauceDemo/Page_Swag Labs/button_Remove' is clicked on

2023-06-08 15:38:02 - [MESSAGE][PASSED] - Object: 'Object Repository/Day-2/SauceDemo/Page_Swag Labs/button_Remove' is clicked on

2023-06-08 15:38:02 - [TEST_STEP][PASSED] - click(findTestObject("Object Repository/Day-2/SauceDemo/Page_Swag Labs/button_Checkout")): Object: 'Object Repository/Day-2/SauceDemo/Page_Swag Labs/button_Checkout' is clicked on

2023-06-08 15:38:03 - [MESSAGE][PASSED] - Object: 'Object Repository/Day-2/SauceDemo/Page_Swag Labs/button_Checkout' is clicked on

2023-06-08 15:38:03 - [TEST_STEP][PASSED] - verifyTextPresent("Checkout: Your Information", false): Text 'Checkout: Your Information' is present on page 

2023-06-08 15:38:03 - [MESSAGE][PASSED] - Text 'Checkout: Your Information' is present on page 

2023-06-08 15:38:03 - [TEST_STEP][PASSED] - setText(findTestObject("Object Repository/Day-2/SauceDemo/Page_Swag Labs/input_Checkout Your Information_firstName"), Firstname): Text 'Kunj' is set on object 'Object Repository/Day-2/SauceDemo/Page_Swag Labs/input_Checkout Your Information_firstName'

2023-06-08 15:38:04 - [MESSAGE][PASSED] - Text 'Kunj' is set on object 'Object Repository/Day-2/SauceDemo/Page_Swag Labs/input_Checkout Your Information_firstName'

2023-06-08 15:38:04 - [TEST_STEP][PASSED] - verifyElementAttributeValue(findTestObject("Object Repository/Day-2/SauceDemo/Page_Swag Labs/input_Checkout Your Information_firstName"), "value", Firstname, 1): Object 'Object Repository/Day-2/SauceDemo/Page_Swag Labs/input_Checkout Your Information_firstName' has attribute 'value' with value 'Kunj'

2023-06-08 15:38:04 - [MESSAGE][PASSED] - Object 'Object Repository/Day-2/SauceDemo/Page_Swag Labs/input_Checkout Your Information_firstName' has attribute 'value' with value 'Kunj'

2023-06-08 15:38:04 - [TEST_STEP][PASSED] - setText(findTestObject("Object Repository/Day-2/SauceDemo/Page_Swag Labs/input_Checkout Your Information_lastName"), Lastname): Text 'Patel' is set on object 'Object Repository/Day-2/SauceDemo/Page_Swag Labs/input_Checkout Your Information_lastName'

2023-06-08 15:38:05 - [MESSAGE][PASSED] - Text 'Patel' is set on object 'Object Repository/Day-2/SauceDemo/Page_Swag Labs/input_Checkout Your Information_lastName'

2023-06-08 15:38:05 - [TEST_STEP][PASSED] - verifyElementAttributeValue(findTestObject("Object Repository/Day-2/SauceDemo/Page_Swag Labs/input_Checkout Your Information_lastName"), "value", Lastname, 1): Object 'Object Repository/Day-2/SauceDemo/Page_Swag Labs/input_Checkout Your Information_lastName' has attribute 'value' with value 'Patel'

2023-06-08 15:38:06 - [MESSAGE][PASSED] - Object 'Object Repository/Day-2/SauceDemo/Page_Swag Labs/input_Checkout Your Information_lastName' has attribute 'value' with value 'Patel'

2023-06-08 15:38:06 - [TEST_STEP][PASSED] - setText(findTestObject("Object Repository/Day-2/SauceDemo/Page_Swag Labs/input_Checkout Your Information_postalCode"), Pincode): Text '360004' is set on object 'Object Repository/Day-2/SauceDemo/Page_Swag Labs/input_Checkout Your Information_postalCode'

2023-06-08 15:38:07 - [MESSAGE][PASSED] - Text '360004' is set on object 'Object Repository/Day-2/SauceDemo/Page_Swag Labs/input_Checkout Your Information_postalCode'

2023-06-08 15:38:07 - [TEST_STEP][PASSED] - verifyElementAttributeValue(findTestObject("Object Repository/Day-2/SauceDemo/Page_Swag Labs/input_Checkout Your Information_postalCode"), "value", Pincode, 1): Object 'Object Repository/Day-2/SauceDemo/Page_Swag Labs/input_Checkout Your Information_postalCode' has attribute 'value' with value '360004'

2023-06-08 15:38:07 - [MESSAGE][PASSED] - Object 'Object Repository/Day-2/SauceDemo/Page_Swag Labs/input_Checkout Your Information_postalCode' has attribute 'value' with value '360004'

2023-06-08 15:38:07 - [TEST_STEP][PASSED] - delay(2): Delayed 2 second(s)

2023-06-08 15:38:09 - [MESSAGE][PASSED] - Delayed 2 second(s)

2023-06-08 15:38:09 - [TEST_STEP][PASSED] - click(findTestObject("Object Repository/Day-2/SauceDemo/Page_Swag Labs/input_Cancel_continue")): Object: 'Object Repository/Day-2/SauceDemo/Page_Swag Labs/input_Cancel_continue' is clicked on

2023-06-08 15:38:10 - [MESSAGE][PASSED] - Object: 'Object Repository/Day-2/SauceDemo/Page_Swag Labs/input_Cancel_continue' is clicked on

2023-06-08 15:38:10 - [TEST_STEP][PASSED] - verifyTextPresent("Payment Information", false): Text 'Payment Information' is present on page 

2023-06-08 15:38:10 - [MESSAGE][PASSED] - Text 'Payment Information' is present on page 

2023-06-08 15:38:10 - [TEST_STEP][PASSED] - click(findTestObject("Object Repository/Day-2/SauceDemo/Page_Swag Labs/button_Finish")): Object: 'Object Repository/Day-2/SauceDemo/Page_Swag Labs/button_Finish' is clicked on

2023-06-08 15:38:11 - [MESSAGE][PASSED] - Object: 'Object Repository/Day-2/SauceDemo/Page_Swag Labs/button_Finish' is clicked on

2023-06-08 15:38:11 - [TEST_STEP][PASSED] - verifyTextPresent("Thank you for your order!", false): Text 'Thank you for your order!' is present on page 

2023-06-08 15:38:11 - [MESSAGE][PASSED] - Text 'Thank you for your order!' is present on page 

2023-06-08 15:38:11 - [TEST_STEP][PASSED] - click(findTestObject("Object Repository/Day-2/SauceDemo/Page_Swag Labs/button_Back Home")): Object: 'Object Repository/Day-2/SauceDemo/Page_Swag Labs/button_Back Home' is clicked on

2023-06-08 15:38:11 - [MESSAGE][PASSED] - Object: 'Object Repository/Day-2/SauceDemo/Page_Swag Labs/button_Back Home' is clicked on

2023-06-08 15:38:11 - [TEST_STEP][PASSED] - delay(5): Delayed 5 second(s)

2023-06-08 15:38:16 - [MESSAGE][PASSED] - Delayed 5 second(s)

2023-06-08 15:38:16 - [TEST_STEP][PASSED] - closeBrowser(): Browser is closed

2023-06-08 15:38:17 - [MESSAGE][PASSED] - Browser is closed

2023-06-08 15:38:17 - [TEST_STEP][PASSED] - Start listener action : sampleAfterTestCase: Browser is closed

2023-06-08 15:38:17 - [TEST_STEP][PASSED] - closeBrowser(): Browser is closed

2023-06-08 15:38:17 - [MESSAGE][PASSED] - Browser is closed]]></system-out>
         <system-err><![CDATA[]]></system-err>
      </testcase>
      <system-out><![CDATA[2023-06-08 15:36:33 - [TEST_SUITE][PASSED] - Saucedemo: Test Cases/Day-2/Saucedemo/Saucedemo_Addtocart]]></system-out>
      <system-err><![CDATA[]]></system-err>
   </testsuite>
</testsuites>
