<?xml version="1.0" encoding="UTF-8"?>
<testsuites name="OrangeHRM" time="112.002" tests="2" failures="0" errors="0">
   <testsuite name="OrangeHRM" tests="2" failures="0" errors="0" time="112.002" skipped="0" timestamp="2023-06-07 16:10:15" hostname="kunj - SF-CPU-579" id="Test Suites/OrangeHRM">
      <properties>
         <property name="deviceName" value=""/>
         <property name="devicePlatform" value=""/>
         <property name="logFolder" value="/home/kunj/git/KatalonTest/Reports/20230607_161006/OrangeHRM/20230607_161007"/>
         <property name="logFiles" value="/home/kunj/git/KatalonTest/Reports/20230607_161006/OrangeHRM/20230607_161007/execution0.log"/>
         <property name="attachments" value=""/>
         <property name="hostName" value="kunj - SF-CPU-579"/>
         <property name="os" value="Linux 64bit"/>
         <property name="katalonVersion" value="8.6.5.208"/>
         <property name="browser" value="Chrome 110.0.0.0"/>
         <property name="hostAddress" value="127.0.1.1"/>
         <property name="sessionId" value="7f9b238485b59e9811ebb87880ae7d96"/>
         <property name="seleniumVersion" value="3.141.59"/>
         <property name="proxyInformation" value="ProxyInformation { proxyOption=NO_PROXY, proxyServerType=HTTP, username=, password=********, proxyServerAddress=, proxyServerPort=0, executionList=&quot;&quot;, isApplyToDesiredCapabilities=true }"/>
         <property name="platform" value="Linux"/>
      </properties>
      <testcase name="Test Cases/Day-2/OrangeHRM/OrangeHRM_Post" time="25.304" classname="Test Cases/Day-2/OrangeHRM/OrangeHRM_Post" status="PASSED">
         <system-out><![CDATA[2023-06-07 16:10:16 - [TEST_CASE][PASSED] - Test Cases/Day-2/OrangeHRM/OrangeHRM_Post: Test Cases/Day-2/OrangeHRM/OrangeHRM_Post

2023-06-07 16:10:16 - [TEST_STEP][PASSED] - Start listener action : sampleBeforeTestCase: Navigate to 'https://www.saucedemo.com/' successfully

2023-06-07 16:10:16 - [TEST_STEP][PASSED] - openBrowser(""): Browser is opened with url: ''

2023-06-07 16:10:16 - [MESSAGE][INFO] - Starting 'Chrome' driver

2023-06-07 16:10:16 - [MESSAGE][INFO] - Action delay is set to 0 milliseconds

2023-06-07 16:10:18 - [MESSAGE][PASSED] - Browser is opened with url: ''

2023-06-07 16:10:18 - [TEST_STEP][PASSED] - navigateToUrl(Saucedemo): Navigate to 'https://www.saucedemo.com/' successfully

2023-06-07 16:10:20 - [MESSAGE][PASSED] - Navigate to 'https://www.saucedemo.com/' successfully

2023-06-07 16:10:20 - [TEST_STEP][PASSED] - openBrowser(""): Browser is opened with url: ''

2023-06-07 16:10:20 - [MESSAGE][WARNING] - A browser is already opened. Closing browser and opening a new one

2023-06-07 16:10:20 - [MESSAGE][INFO] - Starting 'Chrome' driver

2023-06-07 16:10:20 - [MESSAGE][INFO] - Action delay is set to 0 milliseconds

2023-06-07 16:10:21 - [MESSAGE][PASSED] - Browser is opened with url: ''

2023-06-07 16:10:21 - [TEST_STEP][PASSED] - navigateToUrl(OrangeHRM): Navigate to 'https://opensource-demo.orangehrmlive.com/web/index.php/auth/login' successfully

2023-06-07 16:10:29 - [MESSAGE][PASSED] - Navigate to 'https://opensource-demo.orangehrmlive.com/web/index.php/auth/login' successfully

2023-06-07 16:10:29 - [TEST_STEP][PASSED] - com.OrangeHRM_Login.Login(): com.OrangeHRM_Login.Login is PASSED

2023-06-07 16:10:30 - [MESSAGE][PASSED] - Navigate to 'https://opensource-demo.orangehrmlive.com/web/index.php/auth/login' successfully

2023-06-07 16:10:32 - [MESSAGE][PASSED] - Text 'Admin' is set on object 'Object Repository/Day-2/OrangeHRM/Page_OrangeHRM_MyInfo/Page_OrangeHRM/input_Username_username'

2023-06-07 16:10:32 - [MESSAGE][PASSED] - Text ****** has been set on object 'Object Repository/Day-2/OrangeHRM/Page_OrangeHRM_MyInfo/Page_OrangeHRM/input_Password_password'

2023-06-07 16:10:34 - [MESSAGE][PASSED] - Object: 'Object Repository/Day-2/OrangeHRM/Page_OrangeHRM_MyInfo/Page_OrangeHRM/button_Login' is clicked on

2023-06-07 16:10:34 - [MESSAGE][PASSED] - com.OrangeHRM_Login.Login is PASSED

2023-06-07 16:10:34 - [TEST_STEP][PASSED] - click(findTestObject("Object Repository/Day-2/OrangeHRM/Page_OrangeHRM_Post/a_Buzz")): Object: 'Object Repository/Day-2/OrangeHRM/Page_OrangeHRM_Post/a_Buzz' is clicked on

2023-06-07 16:10:37 - [MESSAGE][PASSED] - Object: 'Object Repository/Day-2/OrangeHRM/Page_OrangeHRM_Post/a_Buzz' is clicked on

2023-06-07 16:10:37 - [TEST_STEP][PASSED] - setText(findTestObject("Object Repository/Day-2/OrangeHRM/Page_OrangeHRM_Post/textarea_Upcoming Anniversaries_oxd-buzz-po_ec78b5"), "Nothing Much"): Text 'Nothing Much' is set on object 'Object Repository/Day-2/OrangeHRM/Page_OrangeHRM_Post/textarea_Upcoming Anniversaries_oxd-buzz-po_ec78b5'

2023-06-07 16:10:39 - [MESSAGE][PASSED] - Text 'Nothing Much' is set on object 'Object Repository/Day-2/OrangeHRM/Page_OrangeHRM_Post/textarea_Upcoming Anniversaries_oxd-buzz-po_ec78b5'

2023-06-07 16:10:39 - [TEST_STEP][PASSED] - click(findTestObject("Object Repository/Day-2/OrangeHRM/Page_OrangeHRM_Post/button_Share Photos")): Object: 'Object Repository/Day-2/OrangeHRM/Page_OrangeHRM_Post/button_Share Photos' is clicked on

2023-06-07 16:10:40 - [MESSAGE][PASSED] - Object: 'Object Repository/Day-2/OrangeHRM/Page_OrangeHRM_Post/button_Share Photos' is clicked on

2023-06-07 16:10:40 - [TEST_STEP][PASSED] - click(findTestObject("Object Repository/Day-2/OrangeHRM/Page_OrangeHRM_Post/div_Add Photos")): Object: 'Object Repository/Day-2/OrangeHRM/Page_OrangeHRM_Post/div_Add Photos' is clicked on

2023-06-07 16:10:40 - [MESSAGE][PASSED] - Object: 'Object Repository/Day-2/OrangeHRM/Page_OrangeHRM_Post/div_Add Photos' is clicked on

2023-06-07 16:10:40 - [TEST_STEP][PASSED] - click(findTestObject("Object Repository/Day-2/OrangeHRM/Page_OrangeHRM_Post/button_Share")): Object: 'Object Repository/Day-2/OrangeHRM/Page_OrangeHRM_Post/button_Share' is clicked on

2023-06-07 16:10:41 - [MESSAGE][PASSED] - Object: 'Object Repository/Day-2/OrangeHRM/Page_OrangeHRM_Post/button_Share' is clicked on

2023-06-07 16:10:41 - [TEST_STEP][PASSED] - closeBrowser(): Browser is closed

2023-06-07 16:10:41 - [MESSAGE][PASSED] - Browser is closed

2023-06-07 16:10:41 - [TEST_STEP][PASSED] - Start listener action : sampleAfterTestCase: Browser is closed

2023-06-07 16:10:41 - [TEST_STEP][PASSED] - closeBrowser(): Browser is closed

2023-06-07 16:10:41 - [MESSAGE][PASSED] - Browser is closed]]></system-out>
         <system-err><![CDATA[]]></system-err>
      </testcase>
      <testcase name="Test Cases/Day-2/OrangeHRM/OrangeHRM_MyInfo" time="86.339" classname="Test Cases/Day-2/OrangeHRM/OrangeHRM_MyInfo" status="PASSED">
         <system-out><![CDATA[2023-06-07 16:10:41 - [TEST_CASE][PASSED] - Test Cases/Day-2/OrangeHRM/OrangeHRM_MyInfo: Test Cases/Day-2/OrangeHRM/OrangeHRM_MyInfo

2023-06-07 16:10:41 - [TEST_STEP][PASSED] - Start listener action : sampleBeforeTestCase: Navigate to 'https://www.saucedemo.com/' successfully

2023-06-07 16:10:41 - [TEST_STEP][PASSED] - openBrowser(""): Browser is opened with url: ''

2023-06-07 16:10:41 - [MESSAGE][INFO] - Starting 'Chrome' driver

2023-06-07 16:10:41 - [MESSAGE][INFO] - Action delay is set to 0 milliseconds

2023-06-07 16:10:42 - [MESSAGE][PASSED] - Browser is opened with url: ''

2023-06-07 16:10:42 - [TEST_STEP][PASSED] - navigateToUrl(Saucedemo): Navigate to 'https://www.saucedemo.com/' successfully

2023-06-07 16:10:43 - [MESSAGE][PASSED] - Navigate to 'https://www.saucedemo.com/' successfully

2023-06-07 16:10:43 - [TEST_STEP][PASSED] - openBrowser(""): Browser is opened with url: ''

2023-06-07 16:10:43 - [MESSAGE][WARNING] - A browser is already opened. Closing browser and opening a new one

2023-06-07 16:10:43 - [MESSAGE][INFO] - Starting 'Chrome' driver

2023-06-07 16:10:43 - [MESSAGE][INFO] - Action delay is set to 0 milliseconds

2023-06-07 16:10:44 - [MESSAGE][PASSED] - Browser is opened with url: ''

2023-06-07 16:10:44 - [TEST_STEP][PASSED] - navigateToUrl(OrangeHRM): Navigate to 'https://opensource-demo.orangehrmlive.com/web/index.php/auth/login' successfully

2023-06-07 16:10:53 - [MESSAGE][PASSED] - Navigate to 'https://opensource-demo.orangehrmlive.com/web/index.php/auth/login' successfully

2023-06-07 16:10:53 - [TEST_STEP][PASSED] - com.OrangeHRM_Login.Login(): com.OrangeHRM_Login.Login is PASSED

2023-06-07 16:10:54 - [MESSAGE][PASSED] - Navigate to 'https://opensource-demo.orangehrmlive.com/web/index.php/auth/login' successfully

2023-06-07 16:10:56 - [MESSAGE][PASSED] - Text 'Admin' is set on object 'Object Repository/Day-2/OrangeHRM/Page_OrangeHRM_MyInfo/Page_OrangeHRM/input_Username_username'

2023-06-07 16:10:57 - [MESSAGE][PASSED] - Text ****** has been set on object 'Object Repository/Day-2/OrangeHRM/Page_OrangeHRM_MyInfo/Page_OrangeHRM/input_Password_password'

2023-06-07 16:10:57 - [MESSAGE][PASSED] - Object: 'Object Repository/Day-2/OrangeHRM/Page_OrangeHRM_MyInfo/Page_OrangeHRM/button_Login' is clicked on

2023-06-07 16:10:57 - [MESSAGE][PASSED] - com.OrangeHRM_Login.Login is PASSED

2023-06-07 16:10:57 - [TEST_STEP][PASSED] - click(findTestObject("Object Repository/Day-2/OrangeHRM/Page_OrangeHRM_MyInfo/Page_OrangeHRM/a_My Info")): Object: 'Object Repository/Day-2/OrangeHRM/Page_OrangeHRM_MyInfo/Page_OrangeHRM/a_My Info' is clicked on

2023-06-07 16:11:03 - [MESSAGE][PASSED] - Object: 'Object Repository/Day-2/OrangeHRM/Page_OrangeHRM_MyInfo/Page_OrangeHRM/a_My Info' is clicked on

2023-06-07 16:11:03 - [TEST_STEP][PASSED] - setText(findTestObject("Object Repository/Day-2/OrangeHRM/Page_OrangeHRM_MyInfo/Page_OrangeHRM/input_Employee Full Name_firstName"), Firstname): Text 'Kunj' is set on object 'Object Repository/Day-2/OrangeHRM/Page_OrangeHRM_MyInfo/Page_OrangeHRM/input_Employee Full Name_firstName'

2023-06-07 16:11:05 - [MESSAGE][PASSED] - Text 'Kunj' is set on object 'Object Repository/Day-2/OrangeHRM/Page_OrangeHRM_MyInfo/Page_OrangeHRM/input_Employee Full Name_firstName'

2023-06-07 16:11:05 - [TEST_STEP][PASSED] - setText(findTestObject("Object Repository/Day-2/OrangeHRM/Page_OrangeHRM_MyInfo/Page_OrangeHRM/input_Employee Full Name_middleName"), Middlename): Text 'Patel' is set on object 'Object Repository/Day-2/OrangeHRM/Page_OrangeHRM_MyInfo/Page_OrangeHRM/input_Employee Full Name_middleName'

2023-06-07 16:11:06 - [MESSAGE][PASSED] - Text 'Patel' is set on object 'Object Repository/Day-2/OrangeHRM/Page_OrangeHRM_MyInfo/Page_OrangeHRM/input_Employee Full Name_middleName'

2023-06-07 16:11:06 - [TEST_STEP][PASSED] - setText(findTestObject("Object Repository/Day-2/OrangeHRM/Page_OrangeHRM_MyInfo/Page_OrangeHRM/input_Employee Full Name_lastName"), Lastname): Text 'KK' is set on object 'Object Repository/Day-2/OrangeHRM/Page_OrangeHRM_MyInfo/Page_OrangeHRM/input_Employee Full Name_lastName'

2023-06-07 16:11:07 - [MESSAGE][PASSED] - Text 'KK' is set on object 'Object Repository/Day-2/OrangeHRM/Page_OrangeHRM_MyInfo/Page_OrangeHRM/input_Employee Full Name_lastName'

2023-06-07 16:11:07 - [TEST_STEP][PASSED] - setText(findTestObject("Object Repository/Day-2/OrangeHRM/Page_OrangeHRM_MyInfo/Page_OrangeHRM/input_Employee Id_oxd-input oxd-input--focus"), EmployeeId): Text '8116' is set on object 'Object Repository/Day-2/OrangeHRM/Page_OrangeHRM_MyInfo/Page_OrangeHRM/input_Employee Id_oxd-input oxd-input--focus'

2023-06-07 16:11:08 - [MESSAGE][PASSED] - Text '8116' is set on object 'Object Repository/Day-2/OrangeHRM/Page_OrangeHRM_MyInfo/Page_OrangeHRM/input_Employee Id_oxd-input oxd-input--focus'

2023-06-07 16:11:08 - [TEST_STEP][PASSED] - com.OrangeHRM_Login.Waitforclick("Object Repository/Day-2/OrangeHRM/Page_OrangeHRM_MyInfo/Page_OrangeHRM/p_Successfully Updated", 5): com.OrangeHRM_Login.Waitforclick is PASSED

2023-06-07 16:11:14 - [MESSAGE][INFO] - Unable to find the element located by 'By.xpath: //div[@id='oxd-toaster_1']/div/div/div[2]/p[2]'. Please recheck the objects properties to make sure the desired element is located. 

2023-06-07 16:11:14 - [MESSAGE][WARNING] - [SELF-HEALING] Failed to find element with id 'Object Repository/Day-2/OrangeHRM/Page_OrangeHRM_MyInfo/Page_OrangeHRM/p_Successfully Updated'. Try using Self-healing.

2023-06-07 16:11:14 - [MESSAGE][INFO] - [SELF-HEALING] Failed Locator: '//div[@id='oxd-toaster_1']/div/div/div[2]/p[2]'.

2023-06-07 16:11:15 - [MESSAGE][INFO] - [SELF-HEALING] Failed Locator: '(.//*[normalize-space(text()) and normalize-space(.)='OrangeHRM, Inc'])[1]/following::p[2]'.

2023-06-07 16:11:15 - [MESSAGE][INFO] - [SELF-HEALING] Failed Locator: '(.//*[normalize-space(text()) and normalize-space(.)='×'])[1]/preceding::p[1]'.

2023-06-07 16:11:15 - [MESSAGE][INFO] - [SELF-HEALING] Failed Locator: '(.//*[normalize-space(text()) and normalize-space(.)='Capture object:'])[1]/preceding::p[1]'.

2023-06-07 16:11:16 - [MESSAGE][INFO] - [SELF-HEALING] Failed Locator: '//*/text()[normalize-space(.)='Successfully Updated']/parent::*'.

2023-06-07 16:11:16 - [MESSAGE][INFO] - [SELF-HEALING] Failed Locator: '//div[2]/p[2]'.

2023-06-07 16:11:17 - [MESSAGE][INFO] - [SELF-HEALING] Failed Locator: '//p[(text() = 'Successfully Updated' or . = 'Successfully Updated')]'.

2023-06-07 16:11:18 - [MESSAGE][INFO] - Unable to find the element located by 'By.xpath: //*[(text() = 'Successfully Updated' or . = 'Successfully Updated')]'. Please recheck the objects properties to make sure the desired element is located. 

2023-06-07 16:11:19 - [MESSAGE][INFO] - Unable to find the element located by 'By.cssSelector: p.oxd-text.oxd-text--p.oxd-text--toast-message.oxd-toast-content-text'. Please recheck the objects properties to make sure the desired element is located. 

2023-06-07 16:11:19 - [MESSAGE][WARNING] - Object 'Object Repository/Day-2/OrangeHRM/Page_OrangeHRM_MyInfo/Page_OrangeHRM/p_Successfully Updated' is not present after 5 second(s)

2023-06-07 16:11:48 - [MESSAGE][PASSED] - Object: 'Object Repository/Day-2/OrangeHRM/Page_OrangeHRM_MyInfo/Page_OrangeHRM/p_Successfully Updated' is clicked on

2023-06-07 16:11:48 - [MESSAGE][PASSED] - com.OrangeHRM_Login.Waitforclick is PASSED

2023-06-07 16:11:48 - [TEST_STEP][PASSED] - click(findTestObject("Object Repository/Day-2/OrangeHRM/Page_OrangeHRM_MyInfo/Page_OrangeHRM/i_-- Select --_oxd-icon bi-caret-up-fill ox_627fec")): Object: 'Object Repository/Day-2/OrangeHRM/Page_OrangeHRM_MyInfo/Page_OrangeHRM/i_-- Select --_oxd-icon bi-caret-up-fill ox_627fec' is clicked on

2023-06-07 16:11:48 - [MESSAGE][PASSED] - Object: 'Object Repository/Day-2/OrangeHRM/Page_OrangeHRM_MyInfo/Page_OrangeHRM/i_-- Select --_oxd-icon bi-caret-up-fill ox_627fec' is clicked on

2023-06-07 16:11:48 - [TEST_STEP][PASSED] - click(findTestObject("Object Repository/Day-2/OrangeHRM/Page_OrangeHRM_MyInfo/Page_OrangeHRM/div_A")): Object: 'Object Repository/Day-2/OrangeHRM/Page_OrangeHRM_MyInfo/Page_OrangeHRM/div_A' is clicked on

2023-06-07 16:11:49 - [MESSAGE][PASSED] - Object: 'Object Repository/Day-2/OrangeHRM/Page_OrangeHRM_MyInfo/Page_OrangeHRM/div_A' is clicked on

2023-06-07 16:11:49 - [TEST_STEP][PASSED] - click(findTestObject("Object Repository/Day-2/OrangeHRM/Page_OrangeHRM_MyInfo/Page_OrangeHRM/button_Save")): Object: 'Object Repository/Day-2/OrangeHRM/Page_OrangeHRM_MyInfo/Page_OrangeHRM/button_Save' is clicked on

2023-06-07 16:11:49 - [MESSAGE][PASSED] - Object: 'Object Repository/Day-2/OrangeHRM/Page_OrangeHRM_MyInfo/Page_OrangeHRM/button_Save' is clicked on

2023-06-07 16:11:49 - [TEST_STEP][PASSED] - com.OrangeHRM_Login.Waitforclick("Object Repository/Day-2/OrangeHRM/Page_OrangeHRM_MyInfo/Page_OrangeHRM/p_Successfully Updated", 5): com.OrangeHRM_Login.Waitforclick is PASSED

2023-06-07 16:11:56 - [MESSAGE][INFO] - Unable to find the element located by 'By.xpath: //div[@id='oxd-toaster_1']/div/div/div[2]/p[2]'. Please recheck the objects properties to make sure the desired element is located. 

2023-06-07 16:11:56 - [MESSAGE][WARNING] - [SELF-HEALING] Failed to find element with id 'Object Repository/Day-2/OrangeHRM/Page_OrangeHRM_MyInfo/Page_OrangeHRM/p_Successfully Updated'. Try using Self-healing.

2023-06-07 16:11:56 - [MESSAGE][INFO] - [SELF-HEALING] Failed Locator: '//div[@id='oxd-toaster_1']/div/div/div[2]/p[2]'.

2023-06-07 16:11:56 - [MESSAGE][INFO] - [SELF-HEALING] Failed Locator: '(.//*[normalize-space(text()) and normalize-space(.)='OrangeHRM, Inc'])[1]/following::p[2]'.

2023-06-07 16:11:57 - [MESSAGE][INFO] - [SELF-HEALING] Failed Locator: '(.//*[normalize-space(text()) and normalize-space(.)='×'])[1]/preceding::p[1]'.

2023-06-07 16:11:57 - [MESSAGE][INFO] - [SELF-HEALING] Failed Locator: '(.//*[normalize-space(text()) and normalize-space(.)='Capture object:'])[1]/preceding::p[1]'.

2023-06-07 16:11:57 - [MESSAGE][INFO] - [SELF-HEALING] Failed Locator: '//*/text()[normalize-space(.)='Successfully Updated']/parent::*'.

2023-06-07 16:11:58 - [MESSAGE][INFO] - [SELF-HEALING] Failed Locator: '//div[2]/p[2]'.

2023-06-07 16:11:58 - [MESSAGE][INFO] - [SELF-HEALING] Failed Locator: '//p[(text() = 'Successfully Updated' or . = 'Successfully Updated')]'.

2023-06-07 16:11:59 - [MESSAGE][INFO] - Unable to find the element located by 'By.xpath: //*[(text() = 'Successfully Updated' or . = 'Successfully Updated')]'. Please recheck the objects properties to make sure the desired element is located. 

2023-06-07 16:12:00 - [MESSAGE][INFO] - Unable to find the element located by 'By.cssSelector: p.oxd-text.oxd-text--p.oxd-text--toast-message.oxd-toast-content-text'. Please recheck the objects properties to make sure the desired element is located. 

2023-06-07 16:12:00 - [MESSAGE][WARNING] - Object 'Object Repository/Day-2/OrangeHRM/Page_OrangeHRM_MyInfo/Page_OrangeHRM/p_Successfully Updated' is not present after 5 second(s)

2023-06-07 16:12:04 - [MESSAGE][PASSED] - Object: 'Object Repository/Day-2/OrangeHRM/Page_OrangeHRM_MyInfo/Page_OrangeHRM/p_Successfully Updated' is clicked on

2023-06-07 16:12:04 - [MESSAGE][PASSED] - com.OrangeHRM_Login.Waitforclick is PASSED

2023-06-07 16:12:04 - [TEST_STEP][PASSED] - click(findTestObject("Object Repository/Day-2/OrangeHRM/Page_OrangeHRM_MyInfo/Page_OrangeHRM/button_Save")): Object: 'Object Repository/Day-2/OrangeHRM/Page_OrangeHRM_MyInfo/Page_OrangeHRM/button_Save' is clicked on

2023-06-07 16:12:07 - [MESSAGE][PASSED] - Object: 'Object Repository/Day-2/OrangeHRM/Page_OrangeHRM_MyInfo/Page_OrangeHRM/button_Save' is clicked on

2023-06-07 16:12:07 - [TEST_STEP][PASSED] - closeBrowser(): Browser is closed

2023-06-07 16:12:07 - [MESSAGE][PASSED] - Browser is closed

2023-06-07 16:12:07 - [TEST_STEP][PASSED] - Start listener action : sampleAfterTestCase: Browser is closed

2023-06-07 16:12:07 - [TEST_STEP][PASSED] - closeBrowser(): Browser is closed

2023-06-07 16:12:07 - [MESSAGE][PASSED] - Browser is closed]]></system-out>
         <system-err><![CDATA[]]></system-err>
      </testcase>
      <system-out><![CDATA[2023-06-07 16:10:15 - [TEST_SUITE][PASSED] - OrangeHRM: Test Cases/Day-2/OrangeHRM/OrangeHRM_MyInfo]]></system-out>
      <system-err><![CDATA[]]></system-err>
   </testsuite>
</testsuites>
