<?xml version="1.0" encoding="UTF-8"?>
<testsuites name="Data_Driven_Testing" time="36.93" tests="4" failures="0" errors="0">
   <testsuite name="Data_Driven_Testing" tests="4" failures="0" errors="0" time="36.93" skipped="0" timestamp="2023-06-12 11:05:43" hostname="kunj - SF-CPU-579" id="Test Suites/Data_Driven_Testing">
      <properties>
         <property name="deviceName" value=""/>
         <property name="devicePlatform" value=""/>
         <property name="logFolder" value="/home/kunj/git/KatalonTest/Reports/20230612_110537/Data_Driven_Testing/20230612_110537"/>
         <property name="logFiles" value="/home/kunj/git/KatalonTest/Reports/20230612_110537/Data_Driven_Testing/20230612_110537/execution0.log"/>
         <property name="attachments" value=""/>
         <property name="hostName" value="kunj - SF-CPU-579"/>
         <property name="os" value="Linux 64bit"/>
         <property name="katalonVersion" value="8.6.5.208"/>
         <property name="browser" value="Chrome 110.0.0.0"/>
         <property name="hostAddress" value="127.0.1.1"/>
         <property name="sessionId" value="d8a2bb1a763f74b0e7dd7ebd38f6b42e"/>
         <property name="seleniumVersion" value="3.141.59"/>
         <property name="proxyInformation" value="ProxyInformation { proxyOption=NO_PROXY, proxyServerType=HTTP, username=, password=********, proxyServerAddress=, proxyServerPort=0, executionList=&quot;&quot;, isApplyToDesiredCapabilities=true }"/>
         <property name="platform" value="Linux"/>
      </properties>
      <testcase name="Test Cases/Final_Assignment/Saucedemo/DataDriven_Login" time="8.451" classname="Test Cases/Final_Assignment/Saucedemo/DataDriven_Login" status="PASSED">
         <system-out><![CDATA[2023-06-12 11:05:43 - [TEST_CASE][PASSED] - Test Cases/Final_Assignment/Saucedemo/DataDriven_Login: Test Cases/Final_Assignment/Saucedemo/DataDriven_Login

2023-06-12 11:05:43 - [TEST_STEP][PASSED] - openBrowser(""): Browser is opened with url: ''

2023-06-12 11:05:43 - [MESSAGE][INFO] - Starting 'Chrome' driver

2023-06-12 11:05:43 - [MESSAGE][INFO] - Action delay is set to 0 milliseconds

2023-06-12 11:05:44 - [MESSAGE][PASSED] - Browser is opened with url: ''

2023-06-12 11:05:44 - [TEST_STEP][PASSED] - navigateToUrl(Saucedemo): Navigate to 'https://www.saucedemo.com/' successfully

2023-06-12 11:05:45 - [MESSAGE][PASSED] - Navigate to 'https://www.saucedemo.com/' successfully

2023-06-12 11:05:45 - [TEST_STEP][PASSED] - click(findTestObject("Object Repository/Assignment/Data_Driven_Testing/Saucedemo_Login/Page_Swag Labs/input_Swag Labs_user-name")): Object: 'Object Repository/Assignment/Data_Driven_Testing/Saucedemo_Login/Page_Swag Labs/input_Swag Labs_user-name' is clicked on

2023-06-12 11:05:45 - [MESSAGE][PASSED] - Object: 'Object Repository/Assignment/Data_Driven_Testing/Saucedemo_Login/Page_Swag Labs/input_Swag Labs_user-name' is clicked on

2023-06-12 11:05:45 - [TEST_STEP][PASSED] - click(findTestObject("Object Repository/Assignment/Data_Driven_Testing/Saucedemo_Login/Page_Swag Labs/div_Accepted usernames arestandard_userlock_0ab16f")): Object: 'Object Repository/Assignment/Data_Driven_Testing/Saucedemo_Login/Page_Swag Labs/div_Accepted usernames arestandard_userlock_0ab16f' is clicked on

2023-06-12 11:05:46 - [MESSAGE][PASSED] - Object: 'Object Repository/Assignment/Data_Driven_Testing/Saucedemo_Login/Page_Swag Labs/div_Accepted usernames arestandard_userlock_0ab16f' is clicked on

2023-06-12 11:05:46 - [TEST_STEP][PASSED] - setText(findTestObject("Object Repository/Assignment/Data_Driven_Testing/Saucedemo_Login/Page_Swag Labs/input_Swag Labs_user-name"), Username): Text 'standard_user' is set on object 'Object Repository/Assignment/Data_Driven_Testing/Saucedemo_Login/Page_Swag Labs/input_Swag Labs_user-name'

2023-06-12 11:05:47 - [MESSAGE][PASSED] - Text 'standard_user' is set on object 'Object Repository/Assignment/Data_Driven_Testing/Saucedemo_Login/Page_Swag Labs/input_Swag Labs_user-name'

2023-06-12 11:05:47 - [TEST_STEP][PASSED] - click(findTestObject("Object Repository/Assignment/Data_Driven_Testing/Saucedemo_Login/Page_Swag Labs/div_Password for all userssecret_sauce")): Object: 'Object Repository/Assignment/Data_Driven_Testing/Saucedemo_Login/Page_Swag Labs/div_Password for all userssecret_sauce' is clicked on

2023-06-12 11:05:47 - [MESSAGE][PASSED] - Object: 'Object Repository/Assignment/Data_Driven_Testing/Saucedemo_Login/Page_Swag Labs/div_Password for all userssecret_sauce' is clicked on

2023-06-12 11:05:47 - [TEST_STEP][PASSED] - setText(findTestObject("Object Repository/Assignment/Data_Driven_Testing/Saucedemo_Login/Page_Swag Labs/input_Swag Labs_password"), Password): Text 'secret_sauce' is set on object 'Object Repository/Assignment/Data_Driven_Testing/Saucedemo_Login/Page_Swag Labs/input_Swag Labs_password'

2023-06-12 11:05:48 - [MESSAGE][PASSED] - Text 'secret_sauce' is set on object 'Object Repository/Assignment/Data_Driven_Testing/Saucedemo_Login/Page_Swag Labs/input_Swag Labs_password'

2023-06-12 11:05:48 - [TEST_STEP][PASSED] - click(findTestObject("Object Repository/Assignment/Data_Driven_Testing/Saucedemo_Login/Page_Swag Labs/input_Swag Labs_login-button")): Object: 'Object Repository/Assignment/Data_Driven_Testing/Saucedemo_Login/Page_Swag Labs/input_Swag Labs_login-button' is clicked on

2023-06-12 11:05:48 - [MESSAGE][PASSED] - Object: 'Object Repository/Assignment/Data_Driven_Testing/Saucedemo_Login/Page_Swag Labs/input_Swag Labs_login-button' is clicked on

2023-06-12 11:05:48 - [TEST_STEP][PASSED] - delay(3): Delayed 3 second(s)

2023-06-12 11:05:51 - [MESSAGE][PASSED] - Delayed 3 second(s)

2023-06-12 11:05:52 - [TEST_STEP][PASSED] - closeBrowser(): Browser is closed

2023-06-12 11:05:52 - [MESSAGE][PASSED] - Browser is closed]]></system-out>
         <system-err><![CDATA[]]></system-err>
      </testcase>
      <testcase name="Test Cases/Final_Assignment/Saucedemo/DataDriven_Login" time="7.992" classname="Test Cases/Final_Assignment/Saucedemo/DataDriven_Login" status="PASSED">
         <system-out><![CDATA[2023-06-12 11:05:52 - [TEST_CASE][PASSED] - Test Cases/Final_Assignment/Saucedemo/DataDriven_Login: Test Cases/Final_Assignment/Saucedemo/DataDriven_Login

2023-06-12 11:05:52 - [TEST_STEP][PASSED] - openBrowser(""): Browser is opened with url: ''

2023-06-12 11:05:52 - [MESSAGE][INFO] - Starting 'Chrome' driver

2023-06-12 11:05:52 - [MESSAGE][INFO] - Action delay is set to 0 milliseconds

2023-06-12 11:05:52 - [MESSAGE][PASSED] - Browser is opened with url: ''

2023-06-12 11:05:52 - [TEST_STEP][PASSED] - navigateToUrl(Saucedemo): Navigate to 'https://www.saucedemo.com/' successfully

2023-06-12 11:05:53 - [MESSAGE][PASSED] - Navigate to 'https://www.saucedemo.com/' successfully

2023-06-12 11:05:53 - [TEST_STEP][PASSED] - click(findTestObject("Object Repository/Assignment/Data_Driven_Testing/Saucedemo_Login/Page_Swag Labs/input_Swag Labs_user-name")): Object: 'Object Repository/Assignment/Data_Driven_Testing/Saucedemo_Login/Page_Swag Labs/input_Swag Labs_user-name' is clicked on

2023-06-12 11:05:53 - [MESSAGE][PASSED] - Object: 'Object Repository/Assignment/Data_Driven_Testing/Saucedemo_Login/Page_Swag Labs/input_Swag Labs_user-name' is clicked on

2023-06-12 11:05:53 - [TEST_STEP][PASSED] - click(findTestObject("Object Repository/Assignment/Data_Driven_Testing/Saucedemo_Login/Page_Swag Labs/div_Accepted usernames arestandard_userlock_0ab16f")): Object: 'Object Repository/Assignment/Data_Driven_Testing/Saucedemo_Login/Page_Swag Labs/div_Accepted usernames arestandard_userlock_0ab16f' is clicked on

2023-06-12 11:05:54 - [MESSAGE][PASSED] - Object: 'Object Repository/Assignment/Data_Driven_Testing/Saucedemo_Login/Page_Swag Labs/div_Accepted usernames arestandard_userlock_0ab16f' is clicked on

2023-06-12 11:05:54 - [TEST_STEP][PASSED] - setText(findTestObject("Object Repository/Assignment/Data_Driven_Testing/Saucedemo_Login/Page_Swag Labs/input_Swag Labs_user-name"), Username): Text 'locked_out_user' is set on object 'Object Repository/Assignment/Data_Driven_Testing/Saucedemo_Login/Page_Swag Labs/input_Swag Labs_user-name'

2023-06-12 11:05:55 - [MESSAGE][PASSED] - Text 'locked_out_user' is set on object 'Object Repository/Assignment/Data_Driven_Testing/Saucedemo_Login/Page_Swag Labs/input_Swag Labs_user-name'

2023-06-12 11:05:55 - [TEST_STEP][PASSED] - click(findTestObject("Object Repository/Assignment/Data_Driven_Testing/Saucedemo_Login/Page_Swag Labs/div_Password for all userssecret_sauce")): Object: 'Object Repository/Assignment/Data_Driven_Testing/Saucedemo_Login/Page_Swag Labs/div_Password for all userssecret_sauce' is clicked on

2023-06-12 11:05:55 - [MESSAGE][PASSED] - Object: 'Object Repository/Assignment/Data_Driven_Testing/Saucedemo_Login/Page_Swag Labs/div_Password for all userssecret_sauce' is clicked on

2023-06-12 11:05:55 - [TEST_STEP][PASSED] - setText(findTestObject("Object Repository/Assignment/Data_Driven_Testing/Saucedemo_Login/Page_Swag Labs/input_Swag Labs_password"), Password): Text 'secret_sauce' is set on object 'Object Repository/Assignment/Data_Driven_Testing/Saucedemo_Login/Page_Swag Labs/input_Swag Labs_password'

2023-06-12 11:05:56 - [MESSAGE][PASSED] - Text 'secret_sauce' is set on object 'Object Repository/Assignment/Data_Driven_Testing/Saucedemo_Login/Page_Swag Labs/input_Swag Labs_password'

2023-06-12 11:05:56 - [TEST_STEP][PASSED] - click(findTestObject("Object Repository/Assignment/Data_Driven_Testing/Saucedemo_Login/Page_Swag Labs/input_Swag Labs_login-button")): Object: 'Object Repository/Assignment/Data_Driven_Testing/Saucedemo_Login/Page_Swag Labs/input_Swag Labs_login-button' is clicked on

2023-06-12 11:05:57 - [MESSAGE][PASSED] - Object: 'Object Repository/Assignment/Data_Driven_Testing/Saucedemo_Login/Page_Swag Labs/input_Swag Labs_login-button' is clicked on

2023-06-12 11:05:57 - [TEST_STEP][PASSED] - delay(3): Delayed 3 second(s)

2023-06-12 11:06:00 - [MESSAGE][PASSED] - Delayed 3 second(s)

2023-06-12 11:06:00 - [TEST_STEP][PASSED] - closeBrowser(): Browser is closed

2023-06-12 11:06:00 - [MESSAGE][PASSED] - Browser is closed]]></system-out>
         <system-err><![CDATA[]]></system-err>
      </testcase>
      <testcase name="Test Cases/Final_Assignment/Saucedemo/DataDriven_Login" time="7.558" classname="Test Cases/Final_Assignment/Saucedemo/DataDriven_Login" status="PASSED">
         <system-out><![CDATA[2023-06-12 11:06:00 - [TEST_CASE][PASSED] - Test Cases/Final_Assignment/Saucedemo/DataDriven_Login: Test Cases/Final_Assignment/Saucedemo/DataDriven_Login

2023-06-12 11:06:00 - [TEST_STEP][PASSED] - openBrowser(""): Browser is opened with url: ''

2023-06-12 11:06:00 - [MESSAGE][INFO] - Starting 'Chrome' driver

2023-06-12 11:06:00 - [MESSAGE][INFO] - Action delay is set to 0 milliseconds

2023-06-12 11:06:00 - [MESSAGE][PASSED] - Browser is opened with url: ''

2023-06-12 11:06:00 - [TEST_STEP][PASSED] - navigateToUrl(Saucedemo): Navigate to 'https://www.saucedemo.com/' successfully

2023-06-12 11:06:01 - [MESSAGE][PASSED] - Navigate to 'https://www.saucedemo.com/' successfully

2023-06-12 11:06:01 - [TEST_STEP][PASSED] - click(findTestObject("Object Repository/Assignment/Data_Driven_Testing/Saucedemo_Login/Page_Swag Labs/input_Swag Labs_user-name")): Object: 'Object Repository/Assignment/Data_Driven_Testing/Saucedemo_Login/Page_Swag Labs/input_Swag Labs_user-name' is clicked on

2023-06-12 11:06:01 - [MESSAGE][PASSED] - Object: 'Object Repository/Assignment/Data_Driven_Testing/Saucedemo_Login/Page_Swag Labs/input_Swag Labs_user-name' is clicked on

2023-06-12 11:06:01 - [TEST_STEP][PASSED] - click(findTestObject("Object Repository/Assignment/Data_Driven_Testing/Saucedemo_Login/Page_Swag Labs/div_Accepted usernames arestandard_userlock_0ab16f")): Object: 'Object Repository/Assignment/Data_Driven_Testing/Saucedemo_Login/Page_Swag Labs/div_Accepted usernames arestandard_userlock_0ab16f' is clicked on

2023-06-12 11:06:01 - [MESSAGE][PASSED] - Object: 'Object Repository/Assignment/Data_Driven_Testing/Saucedemo_Login/Page_Swag Labs/div_Accepted usernames arestandard_userlock_0ab16f' is clicked on

2023-06-12 11:06:01 - [TEST_STEP][PASSED] - setText(findTestObject("Object Repository/Assignment/Data_Driven_Testing/Saucedemo_Login/Page_Swag Labs/input_Swag Labs_user-name"), Username): Text 'problem_user' is set on object 'Object Repository/Assignment/Data_Driven_Testing/Saucedemo_Login/Page_Swag Labs/input_Swag Labs_user-name'

2023-06-12 11:06:02 - [MESSAGE][PASSED] - Text 'problem_user' is set on object 'Object Repository/Assignment/Data_Driven_Testing/Saucedemo_Login/Page_Swag Labs/input_Swag Labs_user-name'

2023-06-12 11:06:02 - [TEST_STEP][PASSED] - click(findTestObject("Object Repository/Assignment/Data_Driven_Testing/Saucedemo_Login/Page_Swag Labs/div_Password for all userssecret_sauce")): Object: 'Object Repository/Assignment/Data_Driven_Testing/Saucedemo_Login/Page_Swag Labs/div_Password for all userssecret_sauce' is clicked on

2023-06-12 11:06:03 - [MESSAGE][PASSED] - Object: 'Object Repository/Assignment/Data_Driven_Testing/Saucedemo_Login/Page_Swag Labs/div_Password for all userssecret_sauce' is clicked on

2023-06-12 11:06:03 - [TEST_STEP][PASSED] - setText(findTestObject("Object Repository/Assignment/Data_Driven_Testing/Saucedemo_Login/Page_Swag Labs/input_Swag Labs_password"), Password): Text 'secret_sauce' is set on object 'Object Repository/Assignment/Data_Driven_Testing/Saucedemo_Login/Page_Swag Labs/input_Swag Labs_password'

2023-06-12 11:06:04 - [MESSAGE][PASSED] - Text 'secret_sauce' is set on object 'Object Repository/Assignment/Data_Driven_Testing/Saucedemo_Login/Page_Swag Labs/input_Swag Labs_password'

2023-06-12 11:06:04 - [TEST_STEP][PASSED] - click(findTestObject("Object Repository/Assignment/Data_Driven_Testing/Saucedemo_Login/Page_Swag Labs/input_Swag Labs_login-button")): Object: 'Object Repository/Assignment/Data_Driven_Testing/Saucedemo_Login/Page_Swag Labs/input_Swag Labs_login-button' is clicked on

2023-06-12 11:06:04 - [MESSAGE][PASSED] - Object: 'Object Repository/Assignment/Data_Driven_Testing/Saucedemo_Login/Page_Swag Labs/input_Swag Labs_login-button' is clicked on

2023-06-12 11:06:04 - [TEST_STEP][PASSED] - delay(3): Delayed 3 second(s)

2023-06-12 11:06:07 - [MESSAGE][PASSED] - Delayed 3 second(s)

2023-06-12 11:06:07 - [TEST_STEP][PASSED] - closeBrowser(): Browser is closed

2023-06-12 11:06:07 - [MESSAGE][PASSED] - Browser is closed]]></system-out>
         <system-err><![CDATA[]]></system-err>
      </testcase>
      <testcase name="Test Cases/Final_Assignment/Saucedemo/DataDriven_Login" time="12.656" classname="Test Cases/Final_Assignment/Saucedemo/DataDriven_Login" status="PASSED">
         <system-out><![CDATA[2023-06-12 11:06:07 - [TEST_CASE][PASSED] - Test Cases/Final_Assignment/Saucedemo/DataDriven_Login: Test Cases/Final_Assignment/Saucedemo/DataDriven_Login

2023-06-12 11:06:07 - [TEST_STEP][PASSED] - openBrowser(""): Browser is opened with url: ''

2023-06-12 11:06:07 - [MESSAGE][INFO] - Starting 'Chrome' driver

2023-06-12 11:06:07 - [MESSAGE][INFO] - Action delay is set to 0 milliseconds

2023-06-12 11:06:08 - [MESSAGE][PASSED] - Browser is opened with url: ''

2023-06-12 11:06:08 - [TEST_STEP][PASSED] - navigateToUrl(Saucedemo): Navigate to 'https://www.saucedemo.com/' successfully

2023-06-12 11:06:08 - [MESSAGE][PASSED] - Navigate to 'https://www.saucedemo.com/' successfully

2023-06-12 11:06:08 - [TEST_STEP][PASSED] - click(findTestObject("Object Repository/Assignment/Data_Driven_Testing/Saucedemo_Login/Page_Swag Labs/input_Swag Labs_user-name")): Object: 'Object Repository/Assignment/Data_Driven_Testing/Saucedemo_Login/Page_Swag Labs/input_Swag Labs_user-name' is clicked on

2023-06-12 11:06:09 - [MESSAGE][PASSED] - Object: 'Object Repository/Assignment/Data_Driven_Testing/Saucedemo_Login/Page_Swag Labs/input_Swag Labs_user-name' is clicked on

2023-06-12 11:06:09 - [TEST_STEP][PASSED] - click(findTestObject("Object Repository/Assignment/Data_Driven_Testing/Saucedemo_Login/Page_Swag Labs/div_Accepted usernames arestandard_userlock_0ab16f")): Object: 'Object Repository/Assignment/Data_Driven_Testing/Saucedemo_Login/Page_Swag Labs/div_Accepted usernames arestandard_userlock_0ab16f' is clicked on

2023-06-12 11:06:09 - [MESSAGE][PASSED] - Object: 'Object Repository/Assignment/Data_Driven_Testing/Saucedemo_Login/Page_Swag Labs/div_Accepted usernames arestandard_userlock_0ab16f' is clicked on

2023-06-12 11:06:09 - [TEST_STEP][PASSED] - setText(findTestObject("Object Repository/Assignment/Data_Driven_Testing/Saucedemo_Login/Page_Swag Labs/input_Swag Labs_user-name"), Username): Text 'performance_glitch_user' is set on object 'Object Repository/Assignment/Data_Driven_Testing/Saucedemo_Login/Page_Swag Labs/input_Swag Labs_user-name'

2023-06-12 11:06:10 - [MESSAGE][PASSED] - Text 'performance_glitch_user' is set on object 'Object Repository/Assignment/Data_Driven_Testing/Saucedemo_Login/Page_Swag Labs/input_Swag Labs_user-name'

2023-06-12 11:06:10 - [TEST_STEP][PASSED] - click(findTestObject("Object Repository/Assignment/Data_Driven_Testing/Saucedemo_Login/Page_Swag Labs/div_Password for all userssecret_sauce")): Object: 'Object Repository/Assignment/Data_Driven_Testing/Saucedemo_Login/Page_Swag Labs/div_Password for all userssecret_sauce' is clicked on

2023-06-12 11:06:10 - [MESSAGE][PASSED] - Object: 'Object Repository/Assignment/Data_Driven_Testing/Saucedemo_Login/Page_Swag Labs/div_Password for all userssecret_sauce' is clicked on

2023-06-12 11:06:10 - [TEST_STEP][PASSED] - setText(findTestObject("Object Repository/Assignment/Data_Driven_Testing/Saucedemo_Login/Page_Swag Labs/input_Swag Labs_password"), Password): Text 'secret_sauce' is set on object 'Object Repository/Assignment/Data_Driven_Testing/Saucedemo_Login/Page_Swag Labs/input_Swag Labs_password'

2023-06-12 11:06:11 - [MESSAGE][PASSED] - Text 'secret_sauce' is set on object 'Object Repository/Assignment/Data_Driven_Testing/Saucedemo_Login/Page_Swag Labs/input_Swag Labs_password'

2023-06-12 11:06:11 - [TEST_STEP][PASSED] - click(findTestObject("Object Repository/Assignment/Data_Driven_Testing/Saucedemo_Login/Page_Swag Labs/input_Swag Labs_login-button")): Object: 'Object Repository/Assignment/Data_Driven_Testing/Saucedemo_Login/Page_Swag Labs/input_Swag Labs_login-button' is clicked on

2023-06-12 11:06:17 - [MESSAGE][PASSED] - Object: 'Object Repository/Assignment/Data_Driven_Testing/Saucedemo_Login/Page_Swag Labs/input_Swag Labs_login-button' is clicked on

2023-06-12 11:06:17 - [TEST_STEP][PASSED] - delay(3): Delayed 3 second(s)

2023-06-12 11:06:20 - [MESSAGE][PASSED] - Delayed 3 second(s)

2023-06-12 11:06:20 - [TEST_STEP][PASSED] - closeBrowser(): Browser is closed

2023-06-12 11:06:20 - [MESSAGE][PASSED] - Browser is closed]]></system-out>
         <system-err><![CDATA[]]></system-err>
      </testcase>
      <system-out><![CDATA[2023-06-12 11:05:43 - [TEST_SUITE][PASSED] - Data_Driven_Testing: Test Cases/Final_Assignment/Saucedemo/DataDriven_Login]]></system-out>
      <system-err><![CDATA[]]></system-err>
   </testsuite>
</testsuites>
