<?xml version="1.0" encoding="UTF-8"?>
<testsuites name="Saucedemo_Login" time="40.986" tests="4" failures="0" errors="0">
   <testsuite name="Saucedemo_Login" tests="4" failures="0" errors="0" time="40.986" skipped="0" timestamp="2023-06-09 16:02:16" hostname="kunj - SF-CPU-579" id="Test Suites/Saucedemo_Login">
      <properties>
         <property name="deviceName" value=""/>
         <property name="devicePlatform" value=""/>
         <property name="logFolder" value="/home/kunj/git/KatalonTest/Reports/20230609_155848/Saucedemo_Login/20230609_155851"/>
         <property name="logFiles" value="/home/kunj/git/KatalonTest/Reports/20230609_155848/Saucedemo_Login/20230609_155851/execution0.log"/>
         <property name="attachments" value=""/>
         <property name="hostName" value="kunj - SF-CPU-579"/>
         <property name="os" value="Linux 64bit"/>
         <property name="katalonVersion" value="8.6.5.208"/>
         <property name="browser" value="Chrome 110.0.0.0"/>
         <property name="hostAddress" value="127.0.1.1"/>
         <property name="sessionId" value="57451c569d31a187ebac7dbb293d7a6d"/>
         <property name="seleniumVersion" value="3.141.59"/>
         <property name="proxyInformation" value="ProxyInformation { proxyOption=NO_PROXY, proxyServerType=HTTP, username=, password=********, proxyServerAddress=, proxyServerPort=0, executionList=&quot;&quot;, isApplyToDesiredCapabilities=true }"/>
         <property name="platform" value="Linux"/>
      </properties>
      <testcase name="Test Cases/Final_Assignment/Saucedemo/Saucedemo_Login_Data" time="10.966" classname="Test Cases/Final_Assignment/Saucedemo/Saucedemo_Login_Data" status="PASSED">
         <system-out><![CDATA[2023-06-09 16:02:16 - [TEST_CASE][PASSED] - Test Cases/Final_Assignment/Saucedemo/Saucedemo_Login_Data: Test Cases/Final_Assignment/Saucedemo/Saucedemo_Login_Data

2023-06-09 16:02:16 - [TEST_STEP][PASSED] - Start listener action : sampleBeforeTestCase: Navigate to 'https://www.saucedemo.com/' successfully

2023-06-09 16:02:17 - [TEST_STEP][PASSED] - openBrowser(""): Browser is opened with url: ''

2023-06-09 16:02:17 - [MESSAGE][INFO] - Starting 'Chrome' driver

2023-06-09 16:02:17 - [MESSAGE][INFO] - Action delay is set to 0 milliseconds

2023-06-09 16:02:19 - [MESSAGE][PASSED] - Browser is opened with url: ''

2023-06-09 16:02:19 - [TEST_STEP][PASSED] - navigateToUrl(Saucedemo): Navigate to 'https://www.saucedemo.com/' successfully

2023-06-09 16:02:20 - [MESSAGE][PASSED] - Navigate to 'https://www.saucedemo.com/' successfully

2023-06-09 16:02:20 - [TEST_STEP][PASSED] - click(findTestObject("Object Repository/Assignment/Data_Driven_Testing/Saucedemo_Login/Page_Swag Labs/input_Swag Labs_user-name")): Object: 'Object Repository/Assignment/Data_Driven_Testing/Saucedemo_Login/Page_Swag Labs/input_Swag Labs_user-name' is clicked on

2023-06-09 16:02:21 - [MESSAGE][PASSED] - Object: 'Object Repository/Assignment/Data_Driven_Testing/Saucedemo_Login/Page_Swag Labs/input_Swag Labs_user-name' is clicked on

2023-06-09 16:02:21 - [TEST_STEP][PASSED] - click(findTestObject("Object Repository/Assignment/Data_Driven_Testing/Saucedemo_Login/Page_Swag Labs/div_Accepted usernames arestandard_userlock_0ab16f")): Object: 'Object Repository/Assignment/Data_Driven_Testing/Saucedemo_Login/Page_Swag Labs/div_Accepted usernames arestandard_userlock_0ab16f' is clicked on

2023-06-09 16:02:22 - [MESSAGE][PASSED] - Object: 'Object Repository/Assignment/Data_Driven_Testing/Saucedemo_Login/Page_Swag Labs/div_Accepted usernames arestandard_userlock_0ab16f' is clicked on

2023-06-09 16:02:22 - [TEST_STEP][PASSED] - setText(findTestObject("Object Repository/Assignment/Data_Driven_Testing/Saucedemo_Login/Page_Swag Labs/input_Swag Labs_user-name"), Username): Text 'standard_user' is set on object 'Object Repository/Assignment/Data_Driven_Testing/Saucedemo_Login/Page_Swag Labs/input_Swag Labs_user-name'

2023-06-09 16:02:22 - [MESSAGE][PASSED] - Text 'standard_user' is set on object 'Object Repository/Assignment/Data_Driven_Testing/Saucedemo_Login/Page_Swag Labs/input_Swag Labs_user-name'

2023-06-09 16:02:22 - [TEST_STEP][PASSED] - click(findTestObject("Object Repository/Assignment/Data_Driven_Testing/Saucedemo_Login/Page_Swag Labs/div_Password for all userssecret_sauce")): Object: 'Object Repository/Assignment/Data_Driven_Testing/Saucedemo_Login/Page_Swag Labs/div_Password for all userssecret_sauce' is clicked on

2023-06-09 16:02:23 - [MESSAGE][PASSED] - Object: 'Object Repository/Assignment/Data_Driven_Testing/Saucedemo_Login/Page_Swag Labs/div_Password for all userssecret_sauce' is clicked on

2023-06-09 16:02:23 - [TEST_STEP][PASSED] - setText(findTestObject("Object Repository/Assignment/Data_Driven_Testing/Saucedemo_Login/Page_Swag Labs/input_Swag Labs_password"), Password): Text 'secret_sauce' is set on object 'Object Repository/Assignment/Data_Driven_Testing/Saucedemo_Login/Page_Swag Labs/input_Swag Labs_password'

2023-06-09 16:02:24 - [MESSAGE][PASSED] - Text 'secret_sauce' is set on object 'Object Repository/Assignment/Data_Driven_Testing/Saucedemo_Login/Page_Swag Labs/input_Swag Labs_password'

2023-06-09 16:02:24 - [TEST_STEP][PASSED] - click(findTestObject("Object Repository/Assignment/Data_Driven_Testing/Saucedemo_Login/Page_Swag Labs/input_Swag Labs_login-button")): Object: 'Object Repository/Assignment/Data_Driven_Testing/Saucedemo_Login/Page_Swag Labs/input_Swag Labs_login-button' is clicked on

2023-06-09 16:02:24 - [MESSAGE][PASSED] - Object: 'Object Repository/Assignment/Data_Driven_Testing/Saucedemo_Login/Page_Swag Labs/input_Swag Labs_login-button' is clicked on

2023-06-09 16:02:24 - [TEST_STEP][PASSED] - delay(3): Delayed 3 second(s)

2023-06-09 16:02:27 - [MESSAGE][PASSED] - Delayed 3 second(s)

2023-06-09 16:02:27 - [TEST_STEP][PASSED] - Start listener action : sampleAfterTestCase: Browser is closed

2023-06-09 16:02:27 - [TEST_STEP][PASSED] - closeBrowser(): Browser is closed

2023-06-09 16:02:27 - [MESSAGE][PASSED] - Browser is closed]]></system-out>
         <system-err><![CDATA[]]></system-err>
      </testcase>
      <testcase name="Test Cases/Final_Assignment/Saucedemo/Saucedemo_Login_Data" time="8.083" classname="Test Cases/Final_Assignment/Saucedemo/Saucedemo_Login_Data" status="PASSED">
         <system-out><![CDATA[2023-06-09 16:02:27 - [TEST_CASE][PASSED] - Test Cases/Final_Assignment/Saucedemo/Saucedemo_Login_Data: Test Cases/Final_Assignment/Saucedemo/Saucedemo_Login_Data

2023-06-09 16:02:28 - [TEST_STEP][PASSED] - Start listener action : sampleBeforeTestCase: Navigate to 'https://www.saucedemo.com/' successfully

2023-06-09 16:02:28 - [TEST_STEP][PASSED] - openBrowser(""): Browser is opened with url: ''

2023-06-09 16:02:28 - [MESSAGE][INFO] - Starting 'Chrome' driver

2023-06-09 16:02:28 - [MESSAGE][INFO] - Action delay is set to 0 milliseconds

2023-06-09 16:02:28 - [MESSAGE][PASSED] - Browser is opened with url: ''

2023-06-09 16:02:28 - [TEST_STEP][PASSED] - navigateToUrl(Saucedemo): Navigate to 'https://www.saucedemo.com/' successfully

2023-06-09 16:02:29 - [MESSAGE][PASSED] - Navigate to 'https://www.saucedemo.com/' successfully

2023-06-09 16:02:29 - [TEST_STEP][PASSED] - click(findTestObject("Object Repository/Assignment/Data_Driven_Testing/Saucedemo_Login/Page_Swag Labs/input_Swag Labs_user-name")): Object: 'Object Repository/Assignment/Data_Driven_Testing/Saucedemo_Login/Page_Swag Labs/input_Swag Labs_user-name' is clicked on

2023-06-09 16:02:30 - [MESSAGE][PASSED] - Object: 'Object Repository/Assignment/Data_Driven_Testing/Saucedemo_Login/Page_Swag Labs/input_Swag Labs_user-name' is clicked on

2023-06-09 16:02:30 - [TEST_STEP][PASSED] - click(findTestObject("Object Repository/Assignment/Data_Driven_Testing/Saucedemo_Login/Page_Swag Labs/div_Accepted usernames arestandard_userlock_0ab16f")): Object: 'Object Repository/Assignment/Data_Driven_Testing/Saucedemo_Login/Page_Swag Labs/div_Accepted usernames arestandard_userlock_0ab16f' is clicked on

2023-06-09 16:02:30 - [MESSAGE][PASSED] - Object: 'Object Repository/Assignment/Data_Driven_Testing/Saucedemo_Login/Page_Swag Labs/div_Accepted usernames arestandard_userlock_0ab16f' is clicked on

2023-06-09 16:02:30 - [TEST_STEP][PASSED] - setText(findTestObject("Object Repository/Assignment/Data_Driven_Testing/Saucedemo_Login/Page_Swag Labs/input_Swag Labs_user-name"), Username): Text 'locked_out_user' is set on object 'Object Repository/Assignment/Data_Driven_Testing/Saucedemo_Login/Page_Swag Labs/input_Swag Labs_user-name'

2023-06-09 16:02:31 - [MESSAGE][PASSED] - Text 'locked_out_user' is set on object 'Object Repository/Assignment/Data_Driven_Testing/Saucedemo_Login/Page_Swag Labs/input_Swag Labs_user-name'

2023-06-09 16:02:31 - [TEST_STEP][PASSED] - click(findTestObject("Object Repository/Assignment/Data_Driven_Testing/Saucedemo_Login/Page_Swag Labs/div_Password for all userssecret_sauce")): Object: 'Object Repository/Assignment/Data_Driven_Testing/Saucedemo_Login/Page_Swag Labs/div_Password for all userssecret_sauce' is clicked on

2023-06-09 16:02:31 - [MESSAGE][PASSED] - Object: 'Object Repository/Assignment/Data_Driven_Testing/Saucedemo_Login/Page_Swag Labs/div_Password for all userssecret_sauce' is clicked on

2023-06-09 16:02:31 - [TEST_STEP][PASSED] - setText(findTestObject("Object Repository/Assignment/Data_Driven_Testing/Saucedemo_Login/Page_Swag Labs/input_Swag Labs_password"), Password): Text 'secret_sauce' is set on object 'Object Repository/Assignment/Data_Driven_Testing/Saucedemo_Login/Page_Swag Labs/input_Swag Labs_password'

2023-06-09 16:02:32 - [MESSAGE][PASSED] - Text 'secret_sauce' is set on object 'Object Repository/Assignment/Data_Driven_Testing/Saucedemo_Login/Page_Swag Labs/input_Swag Labs_password'

2023-06-09 16:02:32 - [TEST_STEP][PASSED] - click(findTestObject("Object Repository/Assignment/Data_Driven_Testing/Saucedemo_Login/Page_Swag Labs/input_Swag Labs_login-button")): Object: 'Object Repository/Assignment/Data_Driven_Testing/Saucedemo_Login/Page_Swag Labs/input_Swag Labs_login-button' is clicked on

2023-06-09 16:02:32 - [MESSAGE][PASSED] - Object: 'Object Repository/Assignment/Data_Driven_Testing/Saucedemo_Login/Page_Swag Labs/input_Swag Labs_login-button' is clicked on

2023-06-09 16:02:32 - [TEST_STEP][PASSED] - delay(3): Delayed 3 second(s)

2023-06-09 16:02:35 - [MESSAGE][PASSED] - Delayed 3 second(s)

2023-06-09 16:02:35 - [TEST_STEP][PASSED] - Start listener action : sampleAfterTestCase: Browser is closed

2023-06-09 16:02:35 - [TEST_STEP][PASSED] - closeBrowser(): Browser is closed

2023-06-09 16:02:36 - [MESSAGE][PASSED] - Browser is closed]]></system-out>
         <system-err><![CDATA[]]></system-err>
      </testcase>
      <testcase name="Test Cases/Final_Assignment/Saucedemo/Saucedemo_Login_Data" time="7.841" classname="Test Cases/Final_Assignment/Saucedemo/Saucedemo_Login_Data" status="PASSED">
         <system-out><![CDATA[2023-06-09 16:02:36 - [TEST_CASE][PASSED] - Test Cases/Final_Assignment/Saucedemo/Saucedemo_Login_Data: Test Cases/Final_Assignment/Saucedemo/Saucedemo_Login_Data

2023-06-09 16:02:36 - [TEST_STEP][PASSED] - Start listener action : sampleBeforeTestCase: Navigate to 'https://www.saucedemo.com/' successfully

2023-06-09 16:02:36 - [TEST_STEP][PASSED] - openBrowser(""): Browser is opened with url: ''

2023-06-09 16:02:36 - [MESSAGE][INFO] - Starting 'Chrome' driver

2023-06-09 16:02:36 - [MESSAGE][INFO] - Action delay is set to 0 milliseconds

2023-06-09 16:02:36 - [MESSAGE][PASSED] - Browser is opened with url: ''

2023-06-09 16:02:36 - [TEST_STEP][PASSED] - navigateToUrl(Saucedemo): Navigate to 'https://www.saucedemo.com/' successfully

2023-06-09 16:02:37 - [MESSAGE][PASSED] - Navigate to 'https://www.saucedemo.com/' successfully

2023-06-09 16:02:37 - [TEST_STEP][PASSED] - click(findTestObject("Object Repository/Assignment/Data_Driven_Testing/Saucedemo_Login/Page_Swag Labs/input_Swag Labs_user-name")): Object: 'Object Repository/Assignment/Data_Driven_Testing/Saucedemo_Login/Page_Swag Labs/input_Swag Labs_user-name' is clicked on

2023-06-09 16:02:38 - [MESSAGE][PASSED] - Object: 'Object Repository/Assignment/Data_Driven_Testing/Saucedemo_Login/Page_Swag Labs/input_Swag Labs_user-name' is clicked on

2023-06-09 16:02:38 - [TEST_STEP][PASSED] - click(findTestObject("Object Repository/Assignment/Data_Driven_Testing/Saucedemo_Login/Page_Swag Labs/div_Accepted usernames arestandard_userlock_0ab16f")): Object: 'Object Repository/Assignment/Data_Driven_Testing/Saucedemo_Login/Page_Swag Labs/div_Accepted usernames arestandard_userlock_0ab16f' is clicked on

2023-06-09 16:02:38 - [MESSAGE][PASSED] - Object: 'Object Repository/Assignment/Data_Driven_Testing/Saucedemo_Login/Page_Swag Labs/div_Accepted usernames arestandard_userlock_0ab16f' is clicked on

2023-06-09 16:02:38 - [TEST_STEP][PASSED] - setText(findTestObject("Object Repository/Assignment/Data_Driven_Testing/Saucedemo_Login/Page_Swag Labs/input_Swag Labs_user-name"), Username): Text 'problem_user' is set on object 'Object Repository/Assignment/Data_Driven_Testing/Saucedemo_Login/Page_Swag Labs/input_Swag Labs_user-name'

2023-06-09 16:02:39 - [MESSAGE][PASSED] - Text 'problem_user' is set on object 'Object Repository/Assignment/Data_Driven_Testing/Saucedemo_Login/Page_Swag Labs/input_Swag Labs_user-name'

2023-06-09 16:02:39 - [TEST_STEP][PASSED] - click(findTestObject("Object Repository/Assignment/Data_Driven_Testing/Saucedemo_Login/Page_Swag Labs/div_Password for all userssecret_sauce")): Object: 'Object Repository/Assignment/Data_Driven_Testing/Saucedemo_Login/Page_Swag Labs/div_Password for all userssecret_sauce' is clicked on

2023-06-09 16:02:39 - [MESSAGE][PASSED] - Object: 'Object Repository/Assignment/Data_Driven_Testing/Saucedemo_Login/Page_Swag Labs/div_Password for all userssecret_sauce' is clicked on

2023-06-09 16:02:39 - [TEST_STEP][PASSED] - setText(findTestObject("Object Repository/Assignment/Data_Driven_Testing/Saucedemo_Login/Page_Swag Labs/input_Swag Labs_password"), Password): Text 'secret_sauce' is set on object 'Object Repository/Assignment/Data_Driven_Testing/Saucedemo_Login/Page_Swag Labs/input_Swag Labs_password'

2023-06-09 16:02:40 - [MESSAGE][PASSED] - Text 'secret_sauce' is set on object 'Object Repository/Assignment/Data_Driven_Testing/Saucedemo_Login/Page_Swag Labs/input_Swag Labs_password'

2023-06-09 16:02:40 - [TEST_STEP][PASSED] - click(findTestObject("Object Repository/Assignment/Data_Driven_Testing/Saucedemo_Login/Page_Swag Labs/input_Swag Labs_login-button")): Object: 'Object Repository/Assignment/Data_Driven_Testing/Saucedemo_Login/Page_Swag Labs/input_Swag Labs_login-button' is clicked on

2023-06-09 16:02:40 - [MESSAGE][PASSED] - Object: 'Object Repository/Assignment/Data_Driven_Testing/Saucedemo_Login/Page_Swag Labs/input_Swag Labs_login-button' is clicked on

2023-06-09 16:02:40 - [TEST_STEP][PASSED] - delay(3): Delayed 3 second(s)

2023-06-09 16:02:43 - [MESSAGE][PASSED] - Delayed 3 second(s)

2023-06-09 16:02:43 - [TEST_STEP][PASSED] - Start listener action : sampleAfterTestCase: Browser is closed

2023-06-09 16:02:43 - [TEST_STEP][PASSED] - closeBrowser(): Browser is closed

2023-06-09 16:02:43 - [MESSAGE][PASSED] - Browser is closed]]></system-out>
         <system-err><![CDATA[]]></system-err>
      </testcase>
      <testcase name="Test Cases/Final_Assignment/Saucedemo/Saucedemo_Login_Data" time="13.459" classname="Test Cases/Final_Assignment/Saucedemo/Saucedemo_Login_Data" status="PASSED">
         <system-out><![CDATA[2023-06-09 16:02:44 - [TEST_CASE][PASSED] - Test Cases/Final_Assignment/Saucedemo/Saucedemo_Login_Data: Test Cases/Final_Assignment/Saucedemo/Saucedemo_Login_Data

2023-06-09 16:02:44 - [TEST_STEP][PASSED] - Start listener action : sampleBeforeTestCase: Navigate to 'https://www.saucedemo.com/' successfully

2023-06-09 16:02:44 - [TEST_STEP][PASSED] - openBrowser(""): Browser is opened with url: ''

2023-06-09 16:02:44 - [MESSAGE][INFO] - Starting 'Chrome' driver

2023-06-09 16:02:44 - [MESSAGE][INFO] - Action delay is set to 0 milliseconds

2023-06-09 16:02:44 - [MESSAGE][PASSED] - Browser is opened with url: ''

2023-06-09 16:02:44 - [TEST_STEP][PASSED] - navigateToUrl(Saucedemo): Navigate to 'https://www.saucedemo.com/' successfully

2023-06-09 16:02:45 - [MESSAGE][PASSED] - Navigate to 'https://www.saucedemo.com/' successfully

2023-06-09 16:02:45 - [TEST_STEP][PASSED] - click(findTestObject("Object Repository/Assignment/Data_Driven_Testing/Saucedemo_Login/Page_Swag Labs/input_Swag Labs_user-name")): Object: 'Object Repository/Assignment/Data_Driven_Testing/Saucedemo_Login/Page_Swag Labs/input_Swag Labs_user-name' is clicked on

2023-06-09 16:02:46 - [MESSAGE][PASSED] - Object: 'Object Repository/Assignment/Data_Driven_Testing/Saucedemo_Login/Page_Swag Labs/input_Swag Labs_user-name' is clicked on

2023-06-09 16:02:46 - [TEST_STEP][PASSED] - click(findTestObject("Object Repository/Assignment/Data_Driven_Testing/Saucedemo_Login/Page_Swag Labs/div_Accepted usernames arestandard_userlock_0ab16f")): Object: 'Object Repository/Assignment/Data_Driven_Testing/Saucedemo_Login/Page_Swag Labs/div_Accepted usernames arestandard_userlock_0ab16f' is clicked on

2023-06-09 16:02:46 - [MESSAGE][PASSED] - Object: 'Object Repository/Assignment/Data_Driven_Testing/Saucedemo_Login/Page_Swag Labs/div_Accepted usernames arestandard_userlock_0ab16f' is clicked on

2023-06-09 16:02:46 - [TEST_STEP][PASSED] - setText(findTestObject("Object Repository/Assignment/Data_Driven_Testing/Saucedemo_Login/Page_Swag Labs/input_Swag Labs_user-name"), Username): Text 'performance_glitch_user' is set on object 'Object Repository/Assignment/Data_Driven_Testing/Saucedemo_Login/Page_Swag Labs/input_Swag Labs_user-name'

2023-06-09 16:02:47 - [MESSAGE][PASSED] - Text 'performance_glitch_user' is set on object 'Object Repository/Assignment/Data_Driven_Testing/Saucedemo_Login/Page_Swag Labs/input_Swag Labs_user-name'

2023-06-09 16:02:47 - [TEST_STEP][PASSED] - click(findTestObject("Object Repository/Assignment/Data_Driven_Testing/Saucedemo_Login/Page_Swag Labs/div_Password for all userssecret_sauce")): Object: 'Object Repository/Assignment/Data_Driven_Testing/Saucedemo_Login/Page_Swag Labs/div_Password for all userssecret_sauce' is clicked on

2023-06-09 16:02:47 - [MESSAGE][PASSED] - Object: 'Object Repository/Assignment/Data_Driven_Testing/Saucedemo_Login/Page_Swag Labs/div_Password for all userssecret_sauce' is clicked on

2023-06-09 16:02:47 - [TEST_STEP][PASSED] - setText(findTestObject("Object Repository/Assignment/Data_Driven_Testing/Saucedemo_Login/Page_Swag Labs/input_Swag Labs_password"), Password): Text 'secret_sauce' is set on object 'Object Repository/Assignment/Data_Driven_Testing/Saucedemo_Login/Page_Swag Labs/input_Swag Labs_password'

2023-06-09 16:02:48 - [MESSAGE][PASSED] - Text 'secret_sauce' is set on object 'Object Repository/Assignment/Data_Driven_Testing/Saucedemo_Login/Page_Swag Labs/input_Swag Labs_password'

2023-06-09 16:02:48 - [TEST_STEP][PASSED] - click(findTestObject("Object Repository/Assignment/Data_Driven_Testing/Saucedemo_Login/Page_Swag Labs/input_Swag Labs_login-button")): Object: 'Object Repository/Assignment/Data_Driven_Testing/Saucedemo_Login/Page_Swag Labs/input_Swag Labs_login-button' is clicked on

2023-06-09 16:02:54 - [MESSAGE][PASSED] - Object: 'Object Repository/Assignment/Data_Driven_Testing/Saucedemo_Login/Page_Swag Labs/input_Swag Labs_login-button' is clicked on

2023-06-09 16:02:54 - [TEST_STEP][PASSED] - delay(3): Delayed 3 second(s)

2023-06-09 16:02:57 - [MESSAGE][PASSED] - Delayed 3 second(s)

2023-06-09 16:02:57 - [TEST_STEP][PASSED] - Start listener action : sampleAfterTestCase: Browser is closed

2023-06-09 16:02:57 - [TEST_STEP][PASSED] - closeBrowser(): Browser is closed

2023-06-09 16:02:57 - [MESSAGE][PASSED] - Browser is closed]]></system-out>
         <system-err><![CDATA[]]></system-err>
      </testcase>
      <system-out><![CDATA[2023-06-09 16:02:16 - [TEST_SUITE][PASSED] - Saucedemo_Login: Test Cases/Final_Assignment/Saucedemo/Saucedemo_Login_Data]]></system-out>
      <system-err><![CDATA[]]></system-err>
   </testsuite>
</testsuites>
