<?xml version="1.0" encoding="UTF-8"?>
<testsuites name="Data_Driven_Testing" time="36.158" tests="4" failures="0" errors="0">
   <testsuite name="Data_Driven_Testing" tests="4" failures="0" errors="0" time="36.158" skipped="0" timestamp="2023-06-09 16:53:57" hostname="kunj - SF-CPU-579" id="Test Suites/Data_Driven_Testing">
      <properties>
         <property name="deviceName" value=""/>
         <property name="devicePlatform" value=""/>
         <property name="logFolder" value="/home/kunj/git/KatalonTest/Reports/20230609_165154/Data_Driven_Testing/20230609_165157"/>
         <property name="logFiles" value="/home/kunj/git/KatalonTest/Reports/20230609_165154/Data_Driven_Testing/20230609_165157/execution0.log"/>
         <property name="attachments" value=""/>
         <property name="hostName" value="kunj - SF-CPU-579"/>
         <property name="os" value="Linux 64bit"/>
         <property name="katalonVersion" value="8.6.5.208"/>
         <property name="browser" value="Chrome 110.0.0.0"/>
         <property name="hostAddress" value="127.0.1.1"/>
         <property name="sessionId" value="29b2fb4d46af138d56666980b4fcebc8"/>
         <property name="seleniumVersion" value="3.141.59"/>
         <property name="proxyInformation" value="ProxyInformation { proxyOption=NO_PROXY, proxyServerType=HTTP, username=, password=********, proxyServerAddress=, proxyServerPort=0, executionList=&quot;&quot;, isApplyToDesiredCapabilities=true }"/>
         <property name="platform" value="Linux"/>
      </properties>
      <testcase name="Test Cases/Final_Assignment/Saucedemo/DataDriven_Login" time="8.284" classname="Test Cases/Final_Assignment/Saucedemo/DataDriven_Login" status="PASSED">
         <system-out><![CDATA[2023-06-09 16:53:57 - [TEST_CASE][PASSED] - Test Cases/Final_Assignment/Saucedemo/DataDriven_Login: Test Cases/Final_Assignment/Saucedemo/DataDriven_Login

2023-06-09 16:53:57 - [TEST_STEP][PASSED] - Start listener action : sampleBeforeTestCase: Navigate to 'https://www.saucedemo.com/' successfully

2023-06-09 16:53:57 - [TEST_STEP][PASSED] - openBrowser(""): Browser is opened with url: ''

2023-06-09 16:53:57 - [MESSAGE][INFO] - Starting 'Chrome' driver

2023-06-09 16:53:57 - [MESSAGE][INFO] - Action delay is set to 0 milliseconds

2023-06-09 16:53:58 - [MESSAGE][PASSED] - Browser is opened with url: ''

2023-06-09 16:53:58 - [TEST_STEP][PASSED] - navigateToUrl(Saucedemo): Navigate to 'https://www.saucedemo.com/' successfully

2023-06-09 16:53:58 - [MESSAGE][PASSED] - Navigate to 'https://www.saucedemo.com/' successfully

2023-06-09 16:53:59 - [TEST_STEP][PASSED] - click(findTestObject("Object Repository/Assignment/Data_Driven_Testing/Saucedemo_Login/Page_Swag Labs/input_Swag Labs_user-name")): Object: 'Object Repository/Assignment/Data_Driven_Testing/Saucedemo_Login/Page_Swag Labs/input_Swag Labs_user-name' is clicked on

2023-06-09 16:53:59 - [MESSAGE][PASSED] - Object: 'Object Repository/Assignment/Data_Driven_Testing/Saucedemo_Login/Page_Swag Labs/input_Swag Labs_user-name' is clicked on

2023-06-09 16:53:59 - [TEST_STEP][PASSED] - click(findTestObject("Object Repository/Assignment/Data_Driven_Testing/Saucedemo_Login/Page_Swag Labs/div_Accepted usernames arestandard_userlock_0ab16f")): Object: 'Object Repository/Assignment/Data_Driven_Testing/Saucedemo_Login/Page_Swag Labs/div_Accepted usernames arestandard_userlock_0ab16f' is clicked on

2023-06-09 16:53:59 - [MESSAGE][PASSED] - Object: 'Object Repository/Assignment/Data_Driven_Testing/Saucedemo_Login/Page_Swag Labs/div_Accepted usernames arestandard_userlock_0ab16f' is clicked on

2023-06-09 16:53:59 - [TEST_STEP][PASSED] - setText(findTestObject("Object Repository/Assignment/Data_Driven_Testing/Saucedemo_Login/Page_Swag Labs/input_Swag Labs_user-name"), Username): Text 'standard_user' is set on object 'Object Repository/Assignment/Data_Driven_Testing/Saucedemo_Login/Page_Swag Labs/input_Swag Labs_user-name'

2023-06-09 16:54:00 - [MESSAGE][PASSED] - Text 'standard_user' is set on object 'Object Repository/Assignment/Data_Driven_Testing/Saucedemo_Login/Page_Swag Labs/input_Swag Labs_user-name'

2023-06-09 16:54:00 - [TEST_STEP][PASSED] - click(findTestObject("Object Repository/Assignment/Data_Driven_Testing/Saucedemo_Login/Page_Swag Labs/div_Password for all userssecret_sauce")): Object: 'Object Repository/Assignment/Data_Driven_Testing/Saucedemo_Login/Page_Swag Labs/div_Password for all userssecret_sauce' is clicked on

2023-06-09 16:54:01 - [MESSAGE][PASSED] - Object: 'Object Repository/Assignment/Data_Driven_Testing/Saucedemo_Login/Page_Swag Labs/div_Password for all userssecret_sauce' is clicked on

2023-06-09 16:54:01 - [TEST_STEP][PASSED] - setText(findTestObject("Object Repository/Assignment/Data_Driven_Testing/Saucedemo_Login/Page_Swag Labs/input_Swag Labs_password"), Password): Text 'secret_sauce' is set on object 'Object Repository/Assignment/Data_Driven_Testing/Saucedemo_Login/Page_Swag Labs/input_Swag Labs_password'

2023-06-09 16:54:02 - [MESSAGE][PASSED] - Text 'secret_sauce' is set on object 'Object Repository/Assignment/Data_Driven_Testing/Saucedemo_Login/Page_Swag Labs/input_Swag Labs_password'

2023-06-09 16:54:02 - [TEST_STEP][PASSED] - click(findTestObject("Object Repository/Assignment/Data_Driven_Testing/Saucedemo_Login/Page_Swag Labs/input_Swag Labs_login-button")): Object: 'Object Repository/Assignment/Data_Driven_Testing/Saucedemo_Login/Page_Swag Labs/input_Swag Labs_login-button' is clicked on

2023-06-09 16:54:02 - [MESSAGE][PASSED] - Object: 'Object Repository/Assignment/Data_Driven_Testing/Saucedemo_Login/Page_Swag Labs/input_Swag Labs_login-button' is clicked on

2023-06-09 16:54:02 - [TEST_STEP][PASSED] - delay(3): Delayed 3 second(s)

2023-06-09 16:54:05 - [MESSAGE][PASSED] - Delayed 3 second(s)

2023-06-09 16:54:05 - [TEST_STEP][PASSED] - Start listener action : sampleAfterTestCase: Browser is closed

2023-06-09 16:54:05 - [TEST_STEP][PASSED] - closeBrowser(): Browser is closed

2023-06-09 16:54:05 - [MESSAGE][PASSED] - Browser is closed]]></system-out>
         <system-err><![CDATA[]]></system-err>
      </testcase>
      <testcase name="Test Cases/Final_Assignment/Saucedemo/DataDriven_Login" time="7.568" classname="Test Cases/Final_Assignment/Saucedemo/DataDriven_Login" status="PASSED">
         <system-out><![CDATA[2023-06-09 16:54:05 - [TEST_CASE][PASSED] - Test Cases/Final_Assignment/Saucedemo/DataDriven_Login: Test Cases/Final_Assignment/Saucedemo/DataDriven_Login

2023-06-09 16:54:05 - [TEST_STEP][PASSED] - Start listener action : sampleBeforeTestCase: Navigate to 'https://www.saucedemo.com/' successfully

2023-06-09 16:54:05 - [TEST_STEP][PASSED] - openBrowser(""): Browser is opened with url: ''

2023-06-09 16:54:05 - [MESSAGE][INFO] - Starting 'Chrome' driver

2023-06-09 16:54:05 - [MESSAGE][INFO] - Action delay is set to 0 milliseconds

2023-06-09 16:54:06 - [MESSAGE][PASSED] - Browser is opened with url: ''

2023-06-09 16:54:06 - [TEST_STEP][PASSED] - navigateToUrl(Saucedemo): Navigate to 'https://www.saucedemo.com/' successfully

2023-06-09 16:54:06 - [MESSAGE][PASSED] - Navigate to 'https://www.saucedemo.com/' successfully

2023-06-09 16:54:06 - [TEST_STEP][PASSED] - click(findTestObject("Object Repository/Assignment/Data_Driven_Testing/Saucedemo_Login/Page_Swag Labs/input_Swag Labs_user-name")): Object: 'Object Repository/Assignment/Data_Driven_Testing/Saucedemo_Login/Page_Swag Labs/input_Swag Labs_user-name' is clicked on

2023-06-09 16:54:07 - [MESSAGE][PASSED] - Object: 'Object Repository/Assignment/Data_Driven_Testing/Saucedemo_Login/Page_Swag Labs/input_Swag Labs_user-name' is clicked on

2023-06-09 16:54:07 - [TEST_STEP][PASSED] - click(findTestObject("Object Repository/Assignment/Data_Driven_Testing/Saucedemo_Login/Page_Swag Labs/div_Accepted usernames arestandard_userlock_0ab16f")): Object: 'Object Repository/Assignment/Data_Driven_Testing/Saucedemo_Login/Page_Swag Labs/div_Accepted usernames arestandard_userlock_0ab16f' is clicked on

2023-06-09 16:54:07 - [MESSAGE][PASSED] - Object: 'Object Repository/Assignment/Data_Driven_Testing/Saucedemo_Login/Page_Swag Labs/div_Accepted usernames arestandard_userlock_0ab16f' is clicked on

2023-06-09 16:54:07 - [TEST_STEP][PASSED] - setText(findTestObject("Object Repository/Assignment/Data_Driven_Testing/Saucedemo_Login/Page_Swag Labs/input_Swag Labs_user-name"), Username): Text 'locked_out_user' is set on object 'Object Repository/Assignment/Data_Driven_Testing/Saucedemo_Login/Page_Swag Labs/input_Swag Labs_user-name'

2023-06-09 16:54:08 - [MESSAGE][PASSED] - Text 'locked_out_user' is set on object 'Object Repository/Assignment/Data_Driven_Testing/Saucedemo_Login/Page_Swag Labs/input_Swag Labs_user-name'

2023-06-09 16:54:08 - [TEST_STEP][PASSED] - click(findTestObject("Object Repository/Assignment/Data_Driven_Testing/Saucedemo_Login/Page_Swag Labs/div_Password for all userssecret_sauce")): Object: 'Object Repository/Assignment/Data_Driven_Testing/Saucedemo_Login/Page_Swag Labs/div_Password for all userssecret_sauce' is clicked on

2023-06-09 16:54:08 - [MESSAGE][PASSED] - Object: 'Object Repository/Assignment/Data_Driven_Testing/Saucedemo_Login/Page_Swag Labs/div_Password for all userssecret_sauce' is clicked on

2023-06-09 16:54:08 - [TEST_STEP][PASSED] - setText(findTestObject("Object Repository/Assignment/Data_Driven_Testing/Saucedemo_Login/Page_Swag Labs/input_Swag Labs_password"), Password): Text 'secret_sauce' is set on object 'Object Repository/Assignment/Data_Driven_Testing/Saucedemo_Login/Page_Swag Labs/input_Swag Labs_password'

2023-06-09 16:54:09 - [MESSAGE][PASSED] - Text 'secret_sauce' is set on object 'Object Repository/Assignment/Data_Driven_Testing/Saucedemo_Login/Page_Swag Labs/input_Swag Labs_password'

2023-06-09 16:54:09 - [TEST_STEP][PASSED] - click(findTestObject("Object Repository/Assignment/Data_Driven_Testing/Saucedemo_Login/Page_Swag Labs/input_Swag Labs_login-button")): Object: 'Object Repository/Assignment/Data_Driven_Testing/Saucedemo_Login/Page_Swag Labs/input_Swag Labs_login-button' is clicked on

2023-06-09 16:54:10 - [MESSAGE][PASSED] - Object: 'Object Repository/Assignment/Data_Driven_Testing/Saucedemo_Login/Page_Swag Labs/input_Swag Labs_login-button' is clicked on

2023-06-09 16:54:10 - [TEST_STEP][PASSED] - delay(3): Delayed 3 second(s)

2023-06-09 16:54:13 - [MESSAGE][PASSED] - Delayed 3 second(s)

2023-06-09 16:54:13 - [TEST_STEP][PASSED] - Start listener action : sampleAfterTestCase: Browser is closed

2023-06-09 16:54:13 - [TEST_STEP][PASSED] - closeBrowser(): Browser is closed

2023-06-09 16:54:13 - [MESSAGE][PASSED] - Browser is closed]]></system-out>
         <system-err><![CDATA[]]></system-err>
      </testcase>
      <testcase name="Test Cases/Final_Assignment/Saucedemo/DataDriven_Login" time="7.588" classname="Test Cases/Final_Assignment/Saucedemo/DataDriven_Login" status="PASSED">
         <system-out><![CDATA[2023-06-09 16:54:13 - [TEST_CASE][PASSED] - Test Cases/Final_Assignment/Saucedemo/DataDriven_Login: Test Cases/Final_Assignment/Saucedemo/DataDriven_Login

2023-06-09 16:54:13 - [TEST_STEP][PASSED] - Start listener action : sampleBeforeTestCase: Navigate to 'https://www.saucedemo.com/' successfully

2023-06-09 16:54:13 - [TEST_STEP][PASSED] - openBrowser(""): Browser is opened with url: ''

2023-06-09 16:54:13 - [MESSAGE][INFO] - Starting 'Chrome' driver

2023-06-09 16:54:13 - [MESSAGE][INFO] - Action delay is set to 0 milliseconds

2023-06-09 16:54:13 - [MESSAGE][PASSED] - Browser is opened with url: ''

2023-06-09 16:54:13 - [TEST_STEP][PASSED] - navigateToUrl(Saucedemo): Navigate to 'https://www.saucedemo.com/' successfully

2023-06-09 16:54:14 - [MESSAGE][PASSED] - Navigate to 'https://www.saucedemo.com/' successfully

2023-06-09 16:54:14 - [TEST_STEP][PASSED] - click(findTestObject("Object Repository/Assignment/Data_Driven_Testing/Saucedemo_Login/Page_Swag Labs/input_Swag Labs_user-name")): Object: 'Object Repository/Assignment/Data_Driven_Testing/Saucedemo_Login/Page_Swag Labs/input_Swag Labs_user-name' is clicked on

2023-06-09 16:54:14 - [MESSAGE][PASSED] - Object: 'Object Repository/Assignment/Data_Driven_Testing/Saucedemo_Login/Page_Swag Labs/input_Swag Labs_user-name' is clicked on

2023-06-09 16:54:14 - [TEST_STEP][PASSED] - click(findTestObject("Object Repository/Assignment/Data_Driven_Testing/Saucedemo_Login/Page_Swag Labs/div_Accepted usernames arestandard_userlock_0ab16f")): Object: 'Object Repository/Assignment/Data_Driven_Testing/Saucedemo_Login/Page_Swag Labs/div_Accepted usernames arestandard_userlock_0ab16f' is clicked on

2023-06-09 16:54:15 - [MESSAGE][PASSED] - Object: 'Object Repository/Assignment/Data_Driven_Testing/Saucedemo_Login/Page_Swag Labs/div_Accepted usernames arestandard_userlock_0ab16f' is clicked on

2023-06-09 16:54:15 - [TEST_STEP][PASSED] - setText(findTestObject("Object Repository/Assignment/Data_Driven_Testing/Saucedemo_Login/Page_Swag Labs/input_Swag Labs_user-name"), Username): Text 'problem_user' is set on object 'Object Repository/Assignment/Data_Driven_Testing/Saucedemo_Login/Page_Swag Labs/input_Swag Labs_user-name'

2023-06-09 16:54:15 - [MESSAGE][PASSED] - Text 'problem_user' is set on object 'Object Repository/Assignment/Data_Driven_Testing/Saucedemo_Login/Page_Swag Labs/input_Swag Labs_user-name'

2023-06-09 16:54:15 - [TEST_STEP][PASSED] - click(findTestObject("Object Repository/Assignment/Data_Driven_Testing/Saucedemo_Login/Page_Swag Labs/div_Password for all userssecret_sauce")): Object: 'Object Repository/Assignment/Data_Driven_Testing/Saucedemo_Login/Page_Swag Labs/div_Password for all userssecret_sauce' is clicked on

2023-06-09 16:54:16 - [MESSAGE][PASSED] - Object: 'Object Repository/Assignment/Data_Driven_Testing/Saucedemo_Login/Page_Swag Labs/div_Password for all userssecret_sauce' is clicked on

2023-06-09 16:54:16 - [TEST_STEP][PASSED] - setText(findTestObject("Object Repository/Assignment/Data_Driven_Testing/Saucedemo_Login/Page_Swag Labs/input_Swag Labs_password"), Password): Text 'secret_sauce' is set on object 'Object Repository/Assignment/Data_Driven_Testing/Saucedemo_Login/Page_Swag Labs/input_Swag Labs_password'

2023-06-09 16:54:17 - [MESSAGE][PASSED] - Text 'secret_sauce' is set on object 'Object Repository/Assignment/Data_Driven_Testing/Saucedemo_Login/Page_Swag Labs/input_Swag Labs_password'

2023-06-09 16:54:17 - [TEST_STEP][PASSED] - click(findTestObject("Object Repository/Assignment/Data_Driven_Testing/Saucedemo_Login/Page_Swag Labs/input_Swag Labs_login-button")): Object: 'Object Repository/Assignment/Data_Driven_Testing/Saucedemo_Login/Page_Swag Labs/input_Swag Labs_login-button' is clicked on

2023-06-09 16:54:17 - [MESSAGE][PASSED] - Object: 'Object Repository/Assignment/Data_Driven_Testing/Saucedemo_Login/Page_Swag Labs/input_Swag Labs_login-button' is clicked on

2023-06-09 16:54:17 - [TEST_STEP][PASSED] - delay(3): Delayed 3 second(s)

2023-06-09 16:54:20 - [MESSAGE][PASSED] - Delayed 3 second(s)

2023-06-09 16:54:20 - [TEST_STEP][PASSED] - Start listener action : sampleAfterTestCase: Browser is closed

2023-06-09 16:54:20 - [TEST_STEP][PASSED] - closeBrowser(): Browser is closed

2023-06-09 16:54:20 - [MESSAGE][PASSED] - Browser is closed]]></system-out>
         <system-err><![CDATA[]]></system-err>
      </testcase>
      <testcase name="Test Cases/Final_Assignment/Saucedemo/DataDriven_Login" time="12.477" classname="Test Cases/Final_Assignment/Saucedemo/DataDriven_Login" status="PASSED">
         <system-out><![CDATA[2023-06-09 16:54:20 - [TEST_CASE][PASSED] - Test Cases/Final_Assignment/Saucedemo/DataDriven_Login: Test Cases/Final_Assignment/Saucedemo/DataDriven_Login

2023-06-09 16:54:20 - [TEST_STEP][PASSED] - Start listener action : sampleBeforeTestCase: Navigate to 'https://www.saucedemo.com/' successfully

2023-06-09 16:54:20 - [TEST_STEP][PASSED] - openBrowser(""): Browser is opened with url: ''

2023-06-09 16:54:20 - [MESSAGE][INFO] - Starting 'Chrome' driver

2023-06-09 16:54:20 - [MESSAGE][INFO] - Action delay is set to 0 milliseconds

2023-06-09 16:54:21 - [MESSAGE][PASSED] - Browser is opened with url: ''

2023-06-09 16:54:21 - [TEST_STEP][PASSED] - navigateToUrl(Saucedemo): Navigate to 'https://www.saucedemo.com/' successfully

2023-06-09 16:54:21 - [MESSAGE][PASSED] - Navigate to 'https://www.saucedemo.com/' successfully

2023-06-09 16:54:21 - [TEST_STEP][PASSED] - click(findTestObject("Object Repository/Assignment/Data_Driven_Testing/Saucedemo_Login/Page_Swag Labs/input_Swag Labs_user-name")): Object: 'Object Repository/Assignment/Data_Driven_Testing/Saucedemo_Login/Page_Swag Labs/input_Swag Labs_user-name' is clicked on

2023-06-09 16:54:22 - [MESSAGE][PASSED] - Object: 'Object Repository/Assignment/Data_Driven_Testing/Saucedemo_Login/Page_Swag Labs/input_Swag Labs_user-name' is clicked on

2023-06-09 16:54:22 - [TEST_STEP][PASSED] - click(findTestObject("Object Repository/Assignment/Data_Driven_Testing/Saucedemo_Login/Page_Swag Labs/div_Accepted usernames arestandard_userlock_0ab16f")): Object: 'Object Repository/Assignment/Data_Driven_Testing/Saucedemo_Login/Page_Swag Labs/div_Accepted usernames arestandard_userlock_0ab16f' is clicked on

2023-06-09 16:54:22 - [MESSAGE][PASSED] - Object: 'Object Repository/Assignment/Data_Driven_Testing/Saucedemo_Login/Page_Swag Labs/div_Accepted usernames arestandard_userlock_0ab16f' is clicked on

2023-06-09 16:54:22 - [TEST_STEP][PASSED] - setText(findTestObject("Object Repository/Assignment/Data_Driven_Testing/Saucedemo_Login/Page_Swag Labs/input_Swag Labs_user-name"), Username): Text 'performance_glitch_user' is set on object 'Object Repository/Assignment/Data_Driven_Testing/Saucedemo_Login/Page_Swag Labs/input_Swag Labs_user-name'

2023-06-09 16:54:23 - [MESSAGE][PASSED] - Text 'performance_glitch_user' is set on object 'Object Repository/Assignment/Data_Driven_Testing/Saucedemo_Login/Page_Swag Labs/input_Swag Labs_user-name'

2023-06-09 16:54:23 - [TEST_STEP][PASSED] - click(findTestObject("Object Repository/Assignment/Data_Driven_Testing/Saucedemo_Login/Page_Swag Labs/div_Password for all userssecret_sauce")): Object: 'Object Repository/Assignment/Data_Driven_Testing/Saucedemo_Login/Page_Swag Labs/div_Password for all userssecret_sauce' is clicked on

2023-06-09 16:54:23 - [MESSAGE][PASSED] - Object: 'Object Repository/Assignment/Data_Driven_Testing/Saucedemo_Login/Page_Swag Labs/div_Password for all userssecret_sauce' is clicked on

2023-06-09 16:54:23 - [TEST_STEP][PASSED] - setText(findTestObject("Object Repository/Assignment/Data_Driven_Testing/Saucedemo_Login/Page_Swag Labs/input_Swag Labs_password"), Password): Text 'secret_sauce' is set on object 'Object Repository/Assignment/Data_Driven_Testing/Saucedemo_Login/Page_Swag Labs/input_Swag Labs_password'

2023-06-09 16:54:24 - [MESSAGE][PASSED] - Text 'secret_sauce' is set on object 'Object Repository/Assignment/Data_Driven_Testing/Saucedemo_Login/Page_Swag Labs/input_Swag Labs_password'

2023-06-09 16:54:24 - [TEST_STEP][PASSED] - click(findTestObject("Object Repository/Assignment/Data_Driven_Testing/Saucedemo_Login/Page_Swag Labs/input_Swag Labs_login-button")): Object: 'Object Repository/Assignment/Data_Driven_Testing/Saucedemo_Login/Page_Swag Labs/input_Swag Labs_login-button' is clicked on

2023-06-09 16:54:30 - [MESSAGE][PASSED] - Object: 'Object Repository/Assignment/Data_Driven_Testing/Saucedemo_Login/Page_Swag Labs/input_Swag Labs_login-button' is clicked on

2023-06-09 16:54:30 - [TEST_STEP][PASSED] - delay(3): Delayed 3 second(s)

2023-06-09 16:54:33 - [MESSAGE][PASSED] - Delayed 3 second(s)

2023-06-09 16:54:33 - [TEST_STEP][PASSED] - Start listener action : sampleAfterTestCase: Browser is closed

2023-06-09 16:54:33 - [TEST_STEP][PASSED] - closeBrowser(): Browser is closed

2023-06-09 16:54:33 - [MESSAGE][PASSED] - Browser is closed]]></system-out>
         <system-err><![CDATA[]]></system-err>
      </testcase>
      <system-out><![CDATA[2023-06-09 16:53:57 - [TEST_SUITE][PASSED] - Data_Driven_Testing: Test Cases/Final_Assignment/Saucedemo/DataDriven_Login]]></system-out>
      <system-err><![CDATA[]]></system-err>
   </testsuite>
</testsuites>
