<?xml version="1.0" encoding="UTF-8"?>
<testsuites name="Saucedemo" time="87.754" tests="3" failures="0" errors="0">
   <testsuite name="Saucedemo" tests="3" failures="0" errors="0" time="87.754" skipped="0" timestamp="2023-06-12 10:53:49" hostname="kunj - SF-CPU-579" id="Test Suites/Saucedemo">
      <properties>
         <property name="deviceName" value=""/>
         <property name="devicePlatform" value=""/>
         <property name="logFolder" value="/home/kunj/git/KatalonTest/Reports/20230612_105334/Saucedemo/20230612_105335"/>
         <property name="logFiles" value="/home/kunj/git/KatalonTest/Reports/20230612_105334/Saucedemo/20230612_105335/execution0.log"/>
         <property name="attachments" value=""/>
         <property name="hostName" value="kunj - SF-CPU-579"/>
         <property name="os" value="Linux 64bit"/>
         <property name="katalonVersion" value="8.6.5.208"/>
         <property name="browser" value="Chrome 110.0.0.0"/>
         <property name="hostAddress" value="127.0.1.1"/>
         <property name="sessionId" value="880ba883920e6139e1b04029074586a8"/>
         <property name="seleniumVersion" value="3.141.59"/>
         <property name="proxyInformation" value="ProxyInformation { proxyOption=NO_PROXY, proxyServerType=HTTP, username=, password=********, proxyServerAddress=, proxyServerPort=0, executionList=&quot;&quot;, isApplyToDesiredCapabilities=true }"/>
         <property name="platform" value="Linux"/>
      </properties>
      <testcase name="Test Cases/Final_Assignment/Saucedemo/Saucedemo_Request_Demosite" time="52.606" classname="Test Cases/Final_Assignment/Saucedemo/Saucedemo_Request_Demosite" status="PASSED">
         <system-out><![CDATA[2023-06-12 10:53:49 - [TEST_CASE][PASSED] - Test Cases/Final_Assignment/Saucedemo/Saucedemo_Request_Demosite: Test Cases/Final_Assignment/Saucedemo/Saucedemo_Request_Demosite

2023-06-12 10:53:50 - [TEST_STEP][PASSED] - openBrowser(""): Browser is opened with url: ''

2023-06-12 10:53:50 - [MESSAGE][INFO] - Starting 'Chrome' driver

2023-06-12 10:53:50 - [MESSAGE][INFO] - Action delay is set to 0 milliseconds

2023-06-12 10:53:51 - [MESSAGE][PASSED] - Browser is opened with url: ''

2023-06-12 10:53:51 - [TEST_STEP][PASSED] - maximizeWindow(): Current window maximized

2023-06-12 10:53:51 - [MESSAGE][PASSED] - Current window maximized

2023-06-12 10:53:51 - [TEST_STEP][PASSED] - navigateToUrl(Saucedemo): Navigate to 'https://www.saucedemo.com/' successfully

2023-06-12 10:53:52 - [MESSAGE][PASSED] - Navigate to 'https://www.saucedemo.com/' successfully

2023-06-12 10:53:52 - [TEST_STEP][PASSED] - com.Saucedemo_Login.Login("Object Repository/Assignment/SauceDemo/Page_Swag Labs/input_Swag Labs_user-name", EndUser, "Object Repository/Assignment/SauceDemo/Page_Swag Labs/input_Swag Labs_password", Password, "Object Repository/Assignment/SauceDemo/Page_Swag Labs/input_Swag Labs_login-button"): com.Saucedemo_Login.Login is PASSED

2023-06-12 10:53:53 - [MESSAGE][PASSED] - Text 'standard_user' is set on object 'Object Repository/Assignment/SauceDemo/Page_Swag Labs/input_Swag Labs_user-name'

2023-06-12 10:53:54 - [MESSAGE][PASSED] - Text 'secret_sauce' is set on object 'Object Repository/Assignment/SauceDemo/Page_Swag Labs/input_Swag Labs_password'

2023-06-12 10:53:55 - [MESSAGE][PASSED] - Object: 'Object Repository/Assignment/SauceDemo/Page_Swag Labs/input_Swag Labs_login-button' is clicked on

2023-06-12 10:53:55 - [MESSAGE][PASSED] - com.Saucedemo_Login.Login is PASSED

2023-06-12 10:53:55 - [TEST_STEP][PASSED] - delay(3): Delayed 3 second(s)

2023-06-12 10:53:58 - [MESSAGE][PASSED] - Delayed 3 second(s)

2023-06-12 10:53:58 - [TEST_STEP][PASSED] - getUrl().equals("https://www.saucedemo.com/inventory.html"): Current window's url is: 'https://www.saucedemo.com/inventory.html'

2023-06-12 10:53:58 - [MESSAGE][PASSED] - Current window's url is: 'https://www.saucedemo.com/inventory.html'

2023-06-12 10:53:58 - [TEST_STEP][PASSED] - verifyElementNotPresent(findTestObject("Object Repository/Assignment/SauceDemo/Page_Swag Labs/input_Swag Labs_login-button"), 1): Web element with id: 'Object Repository/Assignment/SauceDemo/Page_Swag Labs/input_Swag Labs_login-button' located by 'By.xpath: //input[@id='login-button']' is not present after '1' second(s)

2023-06-12 10:53:58 - [MESSAGE][PASSED] - Web element with id: 'Object Repository/Assignment/SauceDemo/Page_Swag Labs/input_Swag Labs_login-button' located by 'By.xpath: //input[@id='login-button']' is not present after '1' second(s)

2023-06-12 10:53:58 - [TEST_STEP][PASSED] - click(findTestObject("Object Repository/Assignment/SauceDemo/Page_Swag Labs/button_Open Menu")): Object: 'Object Repository/Assignment/SauceDemo/Page_Swag Labs/button_Open Menu' is clicked on

2023-06-12 10:53:59 - [MESSAGE][PASSED] - Object: 'Object Repository/Assignment/SauceDemo/Page_Swag Labs/button_Open Menu' is clicked on

2023-06-12 10:53:59 - [TEST_STEP][PASSED] - click(findTestObject("Object Repository/Assignment/SauceDemo/Page_Swag Labs/a_About")): Object: 'Object Repository/Assignment/SauceDemo/Page_Swag Labs/a_About' is clicked on

2023-06-12 10:54:03 - [MESSAGE][PASSED] - Object: 'Object Repository/Assignment/SauceDemo/Page_Swag Labs/a_About' is clicked on

2023-06-12 10:54:03 - [TEST_STEP][PASSED] - click(findTestObject("Object Repository/Assignment/SauceDemo/Page_Sauce Labs Cross Browser Testing, Sele_e8ee84/button_Request a demo")): Object: 'Object Repository/Assignment/SauceDemo/Page_Sauce Labs Cross Browser Testing, Sele_e8ee84/button_Request a demo' is clicked on

2023-06-12 10:54:10 - [MESSAGE][PASSED] - Object: 'Object Repository/Assignment/SauceDemo/Page_Sauce Labs Cross Browser Testing, Sele_e8ee84/button_Request a demo' is clicked on

2023-06-12 10:54:10 - [TEST_STEP][PASSED] - str = "FirstName": null

2023-06-12 10:54:10 - [TEST_STEP][PASSED] - Firstname = findTestObject("Assignment/SauceDemo/Page_Request a Sauce Labs Demo/input__FirstName", ["Empid":str]): null

2023-06-12 10:54:11 - [TEST_STEP][PASSED] - setText(Firstname, "Kunj"): Text 'Kunj' is set on object 'Object Repository/Assignment/SauceDemo/Page_Request a Sauce Labs Demo/input__FirstName'

2023-06-12 10:54:16 - [MESSAGE][PASSED] - Text 'Kunj' is set on object 'Object Repository/Assignment/SauceDemo/Page_Request a Sauce Labs Demo/input__FirstName'

2023-06-12 10:54:16 - [TEST_STEP][PASSED] - setText(findTestObject("Object Repository/Assignment/SauceDemo/Page_Request a Sauce Labs Demo/input__LastName"), Lastname): Text 'Patel' is set on object 'Object Repository/Assignment/SauceDemo/Page_Request a Sauce Labs Demo/input__LastName'

2023-06-12 10:54:18 - [MESSAGE][PASSED] - Text 'Patel' is set on object 'Object Repository/Assignment/SauceDemo/Page_Request a Sauce Labs Demo/input__LastName'

2023-06-12 10:54:18 - [TEST_STEP][PASSED] - setText(findTestObject("Object Repository/Assignment/SauceDemo/Page_Request a Sauce Labs Demo/input__Email"), Email1): Text 'kunjpt2002@gmail.com' is set on object 'Object Repository/Assignment/SauceDemo/Page_Request a Sauce Labs Demo/input__Email'

2023-06-12 10:54:19 - [MESSAGE][PASSED] - Text 'kunjpt2002@gmail.com' is set on object 'Object Repository/Assignment/SauceDemo/Page_Request a Sauce Labs Demo/input__Email'

2023-06-12 10:54:19 - [TEST_STEP][PASSED] - setText(findTestObject("Object Repository/Assignment/SauceDemo/Page_Request a Sauce Labs Demo/input__Company"), Company): Text 'Simform' is set on object 'Object Repository/Assignment/SauceDemo/Page_Request a Sauce Labs Demo/input__Company'

2023-06-12 10:54:20 - [MESSAGE][PASSED] - Text 'Simform' is set on object 'Object Repository/Assignment/SauceDemo/Page_Request a Sauce Labs Demo/input__Company'

2023-06-12 10:54:20 - [TEST_STEP][PASSED] - selectOptionByValue(findTestObject("Object Repository/Assignment/SauceDemo/Page_Request a Sauce Labs Demo/select_Select.AfghanistanAlbaniaAlgeriaAndo_2e5989"), "India", true): All options with value 'India' are selected in object 'Object Repository/Assignment/SauceDemo/Page_Request a Sauce Labs Demo/select_Select.AfghanistanAlbaniaAlgeriaAndo_2e5989'  using regular expression

2023-06-12 10:54:23 - [MESSAGE][PASSED] - All options with value 'India' are selected in object 'Object Repository/Assignment/SauceDemo/Page_Request a Sauce Labs Demo/select_Select.AfghanistanAlbaniaAlgeriaAndo_2e5989'  using regular expression

2023-06-12 10:54:23 - [TEST_STEP][PASSED] - setText(findTestObject("Object Repository/Assignment/SauceDemo/Page_Request a Sauce Labs Demo/input__Phone"), Phonenumber): Text '1234567890' is set on object 'Object Repository/Assignment/SauceDemo/Page_Request a Sauce Labs Demo/input__Phone'

2023-06-12 10:54:24 - [MESSAGE][PASSED] - Text '1234567890' is set on object 'Object Repository/Assignment/SauceDemo/Page_Request a Sauce Labs Demo/input__Phone'

2023-06-12 10:54:24 - [TEST_STEP][PASSED] - selectOptionByValue(findTestObject("Object Repository/Assignment/SauceDemo/Page_Request a Sauce Labs Demo/select_Select.Sauce Cross-BrowserSauce Mobi_6b7086"), "Cross-Browser Testing", true): All options with value 'Cross-Browser Testing' are selected in object 'Object Repository/Assignment/SauceDemo/Page_Request a Sauce Labs Demo/select_Select.Sauce Cross-BrowserSauce Mobi_6b7086'  using regular expression

2023-06-12 10:54:26 - [MESSAGE][PASSED] - All options with value 'Cross-Browser Testing' are selected in object 'Object Repository/Assignment/SauceDemo/Page_Request a Sauce Labs Demo/select_Select.Sauce Cross-BrowserSauce Mobi_6b7086'  using regular expression

2023-06-12 10:54:26 - [TEST_STEP][PASSED] - setText(findTestObject("Object Repository/Assignment/SauceDemo/Page_Request a Sauce Labs Demo/textarea__Sales_Contact_Comments__c"), "none"): Text 'none' is set on object 'Object Repository/Assignment/SauceDemo/Page_Request a Sauce Labs Demo/textarea__Sales_Contact_Comments__c'

2023-06-12 10:54:26 - [MESSAGE][PASSED] - Text 'none' is set on object 'Object Repository/Assignment/SauceDemo/Page_Request a Sauce Labs Demo/textarea__Sales_Contact_Comments__c'

2023-06-12 10:54:26 - [TEST_STEP][PASSED] - click(findTestObject("Object Repository/Assignment/SauceDemo/Page_Request a Sauce Labs Demo/label_Please check this box if youd like to_15e628")): Object: 'Object Repository/Assignment/SauceDemo/Page_Request a Sauce Labs Demo/label_Please check this box if youd like to_15e628' is clicked on

2023-06-12 10:54:27 - [MESSAGE][PASSED] - Object: 'Object Repository/Assignment/SauceDemo/Page_Request a Sauce Labs Demo/label_Please check this box if youd like to_15e628' is clicked on

2023-06-12 10:54:27 - [TEST_STEP][PASSED] - click(findTestObject("Object Repository/Assignment/SauceDemo/Page_Request a Sauce Labs Demo/button_Submit")): Object: 'Object Repository/Assignment/SauceDemo/Page_Request a Sauce Labs Demo/button_Submit' is clicked on

2023-06-12 10:54:28 - [MESSAGE][PASSED] - Object: 'Object Repository/Assignment/SauceDemo/Page_Request a Sauce Labs Demo/button_Submit' is clicked on

2023-06-12 10:54:28 - [TEST_STEP][PASSED] - verifyTextPresent("Enter valid business email address", false): Text 'Enter valid business email address' is present on page 

2023-06-12 10:54:29 - [MESSAGE][PASSED] - Text 'Enter valid business email address' is present on page 

2023-06-12 10:54:29 - [TEST_STEP][PASSED] - click(findTestObject("Object Repository/Assignment/SauceDemo/Page_Request a Sauce Labs Demo/span_Company details")): Object: 'Object Repository/Assignment/SauceDemo/Page_Request a Sauce Labs Demo/span_Company details' is clicked on

2023-06-12 10:54:31 - [MESSAGE][PASSED] - Object: 'Object Repository/Assignment/SauceDemo/Page_Request a Sauce Labs Demo/span_Company details' is clicked on

2023-06-12 10:54:31 - [TEST_STEP][PASSED] - setText(findTestObject("Object Repository/Assignment/SauceDemo/Page_Request a Sauce Labs Demo/input__Email"), Email2): Text 'kunj.k@simformsolutions.com' is set on object 'Object Repository/Assignment/SauceDemo/Page_Request a Sauce Labs Demo/input__Email'

2023-06-12 10:54:33 - [MESSAGE][PASSED] - Text 'kunj.k@simformsolutions.com' is set on object 'Object Repository/Assignment/SauceDemo/Page_Request a Sauce Labs Demo/input__Email'

2023-06-12 10:54:33 - [TEST_STEP][PASSED] - verifyElementAttributeValue(findTestObject("Object Repository/Assignment/SauceDemo/Page_Request a Sauce Labs Demo/input__Email"), "value", Email2, 0): Object 'Object Repository/Assignment/SauceDemo/Page_Request a Sauce Labs Demo/input__Email' has attribute 'value' with value 'kunj.k@simformsolutions.com'

2023-06-12 10:54:33 - [MESSAGE][WARNING] - Timeout '0' is invalid. Using default page load timeout: '30'

2023-06-12 10:54:33 - [MESSAGE][PASSED] - Object 'Object Repository/Assignment/SauceDemo/Page_Request a Sauce Labs Demo/input__Email' has attribute 'value' with value 'kunj.k@simformsolutions.com'

2023-06-12 10:54:33 - [TEST_STEP][PASSED] - click(findTestObject("Object Repository/Assignment/SauceDemo/Page_Request a Sauce Labs Demo/button_Submit")): Object: 'Object Repository/Assignment/SauceDemo/Page_Request a Sauce Labs Demo/button_Submit' is clicked on

2023-06-12 10:54:34 - [MESSAGE][PASSED] - Object: 'Object Repository/Assignment/SauceDemo/Page_Request a Sauce Labs Demo/button_Submit' is clicked on

2023-06-12 10:54:34 - [TEST_STEP][PASSED] - delay(5): Delayed 5 second(s)

2023-06-12 10:54:39 - [MESSAGE][PASSED] - Delayed 5 second(s)

2023-06-12 10:54:39 - [TEST_STEP][PASSED] - verifyTextPresent("Thank you for your request.", false): Text 'Thank you for your request.' is present on page 

2023-06-12 10:54:40 - [MESSAGE][PASSED] - Text 'Thank you for your request.' is present on page 

2023-06-12 10:54:40 - [TEST_STEP][PASSED] - delay(2): Delayed 2 second(s)

2023-06-12 10:54:42 - [MESSAGE][PASSED] - Delayed 2 second(s)

2023-06-12 10:54:42 - [TEST_STEP][PASSED] - closeBrowser(): Browser is closed

2023-06-12 10:54:42 - [MESSAGE][PASSED] - Browser is closed]]></system-out>
         <system-err><![CDATA[]]></system-err>
      </testcase>
      <testcase name="Test Cases/Final_Assignment/Saucedemo/Saucedemo_Addtocart" time="24.124" classname="Test Cases/Final_Assignment/Saucedemo/Saucedemo_Addtocart" status="PASSED">
         <system-out><![CDATA[2023-06-12 10:54:42 - [TEST_CASE][PASSED] - Test Cases/Final_Assignment/Saucedemo/Saucedemo_Addtocart: Test Cases/Final_Assignment/Saucedemo/Saucedemo_Addtocart

2023-06-12 10:54:42 - [TEST_STEP][PASSED] - openBrowser(""): Browser is opened with url: ''

2023-06-12 10:54:42 - [MESSAGE][INFO] - Starting 'Chrome' driver

2023-06-12 10:54:42 - [MESSAGE][INFO] - Action delay is set to 0 milliseconds

2023-06-12 10:54:43 - [MESSAGE][PASSED] - Browser is opened with url: ''

2023-06-12 10:54:43 - [TEST_STEP][PASSED] - maximizeWindow(): Current window maximized

2023-06-12 10:54:43 - [MESSAGE][PASSED] - Current window maximized

2023-06-12 10:54:43 - [TEST_STEP][PASSED] - navigateToUrl(Saucedemo): Navigate to 'https://www.saucedemo.com/' successfully

2023-06-12 10:54:43 - [MESSAGE][PASSED] - Navigate to 'https://www.saucedemo.com/' successfully

2023-06-12 10:54:43 - [TEST_STEP][PASSED] - com.Saucedemo_Login.Login("Object Repository/Assignment/SauceDemo/Page_Swag Labs/input_Swag Labs_user-name", EndUser, "Object Repository/Assignment/SauceDemo/Page_Swag Labs/input_Swag Labs_password", Password, "Object Repository/Assignment/SauceDemo/Page_Swag Labs/input_Swag Labs_login-button"): com.Saucedemo_Login.Login is PASSED

2023-06-12 10:54:44 - [MESSAGE][PASSED] - Text 'standard_user' is set on object 'Object Repository/Assignment/SauceDemo/Page_Swag Labs/input_Swag Labs_user-name'

2023-06-12 10:54:45 - [MESSAGE][PASSED] - Text 'secret_sauce' is set on object 'Object Repository/Assignment/SauceDemo/Page_Swag Labs/input_Swag Labs_password'

2023-06-12 10:54:45 - [MESSAGE][PASSED] - Object: 'Object Repository/Assignment/SauceDemo/Page_Swag Labs/input_Swag Labs_login-button' is clicked on

2023-06-12 10:54:45 - [MESSAGE][PASSED] - com.Saucedemo_Login.Login is PASSED

2023-06-12 10:54:45 - [TEST_STEP][PASSED] - delay(3): Delayed 3 second(s)

2023-06-12 10:54:48 - [MESSAGE][PASSED] - Delayed 3 second(s)

2023-06-12 10:54:48 - [TEST_STEP][PASSED] - getUrl().equals("https://www.saucedemo.com/inventory.html"): Current window's url is: 'https://www.saucedemo.com/inventory.html'

2023-06-12 10:54:49 - [MESSAGE][PASSED] - Current window's url is: 'https://www.saucedemo.com/inventory.html'

2023-06-12 10:54:49 - [TEST_STEP][PASSED] - click(findTestObject("Object Repository/Assignment/SauceDemo/Page_Swag Labs/button_Add to cart")): Object: 'Object Repository/Assignment/SauceDemo/Page_Swag Labs/button_Add to cart' is clicked on

2023-06-12 10:54:49 - [MESSAGE][PASSED] - Object: 'Object Repository/Assignment/SauceDemo/Page_Swag Labs/button_Add to cart' is clicked on

2023-06-12 10:54:49 - [TEST_STEP][PASSED] - click(findTestObject("Object Repository/Assignment/SauceDemo/Page_Swag Labs/button_Add to cart_1")): Object: 'Object Repository/Assignment/SauceDemo/Page_Swag Labs/button_Add to cart_1' is clicked on

2023-06-12 10:54:49 - [MESSAGE][PASSED] - Object: 'Object Repository/Assignment/SauceDemo/Page_Swag Labs/button_Add to cart_1' is clicked on

2023-06-12 10:54:49 - [TEST_STEP][PASSED] - click(findTestObject("Object Repository/Assignment/SauceDemo/Page_Swag Labs/a_2")): Object: 'Object Repository/Assignment/SauceDemo/Page_Swag Labs/a_2' is clicked on

2023-06-12 10:54:50 - [MESSAGE][PASSED] - Object: 'Object Repository/Assignment/SauceDemo/Page_Swag Labs/a_2' is clicked on

2023-06-12 10:54:50 - [TEST_STEP][PASSED] - click(findTestObject("Object Repository/Assignment/SauceDemo/Page_Swag Labs/button_Remove")): Object: 'Object Repository/Assignment/SauceDemo/Page_Swag Labs/button_Remove' is clicked on

2023-06-12 10:54:51 - [MESSAGE][PASSED] - Object: 'Object Repository/Assignment/SauceDemo/Page_Swag Labs/button_Remove' is clicked on

2023-06-12 10:54:51 - [TEST_STEP][PASSED] - click(findTestObject("Object Repository/Assignment/SauceDemo/Page_Swag Labs/button_Checkout")): Object: 'Object Repository/Assignment/SauceDemo/Page_Swag Labs/button_Checkout' is clicked on

2023-06-12 10:54:51 - [MESSAGE][PASSED] - Object: 'Object Repository/Assignment/SauceDemo/Page_Swag Labs/button_Checkout' is clicked on

2023-06-12 10:54:51 - [TEST_STEP][PASSED] - verifyTextPresent("Checkout: Your Information", false): Text 'Checkout: Your Information' is present on page 

2023-06-12 10:54:52 - [MESSAGE][PASSED] - Text 'Checkout: Your Information' is present on page 

2023-06-12 10:54:52 - [TEST_STEP][PASSED] - setText(findTestObject("Object Repository/Assignment/SauceDemo/Page_Swag Labs/input_Checkout Your Information_firstName"), Firstname): Text 'Kunj' is set on object 'Object Repository/Assignment/SauceDemo/Page_Swag Labs/input_Checkout Your Information_firstName'

2023-06-12 10:54:53 - [MESSAGE][PASSED] - Text 'Kunj' is set on object 'Object Repository/Assignment/SauceDemo/Page_Swag Labs/input_Checkout Your Information_firstName'

2023-06-12 10:54:53 - [TEST_STEP][PASSED] - verifyElementAttributeValue(findTestObject("Object Repository/Assignment/SauceDemo/Page_Swag Labs/input_Checkout Your Information_firstName"), "value", Firstname, 1): Object 'Object Repository/Assignment/SauceDemo/Page_Swag Labs/input_Checkout Your Information_firstName' has attribute 'value' with value 'Kunj'

2023-06-12 10:54:53 - [MESSAGE][PASSED] - Object 'Object Repository/Assignment/SauceDemo/Page_Swag Labs/input_Checkout Your Information_firstName' has attribute 'value' with value 'Kunj'

2023-06-12 10:54:53 - [TEST_STEP][PASSED] - setText(findTestObject("Object Repository/Assignment/SauceDemo/Page_Swag Labs/input_Checkout Your Information_lastName"), Lastname): Text 'Patel' is set on object 'Object Repository/Assignment/SauceDemo/Page_Swag Labs/input_Checkout Your Information_lastName'

2023-06-12 10:54:54 - [MESSAGE][PASSED] - Text 'Patel' is set on object 'Object Repository/Assignment/SauceDemo/Page_Swag Labs/input_Checkout Your Information_lastName'

2023-06-12 10:54:54 - [TEST_STEP][PASSED] - verifyElementAttributeValue(findTestObject("Object Repository/Assignment/SauceDemo/Page_Swag Labs/input_Checkout Your Information_lastName"), "value", Lastname, 1): Object 'Object Repository/Assignment/SauceDemo/Page_Swag Labs/input_Checkout Your Information_lastName' has attribute 'value' with value 'Patel'

2023-06-12 10:54:55 - [MESSAGE][PASSED] - Object 'Object Repository/Assignment/SauceDemo/Page_Swag Labs/input_Checkout Your Information_lastName' has attribute 'value' with value 'Patel'

2023-06-12 10:54:55 - [TEST_STEP][PASSED] - setText(findTestObject("Object Repository/Assignment/SauceDemo/Page_Swag Labs/input_Checkout Your Information_postalCode"), Pincode): Text '360004' is set on object 'Object Repository/Assignment/SauceDemo/Page_Swag Labs/input_Checkout Your Information_postalCode'

2023-06-12 10:54:56 - [MESSAGE][PASSED] - Text '360004' is set on object 'Object Repository/Assignment/SauceDemo/Page_Swag Labs/input_Checkout Your Information_postalCode'

2023-06-12 10:54:56 - [TEST_STEP][PASSED] - verifyElementAttributeValue(findTestObject("Object Repository/Assignment/SauceDemo/Page_Swag Labs/input_Checkout Your Information_postalCode"), "value", Pincode, 1): Object 'Object Repository/Assignment/SauceDemo/Page_Swag Labs/input_Checkout Your Information_postalCode' has attribute 'value' with value '360004'

2023-06-12 10:54:56 - [MESSAGE][PASSED] - Object 'Object Repository/Assignment/SauceDemo/Page_Swag Labs/input_Checkout Your Information_postalCode' has attribute 'value' with value '360004'

2023-06-12 10:54:56 - [TEST_STEP][PASSED] - delay(2): Delayed 2 second(s)

2023-06-12 10:54:58 - [MESSAGE][PASSED] - Delayed 2 second(s)

2023-06-12 10:54:58 - [TEST_STEP][PASSED] - click(findTestObject("Object Repository/Assignment/SauceDemo/Page_Swag Labs/input_Cancel_continue")): Object: 'Object Repository/Assignment/SauceDemo/Page_Swag Labs/input_Cancel_continue' is clicked on

2023-06-12 10:54:59 - [MESSAGE][PASSED] - Object: 'Object Repository/Assignment/SauceDemo/Page_Swag Labs/input_Cancel_continue' is clicked on

2023-06-12 10:54:59 - [TEST_STEP][PASSED] - verifyTextPresent("Payment Information", false): Text 'Payment Information' is present on page 

2023-06-12 10:54:59 - [MESSAGE][PASSED] - Text 'Payment Information' is present on page 

2023-06-12 10:54:59 - [TEST_STEP][PASSED] - click(findTestObject("Object Repository/Assignment/SauceDemo/Page_Swag Labs/button_Finish")): Object: 'Object Repository/Assignment/SauceDemo/Page_Swag Labs/button_Finish' is clicked on

2023-06-12 10:55:00 - [MESSAGE][PASSED] - Object: 'Object Repository/Assignment/SauceDemo/Page_Swag Labs/button_Finish' is clicked on

2023-06-12 10:55:00 - [TEST_STEP][PASSED] - verifyTextPresent("Thank you for your order!", false): Text 'Thank you for your order!' is present on page 

2023-06-12 10:55:00 - [MESSAGE][PASSED] - Text 'Thank you for your order!' is present on page 

2023-06-12 10:55:00 - [TEST_STEP][PASSED] - click(findTestObject("Object Repository/Assignment/SauceDemo/Page_Swag Labs/button_Back Home")): Object: 'Object Repository/Assignment/SauceDemo/Page_Swag Labs/button_Back Home' is clicked on

2023-06-12 10:55:01 - [MESSAGE][PASSED] - Object: 'Object Repository/Assignment/SauceDemo/Page_Swag Labs/button_Back Home' is clicked on

2023-06-12 10:55:01 - [TEST_STEP][PASSED] - delay(5): Delayed 5 second(s)

2023-06-12 10:55:06 - [MESSAGE][PASSED] - Delayed 5 second(s)

2023-06-12 10:55:06 - [TEST_STEP][PASSED] - closeBrowser(): Browser is closed

2023-06-12 10:55:06 - [MESSAGE][PASSED] - Browser is closed]]></system-out>
         <system-err><![CDATA[]]></system-err>
      </testcase>
      <testcase name="Test Cases/Final_Assignment/Alerts/Alerts" time="10.793" classname="Test Cases/Final_Assignment/Alerts/Alerts" status="PASSED">
         <system-out><![CDATA[2023-06-12 10:55:06 - [TEST_CASE][PASSED] - Test Cases/Final_Assignment/Alerts/Alerts: Test Cases/Final_Assignment/Alerts/Alerts

2023-06-12 10:55:06 - [TEST_STEP][PASSED] - openBrowser(""): Browser is opened with url: ''

2023-06-12 10:55:06 - [MESSAGE][INFO] - Starting 'Chrome' driver

2023-06-12 10:55:06 - [MESSAGE][INFO] - Action delay is set to 0 milliseconds

2023-06-12 10:55:07 - [MESSAGE][PASSED] - Browser is opened with url: ''

2023-06-12 10:55:07 - [TEST_STEP][PASSED] - maximizeWindow(): Current window maximized

2023-06-12 10:55:07 - [MESSAGE][PASSED] - Current window maximized

2023-06-12 10:55:07 - [TEST_STEP][PASSED] - navigateToUrl(Alert): Navigate to 'https://demo.automationtesting.in/Alerts.html' successfully

2023-06-12 10:55:07 - [MESSAGE][PASSED] - Navigate to 'https://demo.automationtesting.in/Alerts.html' successfully

2023-06-12 10:55:07 - [TEST_STEP][PASSED] - click(findTestObject("Object Repository/Assignment/Alerts/Page_Alerts/a_Alert with OK")): Object: 'Object Repository/Assignment/Alerts/Page_Alerts/a_Alert with OK' is clicked on

2023-06-12 10:55:08 - [MESSAGE][PASSED] - Object: 'Object Repository/Assignment/Alerts/Page_Alerts/a_Alert with OK' is clicked on

2023-06-12 10:55:08 - [TEST_STEP][PASSED] - click(findTestObject("Object Repository/Assignment/Alerts/Page_Alerts/button_click the button to display an  alert box")): Object: 'Object Repository/Assignment/Alerts/Page_Alerts/button_click the button to display an  alert box' is clicked on

2023-06-12 10:55:08 - [MESSAGE][PASSED] - Object: 'Object Repository/Assignment/Alerts/Page_Alerts/button_click the button to display an  alert box' is clicked on

2023-06-12 10:55:08 - [TEST_STEP][PASSED] - waitForAlert(5): Alert is present after 5 second(s).

2023-06-12 10:55:08 - [MESSAGE][PASSED] - Alert is present after 5 second(s).

2023-06-12 10:55:08 - [TEST_STEP][PASSED] - acceptAlert(): Alert accepted

2023-06-12 10:55:08 - [MESSAGE][PASSED] - Alert accepted

2023-06-12 10:55:08 - [TEST_STEP][PASSED] - click(findTestObject("Object Repository/Assignment/Alerts/Page_Alerts/a_Alert with OK  Cancel")): Object: 'Object Repository/Assignment/Alerts/Page_Alerts/a_Alert with OK  Cancel' is clicked on

2023-06-12 10:55:09 - [MESSAGE][PASSED] - Object: 'Object Repository/Assignment/Alerts/Page_Alerts/a_Alert with OK  Cancel' is clicked on

2023-06-12 10:55:09 - [TEST_STEP][PASSED] - click(findTestObject("Object Repository/Assignment/Alerts/Page_Alerts/button_click the button to display a confirm box")): Object: 'Object Repository/Assignment/Alerts/Page_Alerts/button_click the button to display a confirm box' is clicked on

2023-06-12 10:55:09 - [MESSAGE][PASSED] - Object: 'Object Repository/Assignment/Alerts/Page_Alerts/button_click the button to display a confirm box' is clicked on

2023-06-12 10:55:09 - [TEST_STEP][PASSED] - waitForAlert(5): Alert is present after 5 second(s).

2023-06-12 10:55:09 - [MESSAGE][PASSED] - Alert is present after 5 second(s).

2023-06-12 10:55:09 - [TEST_STEP][PASSED] - acceptAlert(): Alert accepted

2023-06-12 10:55:09 - [MESSAGE][PASSED] - Alert accepted

2023-06-12 10:55:09 - [TEST_STEP][PASSED] - click(findTestObject("Object Repository/Assignment/Alerts/Page_Alerts/a_Alert with OK  Cancel")): Object: 'Object Repository/Assignment/Alerts/Page_Alerts/a_Alert with OK  Cancel' is clicked on

2023-06-12 10:55:10 - [MESSAGE][PASSED] - Object: 'Object Repository/Assignment/Alerts/Page_Alerts/a_Alert with OK  Cancel' is clicked on

2023-06-12 10:55:10 - [TEST_STEP][PASSED] - click(findTestObject("Object Repository/Assignment/Alerts/Page_Alerts/button_click the button to display a confirm box")): Object: 'Object Repository/Assignment/Alerts/Page_Alerts/button_click the button to display a confirm box' is clicked on

2023-06-12 10:55:10 - [MESSAGE][PASSED] - Object: 'Object Repository/Assignment/Alerts/Page_Alerts/button_click the button to display a confirm box' is clicked on

2023-06-12 10:55:10 - [TEST_STEP][PASSED] - waitForAlert(5): Alert is present after 5 second(s).

2023-06-12 10:55:10 - [MESSAGE][PASSED] - Alert is present after 5 second(s).

2023-06-12 10:55:10 - [TEST_STEP][PASSED] - dismissAlert(): Alert dismissed

2023-06-12 10:55:11 - [MESSAGE][PASSED] - Alert dismissed

2023-06-12 10:55:11 - [TEST_STEP][PASSED] - click(findTestObject("Object Repository/Assignment/Alerts/Page_Alerts/a_Alert with Textbox")): Object: 'Object Repository/Assignment/Alerts/Page_Alerts/a_Alert with Textbox' is clicked on

2023-06-12 10:55:11 - [MESSAGE][PASSED] - Object: 'Object Repository/Assignment/Alerts/Page_Alerts/a_Alert with Textbox' is clicked on

2023-06-12 10:55:11 - [TEST_STEP][PASSED] - click(findTestObject("Object Repository/Assignment/Alerts/Page_Alerts/button_click the button to demonstrate the _b1783c")): Object: 'Object Repository/Assignment/Alerts/Page_Alerts/button_click the button to demonstrate the _b1783c' is clicked on

2023-06-12 10:55:12 - [MESSAGE][PASSED] - Object: 'Object Repository/Assignment/Alerts/Page_Alerts/button_click the button to demonstrate the _b1783c' is clicked on

2023-06-12 10:55:12 - [TEST_STEP][PASSED] - waitForAlert(5): Alert is present after 5 second(s).

2023-06-12 10:55:12 - [MESSAGE][PASSED] - Alert is present after 5 second(s).

2023-06-12 10:55:12 - [TEST_STEP][PASSED] - setAlertText("Kunj"): Set alert text 'Kunj' successfully

2023-06-12 10:55:12 - [MESSAGE][PASSED] - Set alert text 'Kunj' successfully

2023-06-12 10:55:12 - [TEST_STEP][PASSED] - acceptAlert(): Alert accepted

2023-06-12 10:55:12 - [MESSAGE][PASSED] - Alert accepted

2023-06-12 10:55:12 - [TEST_STEP][PASSED] - delay(5): Delayed 5 second(s)

2023-06-12 10:55:17 - [MESSAGE][PASSED] - Delayed 5 second(s)

2023-06-12 10:55:17 - [TEST_STEP][PASSED] - closeBrowser(): Browser is closed

2023-06-12 10:55:17 - [MESSAGE][PASSED] - Browser is closed]]></system-out>
         <system-err><![CDATA[]]></system-err>
      </testcase>
      <system-out><![CDATA[2023-06-12 10:53:49 - [TEST_SUITE][PASSED] - Saucedemo: Test Cases/Final_Assignment/Alerts/Alerts]]></system-out>
      <system-err><![CDATA[]]></system-err>
   </testsuite>
</testsuites>
