<?xml version="1.0" encoding="UTF-8"?>
<testsuites name="Saucedemo_Login" time="36.42" tests="4" failures="0" errors="0">
   <testsuite name="Saucedemo_Login" tests="4" failures="0" errors="0" time="36.42" skipped="0" timestamp="2023-06-09 15:57:09" hostname="kunj - SF-CPU-579" id="Test Suites/Saucedemo_Login">
      <properties>
         <property name="deviceName" value=""/>
         <property name="devicePlatform" value=""/>
         <property name="logFolder" value="/home/kunj/git/KatalonTest/Reports/20230609_155702/Saucedemo_Login/20230609_155703"/>
         <property name="logFiles" value="/home/kunj/git/KatalonTest/Reports/20230609_155702/Saucedemo_Login/20230609_155703/execution0.log"/>
         <property name="attachments" value=""/>
         <property name="hostName" value="kunj - SF-CPU-579"/>
         <property name="os" value="Linux 64bit"/>
         <property name="katalonVersion" value="8.6.5.208"/>
         <property name="browser" value="Chrome 110.0.0.0"/>
         <property name="hostAddress" value="127.0.1.1"/>
         <property name="sessionId" value="0438d850e805eb64bd3c7025a0964329"/>
         <property name="seleniumVersion" value="3.141.59"/>
         <property name="proxyInformation" value="ProxyInformation { proxyOption=NO_PROXY, proxyServerType=HTTP, username=, password=********, proxyServerAddress=, proxyServerPort=0, executionList=&quot;&quot;, isApplyToDesiredCapabilities=true }"/>
         <property name="platform" value="Linux"/>
      </properties>
      <testcase name="Test Cases/Final_Assignment/Saucedemo/Saucedemo_Login_Data" time="8.493" classname="Test Cases/Final_Assignment/Saucedemo/Saucedemo_Login_Data" status="PASSED">
         <system-out><![CDATA[2023-06-09 15:57:10 - [TEST_CASE][PASSED] - Test Cases/Final_Assignment/Saucedemo/Saucedemo_Login_Data: Test Cases/Final_Assignment/Saucedemo/Saucedemo_Login_Data

2023-06-09 15:57:10 - [TEST_STEP][PASSED] - Start listener action : sampleBeforeTestCase: Navigate to 'https://www.saucedemo.com/' successfully

2023-06-09 15:57:10 - [TEST_STEP][PASSED] - openBrowser(""): Browser is opened with url: ''

2023-06-09 15:57:10 - [MESSAGE][INFO] - Starting 'Chrome' driver

2023-06-09 15:57:10 - [MESSAGE][INFO] - Action delay is set to 0 milliseconds

2023-06-09 15:57:11 - [MESSAGE][PASSED] - Browser is opened with url: ''

2023-06-09 15:57:11 - [TEST_STEP][PASSED] - navigateToUrl(Saucedemo): Navigate to 'https://www.saucedemo.com/' successfully

2023-06-09 15:57:11 - [MESSAGE][PASSED] - Navigate to 'https://www.saucedemo.com/' successfully

2023-06-09 15:57:11 - [TEST_STEP][PASSED] - click(findTestObject("Object Repository/Assignment/Data_Driven_Testing/Saucedemo_Login/Page_Swag Labs/input_Swag Labs_user-name")): Object: 'Object Repository/Assignment/Data_Driven_Testing/Saucedemo_Login/Page_Swag Labs/input_Swag Labs_user-name' is clicked on

2023-06-09 15:57:12 - [MESSAGE][PASSED] - Object: 'Object Repository/Assignment/Data_Driven_Testing/Saucedemo_Login/Page_Swag Labs/input_Swag Labs_user-name' is clicked on

2023-06-09 15:57:12 - [TEST_STEP][PASSED] - click(findTestObject("Object Repository/Assignment/Data_Driven_Testing/Saucedemo_Login/Page_Swag Labs/div_Accepted usernames arestandard_userlock_0ab16f")): Object: 'Object Repository/Assignment/Data_Driven_Testing/Saucedemo_Login/Page_Swag Labs/div_Accepted usernames arestandard_userlock_0ab16f' is clicked on

2023-06-09 15:57:12 - [MESSAGE][PASSED] - Object: 'Object Repository/Assignment/Data_Driven_Testing/Saucedemo_Login/Page_Swag Labs/div_Accepted usernames arestandard_userlock_0ab16f' is clicked on

2023-06-09 15:57:12 - [TEST_STEP][PASSED] - setText(findTestObject("Object Repository/Assignment/Data_Driven_Testing/Saucedemo_Login/Page_Swag Labs/input_Swag Labs_user-name"), Username): Text 'standard_user' is set on object 'Object Repository/Assignment/Data_Driven_Testing/Saucedemo_Login/Page_Swag Labs/input_Swag Labs_user-name'

2023-06-09 15:57:13 - [MESSAGE][PASSED] - Text 'standard_user' is set on object 'Object Repository/Assignment/Data_Driven_Testing/Saucedemo_Login/Page_Swag Labs/input_Swag Labs_user-name'

2023-06-09 15:57:13 - [TEST_STEP][PASSED] - click(findTestObject("Object Repository/Assignment/Data_Driven_Testing/Saucedemo_Login/Page_Swag Labs/div_Password for all userssecret_sauce")): Object: 'Object Repository/Assignment/Data_Driven_Testing/Saucedemo_Login/Page_Swag Labs/div_Password for all userssecret_sauce' is clicked on

2023-06-09 15:57:14 - [MESSAGE][PASSED] - Object: 'Object Repository/Assignment/Data_Driven_Testing/Saucedemo_Login/Page_Swag Labs/div_Password for all userssecret_sauce' is clicked on

2023-06-09 15:57:14 - [TEST_STEP][PASSED] - setText(findTestObject("Object Repository/Assignment/Data_Driven_Testing/Saucedemo_Login/Page_Swag Labs/input_Swag Labs_password"), Password): Text 'secret_sauce' is set on object 'Object Repository/Assignment/Data_Driven_Testing/Saucedemo_Login/Page_Swag Labs/input_Swag Labs_password'

2023-06-09 15:57:15 - [MESSAGE][PASSED] - Text 'secret_sauce' is set on object 'Object Repository/Assignment/Data_Driven_Testing/Saucedemo_Login/Page_Swag Labs/input_Swag Labs_password'

2023-06-09 15:57:15 - [TEST_STEP][PASSED] - click(findTestObject("Object Repository/Assignment/Data_Driven_Testing/Saucedemo_Login/Page_Swag Labs/input_Swag Labs_login-button")): Object: 'Object Repository/Assignment/Data_Driven_Testing/Saucedemo_Login/Page_Swag Labs/input_Swag Labs_login-button' is clicked on

2023-06-09 15:57:15 - [MESSAGE][PASSED] - Object: 'Object Repository/Assignment/Data_Driven_Testing/Saucedemo_Login/Page_Swag Labs/input_Swag Labs_login-button' is clicked on

2023-06-09 15:57:15 - [TEST_STEP][PASSED] - delay(3): Delayed 3 second(s)

2023-06-09 15:57:18 - [MESSAGE][PASSED] - Delayed 3 second(s)

2023-06-09 15:57:18 - [TEST_STEP][PASSED] - Start listener action : sampleAfterTestCase: Browser is closed

2023-06-09 15:57:18 - [TEST_STEP][PASSED] - closeBrowser(): Browser is closed

2023-06-09 15:57:18 - [MESSAGE][PASSED] - Browser is closed]]></system-out>
         <system-err><![CDATA[]]></system-err>
      </testcase>
      <testcase name="Test Cases/Final_Assignment/Saucedemo/Saucedemo_Login_Data" time="7.6" classname="Test Cases/Final_Assignment/Saucedemo/Saucedemo_Login_Data" status="PASSED">
         <system-out><![CDATA[2023-06-09 15:57:18 - [TEST_CASE][PASSED] - Test Cases/Final_Assignment/Saucedemo/Saucedemo_Login_Data: Test Cases/Final_Assignment/Saucedemo/Saucedemo_Login_Data

2023-06-09 15:57:18 - [TEST_STEP][PASSED] - Start listener action : sampleBeforeTestCase: Navigate to 'https://www.saucedemo.com/' successfully

2023-06-09 15:57:18 - [TEST_STEP][PASSED] - openBrowser(""): Browser is opened with url: ''

2023-06-09 15:57:18 - [MESSAGE][INFO] - Starting 'Chrome' driver

2023-06-09 15:57:18 - [MESSAGE][INFO] - Action delay is set to 0 milliseconds

2023-06-09 15:57:18 - [MESSAGE][PASSED] - Browser is opened with url: ''

2023-06-09 15:57:18 - [TEST_STEP][PASSED] - navigateToUrl(Saucedemo): Navigate to 'https://www.saucedemo.com/' successfully

2023-06-09 15:57:19 - [MESSAGE][PASSED] - Navigate to 'https://www.saucedemo.com/' successfully

2023-06-09 15:57:19 - [TEST_STEP][PASSED] - click(findTestObject("Object Repository/Assignment/Data_Driven_Testing/Saucedemo_Login/Page_Swag Labs/input_Swag Labs_user-name")): Object: 'Object Repository/Assignment/Data_Driven_Testing/Saucedemo_Login/Page_Swag Labs/input_Swag Labs_user-name' is clicked on

2023-06-09 15:57:19 - [MESSAGE][PASSED] - Object: 'Object Repository/Assignment/Data_Driven_Testing/Saucedemo_Login/Page_Swag Labs/input_Swag Labs_user-name' is clicked on

2023-06-09 15:57:19 - [TEST_STEP][PASSED] - click(findTestObject("Object Repository/Assignment/Data_Driven_Testing/Saucedemo_Login/Page_Swag Labs/div_Accepted usernames arestandard_userlock_0ab16f")): Object: 'Object Repository/Assignment/Data_Driven_Testing/Saucedemo_Login/Page_Swag Labs/div_Accepted usernames arestandard_userlock_0ab16f' is clicked on

2023-06-09 15:57:20 - [MESSAGE][PASSED] - Object: 'Object Repository/Assignment/Data_Driven_Testing/Saucedemo_Login/Page_Swag Labs/div_Accepted usernames arestandard_userlock_0ab16f' is clicked on

2023-06-09 15:57:20 - [TEST_STEP][PASSED] - setText(findTestObject("Object Repository/Assignment/Data_Driven_Testing/Saucedemo_Login/Page_Swag Labs/input_Swag Labs_user-name"), Username): Text 'locked_out_user' is set on object 'Object Repository/Assignment/Data_Driven_Testing/Saucedemo_Login/Page_Swag Labs/input_Swag Labs_user-name'

2023-06-09 15:57:21 - [MESSAGE][PASSED] - Text 'locked_out_user' is set on object 'Object Repository/Assignment/Data_Driven_Testing/Saucedemo_Login/Page_Swag Labs/input_Swag Labs_user-name'

2023-06-09 15:57:21 - [TEST_STEP][PASSED] - click(findTestObject("Object Repository/Assignment/Data_Driven_Testing/Saucedemo_Login/Page_Swag Labs/div_Password for all userssecret_sauce")): Object: 'Object Repository/Assignment/Data_Driven_Testing/Saucedemo_Login/Page_Swag Labs/div_Password for all userssecret_sauce' is clicked on

2023-06-09 15:57:21 - [MESSAGE][PASSED] - Object: 'Object Repository/Assignment/Data_Driven_Testing/Saucedemo_Login/Page_Swag Labs/div_Password for all userssecret_sauce' is clicked on

2023-06-09 15:57:21 - [TEST_STEP][PASSED] - setText(findTestObject("Object Repository/Assignment/Data_Driven_Testing/Saucedemo_Login/Page_Swag Labs/input_Swag Labs_password"), Password): Text 'secret_sauce' is set on object 'Object Repository/Assignment/Data_Driven_Testing/Saucedemo_Login/Page_Swag Labs/input_Swag Labs_password'

2023-06-09 15:57:22 - [MESSAGE][PASSED] - Text 'secret_sauce' is set on object 'Object Repository/Assignment/Data_Driven_Testing/Saucedemo_Login/Page_Swag Labs/input_Swag Labs_password'

2023-06-09 15:57:22 - [TEST_STEP][PASSED] - click(findTestObject("Object Repository/Assignment/Data_Driven_Testing/Saucedemo_Login/Page_Swag Labs/input_Swag Labs_login-button")): Object: 'Object Repository/Assignment/Data_Driven_Testing/Saucedemo_Login/Page_Swag Labs/input_Swag Labs_login-button' is clicked on

2023-06-09 15:57:23 - [MESSAGE][PASSED] - Object: 'Object Repository/Assignment/Data_Driven_Testing/Saucedemo_Login/Page_Swag Labs/input_Swag Labs_login-button' is clicked on

2023-06-09 15:57:23 - [TEST_STEP][PASSED] - delay(3): Delayed 3 second(s)

2023-06-09 15:57:26 - [MESSAGE][PASSED] - Delayed 3 second(s)

2023-06-09 15:57:26 - [TEST_STEP][PASSED] - Start listener action : sampleAfterTestCase: Browser is closed

2023-06-09 15:57:26 - [TEST_STEP][PASSED] - closeBrowser(): Browser is closed

2023-06-09 15:57:26 - [MESSAGE][PASSED] - Browser is closed]]></system-out>
         <system-err><![CDATA[]]></system-err>
      </testcase>
      <testcase name="Test Cases/Final_Assignment/Saucedemo/Saucedemo_Login_Data" time="7.561" classname="Test Cases/Final_Assignment/Saucedemo/Saucedemo_Login_Data" status="PASSED">
         <system-out><![CDATA[2023-06-09 15:57:26 - [TEST_CASE][PASSED] - Test Cases/Final_Assignment/Saucedemo/Saucedemo_Login_Data: Test Cases/Final_Assignment/Saucedemo/Saucedemo_Login_Data

2023-06-09 15:57:26 - [TEST_STEP][PASSED] - Start listener action : sampleBeforeTestCase: Navigate to 'https://www.saucedemo.com/' successfully

2023-06-09 15:57:26 - [TEST_STEP][PASSED] - openBrowser(""): Browser is opened with url: ''

2023-06-09 15:57:26 - [MESSAGE][INFO] - Starting 'Chrome' driver

2023-06-09 15:57:26 - [MESSAGE][INFO] - Action delay is set to 0 milliseconds

2023-06-09 15:57:26 - [MESSAGE][PASSED] - Browser is opened with url: ''

2023-06-09 15:57:26 - [TEST_STEP][PASSED] - navigateToUrl(Saucedemo): Navigate to 'https://www.saucedemo.com/' successfully

2023-06-09 15:57:27 - [MESSAGE][PASSED] - Navigate to 'https://www.saucedemo.com/' successfully

2023-06-09 15:57:27 - [TEST_STEP][PASSED] - click(findTestObject("Object Repository/Assignment/Data_Driven_Testing/Saucedemo_Login/Page_Swag Labs/input_Swag Labs_user-name")): Object: 'Object Repository/Assignment/Data_Driven_Testing/Saucedemo_Login/Page_Swag Labs/input_Swag Labs_user-name' is clicked on

2023-06-09 15:57:27 - [MESSAGE][PASSED] - Object: 'Object Repository/Assignment/Data_Driven_Testing/Saucedemo_Login/Page_Swag Labs/input_Swag Labs_user-name' is clicked on

2023-06-09 15:57:27 - [TEST_STEP][PASSED] - click(findTestObject("Object Repository/Assignment/Data_Driven_Testing/Saucedemo_Login/Page_Swag Labs/div_Accepted usernames arestandard_userlock_0ab16f")): Object: 'Object Repository/Assignment/Data_Driven_Testing/Saucedemo_Login/Page_Swag Labs/div_Accepted usernames arestandard_userlock_0ab16f' is clicked on

2023-06-09 15:57:28 - [MESSAGE][PASSED] - Object: 'Object Repository/Assignment/Data_Driven_Testing/Saucedemo_Login/Page_Swag Labs/div_Accepted usernames arestandard_userlock_0ab16f' is clicked on

2023-06-09 15:57:28 - [TEST_STEP][PASSED] - setText(findTestObject("Object Repository/Assignment/Data_Driven_Testing/Saucedemo_Login/Page_Swag Labs/input_Swag Labs_user-name"), Username): Text 'problem_user' is set on object 'Object Repository/Assignment/Data_Driven_Testing/Saucedemo_Login/Page_Swag Labs/input_Swag Labs_user-name'

2023-06-09 15:57:28 - [MESSAGE][PASSED] - Text 'problem_user' is set on object 'Object Repository/Assignment/Data_Driven_Testing/Saucedemo_Login/Page_Swag Labs/input_Swag Labs_user-name'

2023-06-09 15:57:28 - [TEST_STEP][PASSED] - click(findTestObject("Object Repository/Assignment/Data_Driven_Testing/Saucedemo_Login/Page_Swag Labs/div_Password for all userssecret_sauce")): Object: 'Object Repository/Assignment/Data_Driven_Testing/Saucedemo_Login/Page_Swag Labs/div_Password for all userssecret_sauce' is clicked on

2023-06-09 15:57:29 - [MESSAGE][PASSED] - Object: 'Object Repository/Assignment/Data_Driven_Testing/Saucedemo_Login/Page_Swag Labs/div_Password for all userssecret_sauce' is clicked on

2023-06-09 15:57:29 - [TEST_STEP][PASSED] - setText(findTestObject("Object Repository/Assignment/Data_Driven_Testing/Saucedemo_Login/Page_Swag Labs/input_Swag Labs_password"), Password): Text 'secret_sauce' is set on object 'Object Repository/Assignment/Data_Driven_Testing/Saucedemo_Login/Page_Swag Labs/input_Swag Labs_password'

2023-06-09 15:57:30 - [MESSAGE][PASSED] - Text 'secret_sauce' is set on object 'Object Repository/Assignment/Data_Driven_Testing/Saucedemo_Login/Page_Swag Labs/input_Swag Labs_password'

2023-06-09 15:57:30 - [TEST_STEP][PASSED] - click(findTestObject("Object Repository/Assignment/Data_Driven_Testing/Saucedemo_Login/Page_Swag Labs/input_Swag Labs_login-button")): Object: 'Object Repository/Assignment/Data_Driven_Testing/Saucedemo_Login/Page_Swag Labs/input_Swag Labs_login-button' is clicked on

2023-06-09 15:57:30 - [MESSAGE][PASSED] - Object: 'Object Repository/Assignment/Data_Driven_Testing/Saucedemo_Login/Page_Swag Labs/input_Swag Labs_login-button' is clicked on

2023-06-09 15:57:30 - [TEST_STEP][PASSED] - delay(3): Delayed 3 second(s)

2023-06-09 15:57:33 - [MESSAGE][PASSED] - Delayed 3 second(s)

2023-06-09 15:57:33 - [TEST_STEP][PASSED] - Start listener action : sampleAfterTestCase: Browser is closed

2023-06-09 15:57:33 - [TEST_STEP][PASSED] - closeBrowser(): Browser is closed

2023-06-09 15:57:33 - [MESSAGE][PASSED] - Browser is closed]]></system-out>
         <system-err><![CDATA[]]></system-err>
      </testcase>
      <testcase name="Test Cases/Final_Assignment/Saucedemo/Saucedemo_Login_Data" time="12.533" classname="Test Cases/Final_Assignment/Saucedemo/Saucedemo_Login_Data" status="PASSED">
         <system-out><![CDATA[2023-06-09 15:57:33 - [TEST_CASE][PASSED] - Test Cases/Final_Assignment/Saucedemo/Saucedemo_Login_Data: Test Cases/Final_Assignment/Saucedemo/Saucedemo_Login_Data

2023-06-09 15:57:33 - [TEST_STEP][PASSED] - Start listener action : sampleBeforeTestCase: Navigate to 'https://www.saucedemo.com/' successfully

2023-06-09 15:57:33 - [TEST_STEP][PASSED] - openBrowser(""): Browser is opened with url: ''

2023-06-09 15:57:33 - [MESSAGE][INFO] - Starting 'Chrome' driver

2023-06-09 15:57:33 - [MESSAGE][INFO] - Action delay is set to 0 milliseconds

2023-06-09 15:57:34 - [MESSAGE][PASSED] - Browser is opened with url: ''

2023-06-09 15:57:34 - [TEST_STEP][PASSED] - navigateToUrl(Saucedemo): Navigate to 'https://www.saucedemo.com/' successfully

2023-06-09 15:57:34 - [MESSAGE][PASSED] - Navigate to 'https://www.saucedemo.com/' successfully

2023-06-09 15:57:34 - [TEST_STEP][PASSED] - click(findTestObject("Object Repository/Assignment/Data_Driven_Testing/Saucedemo_Login/Page_Swag Labs/input_Swag Labs_user-name")): Object: 'Object Repository/Assignment/Data_Driven_Testing/Saucedemo_Login/Page_Swag Labs/input_Swag Labs_user-name' is clicked on

2023-06-09 15:57:35 - [MESSAGE][PASSED] - Object: 'Object Repository/Assignment/Data_Driven_Testing/Saucedemo_Login/Page_Swag Labs/input_Swag Labs_user-name' is clicked on

2023-06-09 15:57:35 - [TEST_STEP][PASSED] - click(findTestObject("Object Repository/Assignment/Data_Driven_Testing/Saucedemo_Login/Page_Swag Labs/div_Accepted usernames arestandard_userlock_0ab16f")): Object: 'Object Repository/Assignment/Data_Driven_Testing/Saucedemo_Login/Page_Swag Labs/div_Accepted usernames arestandard_userlock_0ab16f' is clicked on

2023-06-09 15:57:35 - [MESSAGE][PASSED] - Object: 'Object Repository/Assignment/Data_Driven_Testing/Saucedemo_Login/Page_Swag Labs/div_Accepted usernames arestandard_userlock_0ab16f' is clicked on

2023-06-09 15:57:35 - [TEST_STEP][PASSED] - setText(findTestObject("Object Repository/Assignment/Data_Driven_Testing/Saucedemo_Login/Page_Swag Labs/input_Swag Labs_user-name"), Username): Text 'performance_glitch_user' is set on object 'Object Repository/Assignment/Data_Driven_Testing/Saucedemo_Login/Page_Swag Labs/input_Swag Labs_user-name'

2023-06-09 15:57:36 - [MESSAGE][PASSED] - Text 'performance_glitch_user' is set on object 'Object Repository/Assignment/Data_Driven_Testing/Saucedemo_Login/Page_Swag Labs/input_Swag Labs_user-name'

2023-06-09 15:57:36 - [TEST_STEP][PASSED] - click(findTestObject("Object Repository/Assignment/Data_Driven_Testing/Saucedemo_Login/Page_Swag Labs/div_Password for all userssecret_sauce")): Object: 'Object Repository/Assignment/Data_Driven_Testing/Saucedemo_Login/Page_Swag Labs/div_Password for all userssecret_sauce' is clicked on

2023-06-09 15:57:36 - [MESSAGE][PASSED] - Object: 'Object Repository/Assignment/Data_Driven_Testing/Saucedemo_Login/Page_Swag Labs/div_Password for all userssecret_sauce' is clicked on

2023-06-09 15:57:36 - [TEST_STEP][PASSED] - setText(findTestObject("Object Repository/Assignment/Data_Driven_Testing/Saucedemo_Login/Page_Swag Labs/input_Swag Labs_password"), Password): Text 'secret_sauce' is set on object 'Object Repository/Assignment/Data_Driven_Testing/Saucedemo_Login/Page_Swag Labs/input_Swag Labs_password'

2023-06-09 15:57:37 - [MESSAGE][PASSED] - Text 'secret_sauce' is set on object 'Object Repository/Assignment/Data_Driven_Testing/Saucedemo_Login/Page_Swag Labs/input_Swag Labs_password'

2023-06-09 15:57:37 - [TEST_STEP][PASSED] - click(findTestObject("Object Repository/Assignment/Data_Driven_Testing/Saucedemo_Login/Page_Swag Labs/input_Swag Labs_login-button")): Object: 'Object Repository/Assignment/Data_Driven_Testing/Saucedemo_Login/Page_Swag Labs/input_Swag Labs_login-button' is clicked on

2023-06-09 15:57:43 - [MESSAGE][PASSED] - Object: 'Object Repository/Assignment/Data_Driven_Testing/Saucedemo_Login/Page_Swag Labs/input_Swag Labs_login-button' is clicked on

2023-06-09 15:57:43 - [TEST_STEP][PASSED] - delay(3): Delayed 3 second(s)

2023-06-09 15:57:46 - [MESSAGE][PASSED] - Delayed 3 second(s)

2023-06-09 15:57:46 - [TEST_STEP][PASSED] - Start listener action : sampleAfterTestCase: Browser is closed

2023-06-09 15:57:46 - [TEST_STEP][PASSED] - closeBrowser(): Browser is closed

2023-06-09 15:57:46 - [MESSAGE][PASSED] - Browser is closed]]></system-out>
         <system-err><![CDATA[]]></system-err>
      </testcase>
      <system-out><![CDATA[2023-06-09 15:57:09 - [TEST_SUITE][PASSED] - Saucedemo_Login: Test Cases/Final_Assignment/Saucedemo/Saucedemo_Login_Data]]></system-out>
      <system-err><![CDATA[]]></system-err>
   </testsuite>
</testsuites>
