<?xml version="1.0" encoding="UTF-8"?>
<testsuites name="Testing" time="58.737" tests="2" failures="0" errors="0">
   <testsuite name="Saucedemo" tests="2" failures="0" errors="0" time="56.785" skipped="0" timestamp="2023-06-07 14:45:23" hostname="kunj - SF-CPU-579" id="Test Suites/Saucedemo">
      <properties>
         <property name="deviceName" value=""/>
         <property name="devicePlatform" value=""/>
         <property name="logFolder" value="/home/kunj/git/KatalonTest/Reports/20230607_144519/Saucedemo/20230607_144520"/>
         <property name="logFiles" value="/home/kunj/git/KatalonTest/Reports/20230607_144519/Saucedemo/20230607_144520/execution0.log"/>
         <property name="attachments" value=""/>
         <property name="hostName" value="kunj - SF-CPU-579"/>
         <property name="os" value="Linux 64bit"/>
         <property name="katalonVersion" value="8.6.5.208"/>
         <property name="browser" value="Chrome 110.0.0.0"/>
         <property name="hostAddress" value="127.0.1.1"/>
         <property name="sessionId" value="d335c0c044efecdcc5c9ae6ecfccffde"/>
         <property name="seleniumVersion" value="3.141.59"/>
         <property name="proxyInformation" value="ProxyInformation { proxyOption=NO_PROXY, proxyServerType=HTTP, username=, password=********, proxyServerAddress=, proxyServerPort=0, executionList=&quot;&quot;, isApplyToDesiredCapabilities=true }"/>
         <property name="platform" value="Linux"/>
      </properties>
      <testcase name="Test Cases/Day-2/Saucedemo/Saucedemo_Request_Demosite" time="45.118" classname="Test Cases/Day-2/Saucedemo/Saucedemo_Request_Demosite" status="PASSED">
         <system-out><![CDATA[2023-06-07 14:45:23 - [TEST_CASE][PASSED] - Test Cases/Day-2/Saucedemo/Saucedemo_Request_Demosite: Test Cases/Day-2/Saucedemo/Saucedemo_Request_Demosite

2023-06-07 14:45:23 - [TEST_STEP][PASSED] - Start listener action : sampleBeforeTestCase: Navigate to 'https://www.saucedemo.com/' successfully

2023-06-07 14:45:23 - [TEST_STEP][PASSED] - openBrowser(""): Browser is opened with url: ''

2023-06-07 14:45:24 - [MESSAGE][INFO] - Starting 'Chrome' driver

2023-06-07 14:45:24 - [MESSAGE][INFO] - Action delay is set to 0 milliseconds

2023-06-07 14:45:25 - [MESSAGE][PASSED] - Browser is opened with url: ''

2023-06-07 14:45:25 - [TEST_STEP][PASSED] - navigateToUrl(Saucedemo): Navigate to 'https://www.saucedemo.com/' successfully

2023-06-07 14:45:25 - [MESSAGE][PASSED] - Navigate to 'https://www.saucedemo.com/' successfully

2023-06-07 14:45:25 - [TEST_STEP][PASSED] - openBrowser(""): Browser is opened with url: ''

2023-06-07 14:45:25 - [MESSAGE][WARNING] - A browser is already opened. Closing browser and opening a new one

2023-06-07 14:45:25 - [MESSAGE][INFO] - Starting 'Chrome' driver

2023-06-07 14:45:25 - [MESSAGE][INFO] - Action delay is set to 0 milliseconds

2023-06-07 14:45:26 - [MESSAGE][PASSED] - Browser is opened with url: ''

2023-06-07 14:45:26 - [TEST_STEP][PASSED] - navigateToUrl(Saucedemo): Navigate to 'https://www.saucedemo.com/' successfully

2023-06-07 14:45:26 - [MESSAGE][PASSED] - Navigate to 'https://www.saucedemo.com/' successfully

2023-06-07 14:45:26 - [TEST_STEP][PASSED] - com.Saucedemo_Login.Login(): com.Saucedemo_Login.Login is PASSED

2023-06-07 14:45:27 - [MESSAGE][PASSED] - Text 'standard_user' is set on object 'Object Repository/Day-2/SauceDemo/Page_Swag Labs/input_Swag Labs_user-name'

2023-06-07 14:45:28 - [MESSAGE][PASSED] - Text ****** has been set on object 'Object Repository/Day-2/SauceDemo/Page_Swag Labs/input_Swag Labs_password'

2023-06-07 14:45:28 - [MESSAGE][PASSED] - Object: 'Object Repository/Day-2/SauceDemo/Page_Swag Labs/input_Swag Labs_login-button' is clicked on

2023-06-07 14:45:28 - [MESSAGE][PASSED] - com.Saucedemo_Login.Login is PASSED

2023-06-07 14:45:28 - [TEST_STEP][PASSED] - click(findTestObject("Object Repository/Day-2/SauceDemo/Page_Swag Labs/button_Open Menu")): Object: 'Object Repository/Day-2/SauceDemo/Page_Swag Labs/button_Open Menu' is clicked on

2023-06-07 14:45:29 - [MESSAGE][PASSED] - Object: 'Object Repository/Day-2/SauceDemo/Page_Swag Labs/button_Open Menu' is clicked on

2023-06-07 14:45:29 - [TEST_STEP][PASSED] - click(findTestObject("Object Repository/Day-2/SauceDemo/Page_Swag Labs/a_About")): Object: 'Object Repository/Day-2/SauceDemo/Page_Swag Labs/a_About' is clicked on

2023-06-07 14:45:42 - [MESSAGE][PASSED] - Object: 'Object Repository/Day-2/SauceDemo/Page_Swag Labs/a_About' is clicked on

2023-06-07 14:45:42 - [TEST_STEP][PASSED] - click(findTestObject("Object Repository/Day-2/SauceDemo/Page_Sauce Labs Cross Browser Testing, Sele_e8ee84/button_Request a demo")): Object: 'Object Repository/Day-2/SauceDemo/Page_Sauce Labs Cross Browser Testing, Sele_e8ee84/button_Request a demo' is clicked on

2023-06-07 14:45:44 - [MESSAGE][PASSED] - Object: 'Object Repository/Day-2/SauceDemo/Page_Sauce Labs Cross Browser Testing, Sele_e8ee84/button_Request a demo' is clicked on

2023-06-07 14:45:44 - [TEST_STEP][PASSED] - setText(findTestObject("Day-2/SauceDemo/Page_Request a Sauce Labs Demo/input__FirstName"), "kunj"): Text 'kunj' is set on object 'Object Repository/Day-2/SauceDemo/Page_Request a Sauce Labs Demo/input__FirstName'

2023-06-07 14:45:53 - [MESSAGE][PASSED] - Text 'kunj' is set on object 'Object Repository/Day-2/SauceDemo/Page_Request a Sauce Labs Demo/input__FirstName'

2023-06-07 14:45:53 - [TEST_STEP][PASSED] - setText(findTestObject("Object Repository/Day-2/SauceDemo/Page_Request a Sauce Labs Demo/input__LastName"), "patel"): Text 'patel' is set on object 'Object Repository/Day-2/SauceDemo/Page_Request a Sauce Labs Demo/input__LastName'

2023-06-07 14:45:54 - [MESSAGE][PASSED] - Text 'patel' is set on object 'Object Repository/Day-2/SauceDemo/Page_Request a Sauce Labs Demo/input__LastName'

2023-06-07 14:45:54 - [TEST_STEP][PASSED] - setText(findTestObject("Object Repository/Day-2/SauceDemo/Page_Request a Sauce Labs Demo/input__Email"), "kunjpt2002@gmail.com"): Text 'kunjpt2002@gmail.com' is set on object 'Object Repository/Day-2/SauceDemo/Page_Request a Sauce Labs Demo/input__Email'

2023-06-07 14:45:55 - [MESSAGE][PASSED] - Text 'kunjpt2002@gmail.com' is set on object 'Object Repository/Day-2/SauceDemo/Page_Request a Sauce Labs Demo/input__Email'

2023-06-07 14:45:55 - [TEST_STEP][PASSED] - setText(findTestObject("Object Repository/Day-2/SauceDemo/Page_Request a Sauce Labs Demo/input__Company"), "simform"): Text 'simform' is set on object 'Object Repository/Day-2/SauceDemo/Page_Request a Sauce Labs Demo/input__Company'

2023-06-07 14:45:56 - [MESSAGE][PASSED] - Text 'simform' is set on object 'Object Repository/Day-2/SauceDemo/Page_Request a Sauce Labs Demo/input__Company'

2023-06-07 14:45:56 - [TEST_STEP][PASSED] - selectOptionByValue(findTestObject("Object Repository/Day-2/SauceDemo/Page_Request a Sauce Labs Demo/select_Select.AfghanistanAlbaniaAlgeriaAndo_2e5989"), "India", true): All options with value 'India' are selected in object 'Object Repository/Day-2/SauceDemo/Page_Request a Sauce Labs Demo/select_Select.AfghanistanAlbaniaAlgeriaAndo_2e5989'  using regular expression

2023-06-07 14:45:59 - [MESSAGE][PASSED] - All options with value 'India' are selected in object 'Object Repository/Day-2/SauceDemo/Page_Request a Sauce Labs Demo/select_Select.AfghanistanAlbaniaAlgeriaAndo_2e5989'  using regular expression

2023-06-07 14:45:59 - [TEST_STEP][PASSED] - setText(findTestObject("Object Repository/Day-2/SauceDemo/Page_Request a Sauce Labs Demo/input__Phone"), "1234567890"): Text '1234567890' is set on object 'Object Repository/Day-2/SauceDemo/Page_Request a Sauce Labs Demo/input__Phone'

2023-06-07 14:46:00 - [MESSAGE][PASSED] - Text '1234567890' is set on object 'Object Repository/Day-2/SauceDemo/Page_Request a Sauce Labs Demo/input__Phone'

2023-06-07 14:46:00 - [TEST_STEP][PASSED] - selectOptionByValue(findTestObject("Object Repository/Day-2/SauceDemo/Page_Request a Sauce Labs Demo/select_Select.Sauce Cross-BrowserSauce Mobi_6b7086"), "Cross-Browser Testing", true): All options with value 'Cross-Browser Testing' are selected in object 'Object Repository/Day-2/SauceDemo/Page_Request a Sauce Labs Demo/select_Select.Sauce Cross-BrowserSauce Mobi_6b7086'  using regular expression

2023-06-07 14:46:02 - [MESSAGE][PASSED] - All options with value 'Cross-Browser Testing' are selected in object 'Object Repository/Day-2/SauceDemo/Page_Request a Sauce Labs Demo/select_Select.Sauce Cross-BrowserSauce Mobi_6b7086'  using regular expression

2023-06-07 14:46:02 - [TEST_STEP][PASSED] - setText(findTestObject("Object Repository/Day-2/SauceDemo/Page_Request a Sauce Labs Demo/textarea__Sales_Contact_Comments__c"), "none"): Text 'none' is set on object 'Object Repository/Day-2/SauceDemo/Page_Request a Sauce Labs Demo/textarea__Sales_Contact_Comments__c'

2023-06-07 14:46:03 - [MESSAGE][PASSED] - Text 'none' is set on object 'Object Repository/Day-2/SauceDemo/Page_Request a Sauce Labs Demo/textarea__Sales_Contact_Comments__c'

2023-06-07 14:46:03 - [TEST_STEP][PASSED] - click(findTestObject("Object Repository/Day-2/SauceDemo/Page_Request a Sauce Labs Demo/label_Please check this box if youd like to_15e628")): Object: 'Object Repository/Day-2/SauceDemo/Page_Request a Sauce Labs Demo/label_Please check this box if youd like to_15e628' is clicked on

2023-06-07 14:46:03 - [MESSAGE][PASSED] - Object: 'Object Repository/Day-2/SauceDemo/Page_Request a Sauce Labs Demo/label_Please check this box if youd like to_15e628' is clicked on

2023-06-07 14:46:03 - [TEST_STEP][PASSED] - click(findTestObject("Object Repository/Day-2/SauceDemo/Page_Request a Sauce Labs Demo/button_Submit")): Object: 'Object Repository/Day-2/SauceDemo/Page_Request a Sauce Labs Demo/button_Submit' is clicked on

2023-06-07 14:46:04 - [MESSAGE][PASSED] - Object: 'Object Repository/Day-2/SauceDemo/Page_Request a Sauce Labs Demo/button_Submit' is clicked on

2023-06-07 14:46:04 - [TEST_STEP][PASSED] - click(findTestObject("Object Repository/Day-2/SauceDemo/Page_Request a Sauce Labs Demo/span_Company details")): Object: 'Object Repository/Day-2/SauceDemo/Page_Request a Sauce Labs Demo/span_Company details' is clicked on

2023-06-07 14:46:07 - [MESSAGE][PASSED] - Object: 'Object Repository/Day-2/SauceDemo/Page_Request a Sauce Labs Demo/span_Company details' is clicked on

2023-06-07 14:46:07 - [TEST_STEP][PASSED] - setText(findTestObject("Object Repository/Day-2/SauceDemo/Page_Request a Sauce Labs Demo/input__Email"), "kunj.k@simformsolutions.com"): Text 'kunj.k@simformsolutions.com' is set on object 'Object Repository/Day-2/SauceDemo/Page_Request a Sauce Labs Demo/input__Email'

2023-06-07 14:46:08 - [MESSAGE][PASSED] - Text 'kunj.k@simformsolutions.com' is set on object 'Object Repository/Day-2/SauceDemo/Page_Request a Sauce Labs Demo/input__Email'

2023-06-07 14:46:08 - [TEST_STEP][PASSED] - click(findTestObject("Object Repository/Day-2/SauceDemo/Page_Request a Sauce Labs Demo/button_Submit")): Object: 'Object Repository/Day-2/SauceDemo/Page_Request a Sauce Labs Demo/button_Submit' is clicked on

2023-06-07 14:46:08 - [MESSAGE][PASSED] - Object: 'Object Repository/Day-2/SauceDemo/Page_Request a Sauce Labs Demo/button_Submit' is clicked on

2023-06-07 14:46:08 - [TEST_STEP][PASSED] - closeBrowser(): Browser is closed

2023-06-07 14:46:08 - [MESSAGE][PASSED] - Browser is closed

2023-06-07 14:46:08 - [TEST_STEP][PASSED] - Start listener action : sampleAfterTestCase: Browser is closed

2023-06-07 14:46:08 - [TEST_STEP][PASSED] - closeBrowser(): Browser is closed

2023-06-07 14:46:08 - [MESSAGE][PASSED] - Browser is closed]]></system-out>
         <system-err><![CDATA[]]></system-err>
      </testcase>
      <testcase name="Test Cases/Day-2/Saucedemo/Saucedemo_Addtocart" time="11.511" classname="Test Cases/Day-2/Saucedemo/Saucedemo_Addtocart" status="PASSED">
         <system-out><![CDATA[2023-06-07 14:46:08 - [TEST_CASE][PASSED] - Test Cases/Day-2/Saucedemo/Saucedemo_Addtocart: Test Cases/Day-2/Saucedemo/Saucedemo_Addtocart

2023-06-07 14:46:08 - [TEST_STEP][PASSED] - Start listener action : sampleBeforeTestCase: Navigate to 'https://www.saucedemo.com/' successfully

2023-06-07 14:46:08 - [TEST_STEP][PASSED] - openBrowser(""): Browser is opened with url: ''

2023-06-07 14:46:08 - [MESSAGE][INFO] - Starting 'Chrome' driver

2023-06-07 14:46:08 - [MESSAGE][INFO] - Action delay is set to 0 milliseconds

2023-06-07 14:46:09 - [MESSAGE][PASSED] - Browser is opened with url: ''

2023-06-07 14:46:09 - [TEST_STEP][PASSED] - navigateToUrl(Saucedemo): Navigate to 'https://www.saucedemo.com/' successfully

2023-06-07 14:46:09 - [MESSAGE][PASSED] - Navigate to 'https://www.saucedemo.com/' successfully

2023-06-07 14:46:10 - [TEST_STEP][PASSED] - openBrowser(""): Browser is opened with url: ''

2023-06-07 14:46:10 - [MESSAGE][WARNING] - A browser is already opened. Closing browser and opening a new one

2023-06-07 14:46:10 - [MESSAGE][INFO] - Starting 'Chrome' driver

2023-06-07 14:46:10 - [MESSAGE][INFO] - Action delay is set to 0 milliseconds

2023-06-07 14:46:10 - [MESSAGE][PASSED] - Browser is opened with url: ''

2023-06-07 14:46:10 - [TEST_STEP][PASSED] - navigateToUrl(Saucedemo): Navigate to 'https://www.saucedemo.com/' successfully

2023-06-07 14:46:11 - [MESSAGE][PASSED] - Navigate to 'https://www.saucedemo.com/' successfully

2023-06-07 14:46:11 - [TEST_STEP][PASSED] - com.Saucedemo_Login.Login(): com.Saucedemo_Login.Login is PASSED

2023-06-07 14:46:12 - [MESSAGE][PASSED] - Text 'standard_user' is set on object 'Object Repository/Day-2/SauceDemo/Page_Swag Labs/input_Swag Labs_user-name'

2023-06-07 14:46:12 - [MESSAGE][PASSED] - Text ****** has been set on object 'Object Repository/Day-2/SauceDemo/Page_Swag Labs/input_Swag Labs_password'

2023-06-07 14:46:12 - [MESSAGE][PASSED] - Object: 'Object Repository/Day-2/SauceDemo/Page_Swag Labs/input_Swag Labs_login-button' is clicked on

2023-06-07 14:46:12 - [MESSAGE][PASSED] - com.Saucedemo_Login.Login is PASSED

2023-06-07 14:46:12 - [TEST_STEP][PASSED] - click(findTestObject("Object Repository/Day-2/SauceDemo/Page_Swag Labs/button_Add to cart")): Object: 'Object Repository/Day-2/SauceDemo/Page_Swag Labs/button_Add to cart' is clicked on

2023-06-07 14:46:13 - [MESSAGE][PASSED] - Object: 'Object Repository/Day-2/SauceDemo/Page_Swag Labs/button_Add to cart' is clicked on

2023-06-07 14:46:13 - [TEST_STEP][PASSED] - click(findTestObject("Object Repository/Day-2/SauceDemo/Page_Swag Labs/button_Add to cart_1")): Object: 'Object Repository/Day-2/SauceDemo/Page_Swag Labs/button_Add to cart_1' is clicked on

2023-06-07 14:46:14 - [MESSAGE][PASSED] - Object: 'Object Repository/Day-2/SauceDemo/Page_Swag Labs/button_Add to cart_1' is clicked on

2023-06-07 14:46:14 - [TEST_STEP][PASSED] - click(findTestObject("Object Repository/Day-2/SauceDemo/Page_Swag Labs/a_2")): Object: 'Object Repository/Day-2/SauceDemo/Page_Swag Labs/a_2' is clicked on

2023-06-07 14:46:14 - [MESSAGE][PASSED] - Object: 'Object Repository/Day-2/SauceDemo/Page_Swag Labs/a_2' is clicked on

2023-06-07 14:46:14 - [TEST_STEP][PASSED] - click(findTestObject("Object Repository/Day-2/SauceDemo/Page_Swag Labs/button_Remove")): Object: 'Object Repository/Day-2/SauceDemo/Page_Swag Labs/button_Remove' is clicked on

2023-06-07 14:46:15 - [MESSAGE][PASSED] - Object: 'Object Repository/Day-2/SauceDemo/Page_Swag Labs/button_Remove' is clicked on

2023-06-07 14:46:15 - [TEST_STEP][PASSED] - click(findTestObject("Object Repository/Day-2/SauceDemo/Page_Swag Labs/button_Checkout")): Object: 'Object Repository/Day-2/SauceDemo/Page_Swag Labs/button_Checkout' is clicked on

2023-06-07 14:46:15 - [MESSAGE][PASSED] - Object: 'Object Repository/Day-2/SauceDemo/Page_Swag Labs/button_Checkout' is clicked on

2023-06-07 14:46:15 - [TEST_STEP][PASSED] - setText(findTestObject("Object Repository/Day-2/SauceDemo/Page_Swag Labs/input_Checkout Your Information_firstName"), Firstname): Text 'Kunj' is set on object 'Object Repository/Day-2/SauceDemo/Page_Swag Labs/input_Checkout Your Information_firstName'

2023-06-07 14:46:16 - [MESSAGE][PASSED] - Text 'Kunj' is set on object 'Object Repository/Day-2/SauceDemo/Page_Swag Labs/input_Checkout Your Information_firstName'

2023-06-07 14:46:16 - [TEST_STEP][PASSED] - setText(findTestObject("Object Repository/Day-2/SauceDemo/Page_Swag Labs/input_Checkout Your Information_lastName"), Lastname): Text 'Patel' is set on object 'Object Repository/Day-2/SauceDemo/Page_Swag Labs/input_Checkout Your Information_lastName'

2023-06-07 14:46:17 - [MESSAGE][PASSED] - Text 'Patel' is set on object 'Object Repository/Day-2/SauceDemo/Page_Swag Labs/input_Checkout Your Information_lastName'

2023-06-07 14:46:17 - [TEST_STEP][PASSED] - setText(findTestObject("Object Repository/Day-2/SauceDemo/Page_Swag Labs/input_Checkout Your Information_postalCode"), Pincode): Text '360004' is set on object 'Object Repository/Day-2/SauceDemo/Page_Swag Labs/input_Checkout Your Information_postalCode'

2023-06-07 14:46:18 - [MESSAGE][PASSED] - Text '360004' is set on object 'Object Repository/Day-2/SauceDemo/Page_Swag Labs/input_Checkout Your Information_postalCode'

2023-06-07 14:46:18 - [TEST_STEP][PASSED] - click(findTestObject("Object Repository/Day-2/SauceDemo/Page_Swag Labs/input_Cancel_continue")): Object: 'Object Repository/Day-2/SauceDemo/Page_Swag Labs/input_Cancel_continue' is clicked on

2023-06-07 14:46:19 - [MESSAGE][PASSED] - Object: 'Object Repository/Day-2/SauceDemo/Page_Swag Labs/input_Cancel_continue' is clicked on

2023-06-07 14:46:19 - [TEST_STEP][PASSED] - click(findTestObject("Object Repository/Day-2/SauceDemo/Page_Swag Labs/button_Finish")): Object: 'Object Repository/Day-2/SauceDemo/Page_Swag Labs/button_Finish' is clicked on

2023-06-07 14:46:19 - [MESSAGE][PASSED] - Object: 'Object Repository/Day-2/SauceDemo/Page_Swag Labs/button_Finish' is clicked on

2023-06-07 14:46:19 - [TEST_STEP][PASSED] - click(findTestObject("Object Repository/Day-2/SauceDemo/Page_Swag Labs/button_Back Home")): Object: 'Object Repository/Day-2/SauceDemo/Page_Swag Labs/button_Back Home' is clicked on

2023-06-07 14:46:20 - [MESSAGE][PASSED] - Object: 'Object Repository/Day-2/SauceDemo/Page_Swag Labs/button_Back Home' is clicked on

2023-06-07 14:46:20 - [TEST_STEP][PASSED] - closeBrowser(): Browser is closed

2023-06-07 14:46:20 - [MESSAGE][PASSED] - Browser is closed

2023-06-07 14:46:20 - [TEST_STEP][PASSED] - Start listener action : sampleAfterTestCase: Browser is closed

2023-06-07 14:46:20 - [TEST_STEP][PASSED] - closeBrowser(): Browser is closed

2023-06-07 14:46:20 - [MESSAGE][PASSED] - Browser is closed]]></system-out>
         <system-err><![CDATA[]]></system-err>
      </testcase>
      <system-out><![CDATA[2023-06-07 14:45:23 - [TEST_SUITE][PASSED] - Saucedemo: Test Cases/Day-2/Saucedemo/Saucedemo_Addtocart]]></system-out>
      <system-err><![CDATA[]]></system-err>
   </testsuite>
</testsuites>
